#
# There is insufficient memory for the Java Runtime Environment to continue.
# Native memory allocation (mmap) failed to map 65536 bytes for Failed to commit metaspace.
# Possible reasons:
#   The system is out of physical RAM or swap space
#   The process is running with CompressedOops enabled, and the Java Heap may be blocking the growth of the native heap
# Possible solutions:
#   Reduce memory load on the system
#   Increase physical memory or swap space
#   Check if swap backing store is full
#   Decrease Java heap size (-Xmx/-Xms)
#   Decrease number of Java threads
#   Decrease Java thread stack sizes (-Xss)
#   Set larger code cache with -XX:ReservedCodeCacheSize=
#   JVM is running with Unscaled Compressed Oops mode in which the Java heap is
#     placed in the first 4GB address space. The Java Heap base address is the
#     maximum limit for the native heap growth. Please use -XX:HeapBaseMinAddress
#     to set the Java Heap base and to place the Java Heap above 4GB virtual address.
# This output file may be truncated or incomplete.
#
#  Out of Memory Error (virtualSpaceNode.cpp:110), pid=5448, tid=7376
#
# JRE version: Java(TM) SE Runtime Environment (17.0.7+8) (build 17.0.7+8-LTS-224)
# Java VM: Java HotSpot(TM) 64-Bit Server VM (17.0.7+8-LTS-224, mixed mode, sharing, tiered, compressed oops, compressed class ptrs, g1 gc, windows-amd64)
# No core dump will be written. Minidumps are not enabled by default on client versions of Windows
#

---------------  S U M M A R Y ------------

Command Line: -Dfile.encoding=UTF-8 -XX:+ShowCodeDetailsInExceptionMessages DriverClass

Host: Intel(R) Core(TM) i5-7200U CPU @ 2.50GHz, 4 cores, 7G,  Windows 10 , 64 bit Build 10240 (10.0.10240.17113)
Time: Wed May 17 20:20:17 2023 India Standard Time elapsed time: 16.501046 seconds (0d 0h 0m 16s)

---------------  T H R E A D  ---------------

Current thread (0x000000d84a70df30):  JavaThread "main" [_thread_in_vm, id=7376, stack(0x000000d849df0000,0x000000d849ef0000)]

Stack: [0x000000d849df0000,0x000000d849ef0000]
Native frames: (J=compiled Java code, j=interpreted, Vv=VM code, C=native code)
V  [jvm.dll+0x676a4a]
V  [jvm.dll+0x7d74f4]
V  [jvm.dll+0x7d8c9e]
V  [jvm.dll+0x7d9303]
V  [jvm.dll+0x2452c5]
V  [jvm.dll+0x7d35fb]
V  [jvm.dll+0x61ca36]
V  [jvm.dll+0x1bfbf7]
V  [jvm.dll+0x61f390]
V  [jvm.dll+0x61d3f6]
V  [jvm.dll+0x369442]
V  [jvm.dll+0x1e157b]
V  [jvm.dll+0x53cf35]
V  [jvm.dll+0x752158]
V  [jvm.dll+0x752244]
V  [jvm.dll+0x40b12f]
V  [jvm.dll+0x411149]
C  [java.dll+0x17ec]

Java frames: (J=compiled Java code, j=interpreted, Vv=VM code)
J 856  java.lang.ClassLoader.defineClass1(Ljava/lang/ClassLoader;Ljava/lang/String;[BIILjava/security/ProtectionDomain;Ljava/lang/String;)Ljava/lang/Class; java.base@17.0.7 (0 bytes) @ 0x000000d859aab163 [0x000000d859aab0a0+0x00000000000000c3]
j  java.lang.ClassLoader.defineClass(Ljava/lang/String;[BIILjava/security/ProtectionDomain;)Ljava/lang/Class;+27 java.base@17.0.7
j  java.security.SecureClassLoader.defineClass(Ljava/lang/String;[BIILjava/security/CodeSource;)Ljava/lang/Class;+12 java.base@17.0.7
J 861 c1 jdk.internal.loader.BuiltinClassLoader.defineClass(Ljava/lang/String;Ljdk/internal/loader/Resource;)Ljava/lang/Class; java.base@17.0.7 (121 bytes) @ 0x000000d852103f64 [0x000000d852103000+0x0000000000000f64]
J 926 c1 jdk.internal.loader.BuiltinClassLoader.findClassOnClassPathOrNull(Ljava/lang/String;)Ljava/lang/Class; java.base@17.0.7 (64 bytes) @ 0x000000d85212555c [0x000000d8521244e0+0x000000000000107c]
J 529 c1 jdk.internal.loader.BuiltinClassLoader.loadClassOrNull(Ljava/lang/String;Z)Ljava/lang/Class; java.base@17.0.7 (143 bytes) @ 0x000000d85206753c [0x000000d852066640+0x0000000000000efc]
J 297 c1 jdk.internal.loader.ClassLoaders$AppClassLoader.loadClass(Ljava/lang/String;Z)Ljava/lang/Class; java.base@17.0.7 (40 bytes) @ 0x000000d85200f104 [0x000000d85200eae0+0x0000000000000624]
J 296 c1 java.lang.ClassLoader.loadClass(Ljava/lang/String;)Ljava/lang/Class; java.base@17.0.7 (7 bytes) @ 0x000000d85200e74c [0x000000d85200e640+0x000000000000010c]
v  ~StubRoutines::call_stub
j  org.codehaus.groovy.runtime.metaclass.MetaClassRegistryImpl.<init>(IZ)V+377
j  org.codehaus.groovy.runtime.metaclass.MetaClassRegistryImpl.<init>()V+3
j  groovy.lang.GroovySystem.<clinit>()V+8
v  ~StubRoutines::call_stub
j  org.codehaus.groovy.reflection.ClassInfo.isValidWeakMetaClass(Lgroovy/lang/MetaClass;)Z+1
j  org.codehaus.groovy.reflection.ClassInfo.getMetaClassForClass()Lgroovy/lang/MetaClass;+17
j  org.codehaus.groovy.reflection.ClassInfo.getMetaClass()Lgroovy/lang/MetaClass;+1
j  io.restassured.authentication.NoAuthScheme.$getStaticMetaClass()Lgroovy/lang/MetaClass;+35
j  io.restassured.authentication.NoAuthScheme.<init>()V+9
j  io.restassured.RestAssured.<clinit>()V+14
v  ~StubRoutines::call_stub
j  commonFunctionPackage.API_Common_Function.res_statusCode(Ljava/lang/String;Ljava/lang/String;Ljava/lang/String;)I+1
j  testClassPackage.post_tc_1.execute()V+14
j  DriverClass.main([Ljava/lang/String;)V+0
v  ~StubRoutines::call_stub

---------------  P R O C E S S  ---------------

Threads class SMR info:
_java_thread_list=0x000000d8697ac5a0, length=12, elements={
0x000000d84a70df30, 0x000000d86815e8e0, 0x000000d868160360, 0x000000d868171680,
0x000000d868171f40, 0x000000d868174810, 0x000000d8681750d0, 0x000000d868175cc0,
0x000000d868177180, 0x000000d8681f2080, 0x000000d8697a02c0, 0x000000d8697ae7d0
}

Java Threads: ( => current thread )
=>0x000000d84a70df30 JavaThread "main" [_thread_in_vm, id=7376, stack(0x000000d849df0000,0x000000d849ef0000)]
  0x000000d86815e8e0 JavaThread "Reference Handler" daemon [_thread_blocked, id=7680, stack(0x000000d868510000,0x000000d868610000)]
  0x000000d868160360 JavaThread "Finalizer" daemon [_thread_blocked, id=7820, stack(0x000000d868610000,0x000000d868710000)]
  0x000000d868171680 JavaThread "Signal Dispatcher" daemon [_thread_blocked, id=8188, stack(0x000000d869000000,0x000000d869100000)]
  0x000000d868171f40 JavaThread "Attach Listener" daemon [_thread_blocked, id=3720, stack(0x000000d869100000,0x000000d869200000)]
  0x000000d868174810 JavaThread "Service Thread" daemon [_thread_blocked, id=3528, stack(0x000000d869200000,0x000000d869300000)]
  0x000000d8681750d0 JavaThread "Monitor Deflation Thread" daemon [_thread_blocked, id=744, stack(0x000000d869300000,0x000000d869400000)]
  0x000000d868175cc0 JavaThread "C2 CompilerThread0" daemon [_thread_blocked, id=5796, stack(0x000000d869400000,0x000000d869500000)]
  0x000000d868177180 JavaThread "C1 CompilerThread0" daemon [_thread_blocked, id=7752, stack(0x000000d869500000,0x000000d869600000)]
  0x000000d8681f2080 JavaThread "Sweeper thread" daemon [_thread_blocked, id=2700, stack(0x000000d869600000,0x000000d869700000)]
  0x000000d8697a02c0 JavaThread "Notification Thread" daemon [_thread_blocked, id=9320, stack(0x000000d869b00000,0x000000d869c00000)]
  0x000000d8697ae7d0 JavaThread "Common-Cleaner" daemon [_thread_blocked, id=9396, stack(0x000000d869d00000,0x000000d869e00000)]

Other Threads:
  0x000000d868158630 VMThread "VM Thread" [stack: 0x000000d868410000,0x000000d868510000] [id=6328] _threads_hazard_ptr=0x000000d8697ac5a0
  0x000000d869710880 WatcherThread [stack: 0x000000d869c00000,0x000000d869d00000] [id=9380]
  0x000000d84a767510 GCTaskThread "GC Thread#0" [stack: 0x000000d84a560000,0x000000d84a660000] [id=4188]
  0x000000d869863e60 GCTaskThread "GC Thread#1" [stack: 0x000000d86a600000,0x000000d86a700000] [id=10032]
  0x000000d869864110 GCTaskThread "GC Thread#2" [stack: 0x000000d86a700000,0x000000d86a800000] [id=10036]
  0x000000d8681cd140 GCTaskThread "GC Thread#3" [stack: 0x000000d86a800000,0x000000d86a900000] [id=10140]
  0x000000d84a778530 ConcurrentGCThread "G1 Main Marker" [stack: 0x000000d8659d0000,0x000000d865ad0000] [id=4676]
  0x000000d84a778e50 ConcurrentGCThread "G1 Conc#0" [stack: 0x000000d865ad0000,0x000000d865bd0000] [id=2996]
  0x000000d868020090 ConcurrentGCThread "G1 Refine#0" [stack: 0x000000d868210000,0x000000d868310000] [id=3004]
  0x000000d8680209c0 ConcurrentGCThread "G1 Service" [stack: 0x000000d868310000,0x000000d868410000] [id=7644]

Threads with active compile tasks:

VM state: synchronizing (normal execution)

VM Mutex/Monitor currently owned by a thread:  ([mutex/lock_event])
[0x000000d8483eb850] Metaspace_lock - owner thread: 0x000000d84a70df30
[0x000000d8483ecbc0] Threads_lock - owner thread: 0x000000d868158630

Heap address: 0x0000000083600000, size: 1994 MB, Compressed Oops mode: 32-bit

CDS archive(s) mapped at: [0x0000000800000000-0x0000000800bd0000-0x0000000800bd0000), size 12386304, SharedBaseAddress: 0x0000000800000000, ArchiveRelocationMode: 0.
Compressed class space mapped at: 0x0000000800c00000-0x0000000840c00000, reserved size: 1073741824
Narrow klass base: 0x0000000800000000, Narrow klass shift: 0, Narrow klass range: 0x100000000

GC Precious Log:
 CPUs: 4 total, 4 available
 Memory: 7975M
 Large Page Support: Disabled
 NUMA Support: Disabled
 Compressed Oops: Enabled (32-bit)
 Heap Region Size: 1M
 Heap Min Capacity: 8M
 Heap Initial Capacity: 126M
 Heap Max Capacity: 1994M
 Pre-touch: Disabled
 Parallel Workers: 4
 Concurrent Workers: 1
 Concurrent Refinement Workers: 4
 Periodic GC: Disabled

Heap:
 garbage-first heap   total 129024K, used 6975K [0x0000000083600000, 0x0000000100000000)
  region size 1024K, 5 young (5120K), 2 survivors (2048K)
 Metaspace       used 4563K, committed 4736K, reserved 1056768K
  class space    used 440K, committed 512K, reserved 1048576K

Heap Regions: E=young(eden), S=young(survivor), O=old, HS=humongous(starts), HC=humongous(continues), CS=collection set, F=free, OA=open archive, CA=closed archive, TAMS=top-at-mark-start (previous, next)
|   0|0x0000000083600000, 0x0000000083700000, 0x0000000083700000|100%| O|  |TAMS 0x0000000083600000, 0x0000000083600000| Untracked 
|   1|0x0000000083700000, 0x0000000083800000, 0x0000000083800000|100%| O|  |TAMS 0x0000000083700000, 0x0000000083700000| Untracked 
|   2|0x0000000083800000, 0x00000000838cfe00, 0x0000000083900000| 81%| O|  |TAMS 0x0000000083800000, 0x0000000083800000| Untracked 
|   3|0x0000000083900000, 0x0000000083900000, 0x0000000083a00000|  0%| F|  |TAMS 0x0000000083900000, 0x0000000083900000| Untracked 
|   4|0x0000000083a00000, 0x0000000083a00000, 0x0000000083b00000|  0%| F|  |TAMS 0x0000000083a00000, 0x0000000083a00000| Untracked 
|   5|0x0000000083b00000, 0x0000000083b00000, 0x0000000083c00000|  0%| F|  |TAMS 0x0000000083b00000, 0x0000000083b00000| Untracked 
|   6|0x0000000083c00000, 0x0000000083c00000, 0x0000000083d00000|  0%| F|  |TAMS 0x0000000083c00000, 0x0000000083c00000| Untracked 
|   7|0x0000000083d00000, 0x0000000083d00000, 0x0000000083e00000|  0%| F|  |TAMS 0x0000000083d00000, 0x0000000083d00000| Untracked 
|   8|0x0000000083e00000, 0x0000000083e00000, 0x0000000083f00000|  0%| F|  |TAMS 0x0000000083e00000, 0x0000000083e00000| Untracked 
|   9|0x0000000083f00000, 0x0000000083f00000, 0x0000000084000000|  0%| F|  |TAMS 0x0000000083f00000, 0x0000000083f00000| Untracked 
|  10|0x0000000084000000, 0x0000000084000000, 0x0000000084100000|  0%| F|  |TAMS 0x0000000084000000, 0x0000000084000000| Untracked 
|  11|0x0000000084100000, 0x0000000084100000, 0x0000000084200000|  0%| F|  |TAMS 0x0000000084100000, 0x0000000084100000| Untracked 
|  12|0x0000000084200000, 0x0000000084200000, 0x0000000084300000|  0%| F|  |TAMS 0x0000000084200000, 0x0000000084200000| Untracked 
|  13|0x0000000084300000, 0x0000000084300000, 0x0000000084400000|  0%| F|  |TAMS 0x0000000084300000, 0x0000000084300000| Untracked 
|  14|0x0000000084400000, 0x0000000084400000, 0x0000000084500000|  0%| F|  |TAMS 0x0000000084400000, 0x0000000084400000| Untracked 
|  15|0x0000000084500000, 0x0000000084500000, 0x0000000084600000|  0%| F|  |TAMS 0x0000000084500000, 0x0000000084500000| Untracked 
|  16|0x0000000084600000, 0x0000000084600000, 0x0000000084700000|  0%| F|  |TAMS 0x0000000084600000, 0x0000000084600000| Untracked 
|  17|0x0000000084700000, 0x0000000084700000, 0x0000000084800000|  0%| F|  |TAMS 0x0000000084700000, 0x0000000084700000| Untracked 
|  18|0x0000000084800000, 0x0000000084800000, 0x0000000084900000|  0%| F|  |TAMS 0x0000000084800000, 0x0000000084800000| Untracked 
|  19|0x0000000084900000, 0x0000000084900000, 0x0000000084a00000|  0%| F|  |TAMS 0x0000000084900000, 0x0000000084900000| Untracked 
|  20|0x0000000084a00000, 0x0000000084a00000, 0x0000000084b00000|  0%| F|  |TAMS 0x0000000084a00000, 0x0000000084a00000| Untracked 
|  21|0x0000000084b00000, 0x0000000084b00000, 0x0000000084c00000|  0%| F|  |TAMS 0x0000000084b00000, 0x0000000084b00000| Untracked 
|  22|0x0000000084c00000, 0x0000000084c00000, 0x0000000084d00000|  0%| F|  |TAMS 0x0000000084c00000, 0x0000000084c00000| Untracked 
|  23|0x0000000084d00000, 0x0000000084d00000, 0x0000000084e00000|  0%| F|  |TAMS 0x0000000084d00000, 0x0000000084d00000| Untracked 
|  24|0x0000000084e00000, 0x0000000084e00000, 0x0000000084f00000|  0%| F|  |TAMS 0x0000000084e00000, 0x0000000084e00000| Untracked 
|  25|0x0000000084f00000, 0x0000000084f00000, 0x0000000085000000|  0%| F|  |TAMS 0x0000000084f00000, 0x0000000084f00000| Untracked 
|  26|0x0000000085000000, 0x0000000085000000, 0x0000000085100000|  0%| F|  |TAMS 0x0000000085000000, 0x0000000085000000| Untracked 
|  27|0x0000000085100000, 0x0000000085100000, 0x0000000085200000|  0%| F|  |TAMS 0x0000000085100000, 0x0000000085100000| Untracked 
|  28|0x0000000085200000, 0x0000000085200000, 0x0000000085300000|  0%| F|  |TAMS 0x0000000085200000, 0x0000000085200000| Untracked 
|  29|0x0000000085300000, 0x0000000085300000, 0x0000000085400000|  0%| F|  |TAMS 0x0000000085300000, 0x0000000085300000| Untracked 
|  30|0x0000000085400000, 0x0000000085400000, 0x0000000085500000|  0%| F|  |TAMS 0x0000000085400000, 0x0000000085400000| Untracked 
|  31|0x0000000085500000, 0x0000000085500000, 0x0000000085600000|  0%| F|  |TAMS 0x0000000085500000, 0x0000000085500000| Untracked 
|  32|0x0000000085600000, 0x0000000085600000, 0x0000000085700000|  0%| F|  |TAMS 0x0000000085600000, 0x0000000085600000| Untracked 
|  33|0x0000000085700000, 0x0000000085700000, 0x0000000085800000|  0%| F|  |TAMS 0x0000000085700000, 0x0000000085700000| Untracked 
|  34|0x0000000085800000, 0x0000000085800000, 0x0000000085900000|  0%| F|  |TAMS 0x0000000085800000, 0x0000000085800000| Untracked 
|  35|0x0000000085900000, 0x0000000085900000, 0x0000000085a00000|  0%| F|  |TAMS 0x0000000085900000, 0x0000000085900000| Untracked 
|  36|0x0000000085a00000, 0x0000000085a00000, 0x0000000085b00000|  0%| F|  |TAMS 0x0000000085a00000, 0x0000000085a00000| Untracked 
|  37|0x0000000085b00000, 0x0000000085b00000, 0x0000000085c00000|  0%| F|  |TAMS 0x0000000085b00000, 0x0000000085b00000| Untracked 
|  38|0x0000000085c00000, 0x0000000085c00000, 0x0000000085d00000|  0%| F|  |TAMS 0x0000000085c00000, 0x0000000085c00000| Untracked 
|  39|0x0000000085d00000, 0x0000000085d00000, 0x0000000085e00000|  0%| F|  |TAMS 0x0000000085d00000, 0x0000000085d00000| Untracked 
|  40|0x0000000085e00000, 0x0000000085e00000, 0x0000000085f00000|  0%| F|  |TAMS 0x0000000085e00000, 0x0000000085e00000| Untracked 
|  41|0x0000000085f00000, 0x0000000085f00000, 0x0000000086000000|  0%| F|  |TAMS 0x0000000085f00000, 0x0000000085f00000| Untracked 
|  42|0x0000000086000000, 0x0000000086000000, 0x0000000086100000|  0%| F|  |TAMS 0x0000000086000000, 0x0000000086000000| Untracked 
|  43|0x0000000086100000, 0x0000000086100000, 0x0000000086200000|  0%| F|  |TAMS 0x0000000086100000, 0x0000000086100000| Untracked 
|  44|0x0000000086200000, 0x0000000086200000, 0x0000000086300000|  0%| F|  |TAMS 0x0000000086200000, 0x0000000086200000| Untracked 
|  45|0x0000000086300000, 0x0000000086300000, 0x0000000086400000|  0%| F|  |TAMS 0x0000000086300000, 0x0000000086300000| Untracked 
|  46|0x0000000086400000, 0x0000000086400000, 0x0000000086500000|  0%| F|  |TAMS 0x0000000086400000, 0x0000000086400000| Untracked 
|  47|0x0000000086500000, 0x0000000086500000, 0x0000000086600000|  0%| F|  |TAMS 0x0000000086500000, 0x0000000086500000| Untracked 
|  48|0x0000000086600000, 0x0000000086600000, 0x0000000086700000|  0%| F|  |TAMS 0x0000000086600000, 0x0000000086600000| Untracked 
|  49|0x0000000086700000, 0x0000000086700000, 0x0000000086800000|  0%| F|  |TAMS 0x0000000086700000, 0x0000000086700000| Untracked 
|  50|0x0000000086800000, 0x0000000086800000, 0x0000000086900000|  0%| F|  |TAMS 0x0000000086800000, 0x0000000086800000| Untracked 
|  51|0x0000000086900000, 0x0000000086900000, 0x0000000086a00000|  0%| F|  |TAMS 0x0000000086900000, 0x0000000086900000| Untracked 
|  52|0x0000000086a00000, 0x0000000086a00000, 0x0000000086b00000|  0%| F|  |TAMS 0x0000000086a00000, 0x0000000086a00000| Untracked 
|  53|0x0000000086b00000, 0x0000000086b00000, 0x0000000086c00000|  0%| F|  |TAMS 0x0000000086b00000, 0x0000000086b00000| Untracked 
|  54|0x0000000086c00000, 0x0000000086c00000, 0x0000000086d00000|  0%| F|  |TAMS 0x0000000086c00000, 0x0000000086c00000| Untracked 
|  55|0x0000000086d00000, 0x0000000086d00000, 0x0000000086e00000|  0%| F|  |TAMS 0x0000000086d00000, 0x0000000086d00000| Untracked 
|  56|0x0000000086e00000, 0x0000000086e00000, 0x0000000086f00000|  0%| F|  |TAMS 0x0000000086e00000, 0x0000000086e00000| Untracked 
|  57|0x0000000086f00000, 0x0000000086f00000, 0x0000000087000000|  0%| F|  |TAMS 0x0000000086f00000, 0x0000000086f00000| Untracked 
|  58|0x0000000087000000, 0x0000000087000000, 0x0000000087100000|  0%| F|  |TAMS 0x0000000087000000, 0x0000000087000000| Untracked 
|  59|0x0000000087100000, 0x0000000087100000, 0x0000000087200000|  0%| F|  |TAMS 0x0000000087100000, 0x0000000087100000| Untracked 
|  60|0x0000000087200000, 0x0000000087200000, 0x0000000087300000|  0%| F|  |TAMS 0x0000000087200000, 0x0000000087200000| Untracked 
|  61|0x0000000087300000, 0x0000000087300000, 0x0000000087400000|  0%| F|  |TAMS 0x0000000087300000, 0x0000000087300000| Untracked 
|  62|0x0000000087400000, 0x0000000087400000, 0x0000000087500000|  0%| F|  |TAMS 0x0000000087400000, 0x0000000087400000| Untracked 
|  63|0x0000000087500000, 0x0000000087500000, 0x0000000087600000|  0%| F|  |TAMS 0x0000000087500000, 0x0000000087500000| Untracked 
|  64|0x0000000087600000, 0x0000000087600000, 0x0000000087700000|  0%| F|  |TAMS 0x0000000087600000, 0x0000000087600000| Untracked 
|  65|0x0000000087700000, 0x0000000087700000, 0x0000000087800000|  0%| F|  |TAMS 0x0000000087700000, 0x0000000087700000| Untracked 
|  66|0x0000000087800000, 0x0000000087800000, 0x0000000087900000|  0%| F|  |TAMS 0x0000000087800000, 0x0000000087800000| Untracked 
|  67|0x0000000087900000, 0x0000000087900000, 0x0000000087a00000|  0%| F|  |TAMS 0x0000000087900000, 0x0000000087900000| Untracked 
|  68|0x0000000087a00000, 0x0000000087a00000, 0x0000000087b00000|  0%| F|  |TAMS 0x0000000087a00000, 0x0000000087a00000| Untracked 
|  69|0x0000000087b00000, 0x0000000087b00000, 0x0000000087c00000|  0%| F|  |TAMS 0x0000000087b00000, 0x0000000087b00000| Untracked 
|  70|0x0000000087c00000, 0x0000000087c00000, 0x0000000087d00000|  0%| F|  |TAMS 0x0000000087c00000, 0x0000000087c00000| Untracked 
|  71|0x0000000087d00000, 0x0000000087d00000, 0x0000000087e00000|  0%| F|  |TAMS 0x0000000087d00000, 0x0000000087d00000| Untracked 
|  72|0x0000000087e00000, 0x0000000087e00000, 0x0000000087f00000|  0%| F|  |TAMS 0x0000000087e00000, 0x0000000087e00000| Untracked 
|  73|0x0000000087f00000, 0x0000000087f00000, 0x0000000088000000|  0%| F|  |TAMS 0x0000000087f00000, 0x0000000087f00000| Untracked 
|  74|0x0000000088000000, 0x0000000088000000, 0x0000000088100000|  0%| F|  |TAMS 0x0000000088000000, 0x0000000088000000| Untracked 
|  75|0x0000000088100000, 0x0000000088100000, 0x0000000088200000|  0%| F|  |TAMS 0x0000000088100000, 0x0000000088100000| Untracked 
|  76|0x0000000088200000, 0x0000000088200000, 0x0000000088300000|  0%| F|  |TAMS 0x0000000088200000, 0x0000000088200000| Untracked 
|  77|0x0000000088300000, 0x0000000088300000, 0x0000000088400000|  0%| F|  |TAMS 0x0000000088300000, 0x0000000088300000| Untracked 
|  78|0x0000000088400000, 0x0000000088400000, 0x0000000088500000|  0%| F|  |TAMS 0x0000000088400000, 0x0000000088400000| Untracked 
|  79|0x0000000088500000, 0x0000000088500000, 0x0000000088600000|  0%| F|  |TAMS 0x0000000088500000, 0x0000000088500000| Untracked 
|  80|0x0000000088600000, 0x0000000088600000, 0x0000000088700000|  0%| F|  |TAMS 0x0000000088600000, 0x0000000088600000| Untracked 
|  81|0x0000000088700000, 0x0000000088700000, 0x0000000088800000|  0%| F|  |TAMS 0x0000000088700000, 0x0000000088700000| Untracked 
|  82|0x0000000088800000, 0x0000000088800000, 0x0000000088900000|  0%| F|  |TAMS 0x0000000088800000, 0x0000000088800000| Untracked 
|  83|0x0000000088900000, 0x0000000088900000, 0x0000000088a00000|  0%| F|  |TAMS 0x0000000088900000, 0x0000000088900000| Untracked 
|  84|0x0000000088a00000, 0x0000000088a00000, 0x0000000088b00000|  0%| F|  |TAMS 0x0000000088a00000, 0x0000000088a00000| Untracked 
|  85|0x0000000088b00000, 0x0000000088b00000, 0x0000000088c00000|  0%| F|  |TAMS 0x0000000088b00000, 0x0000000088b00000| Untracked 
|  86|0x0000000088c00000, 0x0000000088c00000, 0x0000000088d00000|  0%| F|  |TAMS 0x0000000088c00000, 0x0000000088c00000| Untracked 
|  87|0x0000000088d00000, 0x0000000088d00000, 0x0000000088e00000|  0%| F|  |TAMS 0x0000000088d00000, 0x0000000088d00000| Untracked 
|  88|0x0000000088e00000, 0x0000000088e00000, 0x0000000088f00000|  0%| F|  |TAMS 0x0000000088e00000, 0x0000000088e00000| Untracked 
|  89|0x0000000088f00000, 0x0000000088f00000, 0x0000000089000000|  0%| F|  |TAMS 0x0000000088f00000, 0x0000000088f00000| Untracked 
|  90|0x0000000089000000, 0x0000000089000000, 0x0000000089100000|  0%| F|  |TAMS 0x0000000089000000, 0x0000000089000000| Untracked 
|  91|0x0000000089100000, 0x0000000089100000, 0x0000000089200000|  0%| F|  |TAMS 0x0000000089100000, 0x0000000089100000| Untracked 
|  92|0x0000000089200000, 0x0000000089200000, 0x0000000089300000|  0%| F|  |TAMS 0x0000000089200000, 0x0000000089200000| Untracked 
|  93|0x0000000089300000, 0x0000000089300000, 0x0000000089400000|  0%| F|  |TAMS 0x0000000089300000, 0x0000000089300000| Untracked 
|  94|0x0000000089400000, 0x0000000089400000, 0x0000000089500000|  0%| F|  |TAMS 0x0000000089400000, 0x0000000089400000| Untracked 
|  95|0x0000000089500000, 0x0000000089500000, 0x0000000089600000|  0%| F|  |TAMS 0x0000000089500000, 0x0000000089500000| Untracked 
|  96|0x0000000089600000, 0x0000000089600000, 0x0000000089700000|  0%| F|  |TAMS 0x0000000089600000, 0x0000000089600000| Untracked 
|  97|0x0000000089700000, 0x0000000089700000, 0x0000000089800000|  0%| F|  |TAMS 0x0000000089700000, 0x0000000089700000| Untracked 
|  98|0x0000000089800000, 0x0000000089800000, 0x0000000089900000|  0%| F|  |TAMS 0x0000000089800000, 0x0000000089800000| Untracked 
|  99|0x0000000089900000, 0x0000000089900000, 0x0000000089a00000|  0%| F|  |TAMS 0x0000000089900000, 0x0000000089900000| Untracked 
| 100|0x0000000089a00000, 0x0000000089a00000, 0x0000000089b00000|  0%| F|  |TAMS 0x0000000089a00000, 0x0000000089a00000| Untracked 
| 101|0x0000000089b00000, 0x0000000089b00000, 0x0000000089c00000|  0%| F|  |TAMS 0x0000000089b00000, 0x0000000089b00000| Untracked 
| 102|0x0000000089c00000, 0x0000000089c00000, 0x0000000089d00000|  0%| F|  |TAMS 0x0000000089c00000, 0x0000000089c00000| Untracked 
| 103|0x0000000089d00000, 0x0000000089d00000, 0x0000000089e00000|  0%| F|  |TAMS 0x0000000089d00000, 0x0000000089d00000| Untracked 
| 104|0x0000000089e00000, 0x0000000089e00000, 0x0000000089f00000|  0%| F|  |TAMS 0x0000000089e00000, 0x0000000089e00000| Untracked 
| 105|0x0000000089f00000, 0x0000000089f00000, 0x000000008a000000|  0%| F|  |TAMS 0x0000000089f00000, 0x0000000089f00000| Untracked 
| 106|0x000000008a000000, 0x000000008a000000, 0x000000008a100000|  0%| F|  |TAMS 0x000000008a000000, 0x000000008a000000| Untracked 
| 107|0x000000008a100000, 0x000000008a100000, 0x000000008a200000|  0%| F|  |TAMS 0x000000008a100000, 0x000000008a100000| Untracked 
| 108|0x000000008a200000, 0x000000008a200000, 0x000000008a300000|  0%| F|  |TAMS 0x000000008a200000, 0x000000008a200000| Untracked 
| 109|0x000000008a300000, 0x000000008a300000, 0x000000008a400000|  0%| F|  |TAMS 0x000000008a300000, 0x000000008a300000| Untracked 
| 110|0x000000008a400000, 0x000000008a400000, 0x000000008a500000|  0%| F|  |TAMS 0x000000008a400000, 0x000000008a400000| Untracked 
| 111|0x000000008a500000, 0x000000008a600000, 0x000000008a600000|100%| S|CS|TAMS 0x000000008a500000, 0x000000008a500000| Complete 
| 112|0x000000008a600000, 0x000000008a700000, 0x000000008a700000|100%| S|CS|TAMS 0x000000008a600000, 0x000000008a600000| Complete 
| 113|0x000000008a700000, 0x000000008a700000, 0x000000008a800000|  0%| F|  |TAMS 0x000000008a700000, 0x000000008a700000| Untracked 
| 114|0x000000008a800000, 0x000000008a800000, 0x000000008a900000|  0%| F|  |TAMS 0x000000008a800000, 0x000000008a800000| Untracked 
| 115|0x000000008a900000, 0x000000008a900000, 0x000000008aa00000|  0%| F|  |TAMS 0x000000008a900000, 0x000000008a900000| Untracked 
| 116|0x000000008aa00000, 0x000000008aa00000, 0x000000008ab00000|  0%| F|  |TAMS 0x000000008aa00000, 0x000000008aa00000| Untracked 
| 117|0x000000008ab00000, 0x000000008ab00000, 0x000000008ac00000|  0%| F|  |TAMS 0x000000008ab00000, 0x000000008ab00000| Untracked 
| 118|0x000000008ac00000, 0x000000008ac00000, 0x000000008ad00000|  0%| F|  |TAMS 0x000000008ac00000, 0x000000008ac00000| Untracked 
| 119|0x000000008ad00000, 0x000000008ad00000, 0x000000008ae00000|  0%| F|  |TAMS 0x000000008ad00000, 0x000000008ad00000| Untracked 
| 120|0x000000008ae00000, 0x000000008ae00000, 0x000000008af00000|  0%| F|  |TAMS 0x000000008ae00000, 0x000000008ae00000| Untracked 
| 121|0x000000008af00000, 0x000000008af00000, 0x000000008b000000|  0%| F|  |TAMS 0x000000008af00000, 0x000000008af00000| Untracked 
| 122|0x000000008b000000, 0x000000008b000000, 0x000000008b100000|  0%| F|  |TAMS 0x000000008b000000, 0x000000008b000000| Untracked 
| 123|0x000000008b100000, 0x000000008b200000, 0x000000008b200000|100%| E|  |TAMS 0x000000008b100000, 0x000000008b100000| Complete 
| 124|0x000000008b200000, 0x000000008b300000, 0x000000008b300000|100%| E|CS|TAMS 0x000000008b200000, 0x000000008b200000| Complete 
| 125|0x000000008b300000, 0x000000008b400000, 0x000000008b400000|100%| E|CS|TAMS 0x000000008b300000, 0x000000008b300000| Complete 

Card table byte_map: [0x000000d861390000,0x000000d861780000] _byte_map_base: 0x000000d860f75000

Marking Bits (Prev, Next): (CMBitMap*) 0x000000d84a768240, (CMBitMap*) 0x000000d84a768280
 Prev Bits: [0x000000d861b70000, 0x000000d863a98000)
 Next Bits: [0x000000d863aa0000, 0x000000d8659c8000)

Polling page: 0x000000d8482d0000

Metaspace:

Usage:
  Non-class:      4.03 MB used.
      Class:    440.92 KB used.
       Both:      4.46 MB used.

Virtual space:
  Non-class space:        8.00 MB reserved,       4.13 MB ( 52%) committed,  1 nodes.
      Class space:        1.00 GB reserved,     512.00 KB ( <1%) committed,  1 nodes.
             Both:        1.01 GB reserved,       4.63 MB ( <1%) committed. 

Chunk freelists:
   Non-Class:  1.95 MB
       Class:  3.48 MB
        Both:  5.44 MB

MaxMetaspaceSize: unlimited
CompressedClassSpaceSize: 1.00 GB
Initial GC threshold: 21.00 MB
Current GC threshold: 21.00 MB
CDS: on
MetaspaceReclaimPolicy: balanced
 - commit_granule_bytes: 65536.
 - commit_granule_words: 8192.
 - virtual_space_node_default_size: 1048576.
 - enlarge_chunks_in_place: 1.
 - new_chunks_are_fully_committed: 0.
 - uncommit_free_chunks: 1.
 - use_allocation_guard: 0.
 - handle_deallocations: 1.


Internal statistics:

num_allocs_failed_limit: 0.
num_arena_births: 68.
num_arena_deaths: 0.
num_vsnodes_births: 2.
num_vsnodes_deaths: 0.
num_space_committed: 74.
num_space_uncommitted: 0.
num_chunks_returned_to_freelist: 0.
num_chunks_taken_from_freelist: 187.
num_chunk_merges: 0.
num_chunk_splits: 118.
num_chunks_enlarged: 81.
num_purges: 0.
num_inconsistent_stats: 0.

CodeHeap 'non-profiled nmethods': size=120000Kb used=263Kb max_used=263Kb free=119736Kb
 bounds [0x000000d859a70000, 0x000000d859ce0000, 0x000000d860fa0000]
CodeHeap 'profiled nmethods': size=120000Kb used=1622Kb max_used=1622Kb free=118377Kb
 bounds [0x000000d851fa0000, 0x000000d852210000, 0x000000d8594d0000]
CodeHeap 'non-nmethods': size=5760Kb used=1474Kb max_used=1489Kb free=4285Kb
 bounds [0x000000d8594d0000, 0x000000d859740000, 0x000000d859a70000]
 total_blobs=1469 nmethods=958 adapters=423
 compilation: enabled
              stopped_count=0, restarted_count=0
 full_count=0

Compilation events (20 events):
Event: 13.910 Thread 0x000000d868177180  951       3       java.lang.Integer::getChars (131 bytes)
Event: 13.911 Thread 0x000000d868177180 nmethod 951 0x000000d852131590 code [0x000000d852131760, 0x000000d852131b98]
Event: 13.960 Thread 0x000000d868177180  952       3       org.codehaus.groovy.reflection.CachedMethod::getPT (8 bytes)
Event: 13.961 Thread 0x000000d868177180 nmethod 952 0x000000d852131e10 code [0x000000d852131fc0, 0x000000d852132308]
Event: 13.961 Thread 0x000000d868177180  953       3       java.util.Optional::ofNullable (19 bytes)
Event: 13.961 Thread 0x000000d868177180 nmethod 953 0x000000d852132410 code [0x000000d8521325c0, 0x000000d852132878]
Event: 13.962 Thread 0x000000d868177180  954       3       java.beans.MethodRef::get (91 bytes)
Event: 13.963 Thread 0x000000d868177180 nmethod 954 0x000000d852132990 code [0x000000d852132c00, 0x000000d8521338a8]
Event: 13.963 Thread 0x000000d868177180  955       3       java.lang.invoke.MemberName$Factory::resolveOrFail (79 bytes)
Event: 13.964 Thread 0x000000d868177180 nmethod 955 0x000000d852133c10 code [0x000000d852133e20, 0x000000d852134538]
Event: 13.977 Thread 0x000000d868177180  956       3       org.codehaus.groovy.reflection.CachedMethod::getReturnType (8 bytes)
Event: 13.978 Thread 0x000000d868177180 nmethod 956 0x000000d852134790 code [0x000000d852134920, 0x000000d852134a58]
Event: 13.978 Thread 0x000000d868175cc0  957       4       java.lang.String::startsWith (7 bytes)
Event: 13.979 Thread 0x000000d868177180  959       2       java.util.HashMap::putVal (300 bytes)
Event: 13.980 Thread 0x000000d868177180 nmethod 959 0x000000d852134b10 code [0x000000d852134d60, 0x000000d852135518]
Event: 13.980 Thread 0x000000d868177180  960       1       java.lang.reflect.Field::getModifiers (5 bytes)
Event: 13.980 Thread 0x000000d868177180 nmethod 960 0x000000d859ab0e90 code [0x000000d859ab1020, 0x000000d859ab10f8]
Event: 13.984 Thread 0x000000d868175cc0 nmethod 957 0x000000d859ab1190 code [0x000000d859ab1320, 0x000000d859ab1598]
Event: 13.984 Thread 0x000000d868175cc0  958       4       java.lang.String::startsWith (138 bytes)
Event: 13.991 Thread 0x000000d868175cc0 nmethod 958 0x000000d859ab1790 code [0x000000d859ab1920, 0x000000d859ab1c18]

GC Heap History (2 events):
Event: 11.281 GC heap before
{Heap before GC invocations=0 (full 0):
 garbage-first heap   total 129024K, used 12288K [0x0000000083600000, 0x0000000100000000)
  region size 1024K, 13 young (13312K), 0 survivors (0K)
 Metaspace       used 3274K, committed 3392K, reserved 1056768K
  class space    used 272K, committed 320K, reserved 1048576K
}
Event: 12.052 GC heap after
{Heap after GC invocations=1 (full 0):
 garbage-first heap   total 129024K, used 4927K [0x0000000083600000, 0x0000000100000000)
  region size 1024K, 2 young (2048K), 2 survivors (2048K)
 Metaspace       used 3274K, committed 3392K, reserved 1056768K
  class space    used 272K, committed 320K, reserved 1048576K
}

Deoptimization events (20 events):
Event: 13.961 Thread 0x000000d84a70df30 Uncommon trap: trap_request=0xffffffde fr.pc=0x000000d859aae220 relative=0x00000000000003c0
Event: 13.961 Thread 0x000000d84a70df30 Uncommon trap: reason=class_check action=maybe_recompile pc=0x000000d859aae220 method=java.util.HashMap.putVal(ILjava/lang/Object;Ljava/lang/Object;ZZ)Ljava/lang/Object; @ 253 c2
Event: 13.961 Thread 0x000000d84a70df30 DEOPT PACKING pc=0x000000d859aae220 sp=0x000000d849eed930
Event: 13.961 Thread 0x000000d84a70df30 DEOPT UNPACKING pc=0x000000d8595223a3 sp=0x000000d849eed8c0 mode 2
Event: 13.961 Thread 0x000000d84a70df30 Uncommon trap: trap_request=0xffffffde fr.pc=0x000000d859a9a7a8 relative=0x0000000000000268
Event: 13.961 Thread 0x000000d84a70df30 Uncommon trap: reason=class_check action=maybe_recompile pc=0x000000d859a9a7a8 method=java.util.HashMap.getNode(Ljava/lang/Object;)Ljava/util/HashMap$Node; @ 128 c2
Event: 13.961 Thread 0x000000d84a70df30 DEOPT PACKING pc=0x000000d859a9a7a8 sp=0x000000d849eed9d0
Event: 13.961 Thread 0x000000d84a70df30 DEOPT UNPACKING pc=0x000000d8595223a3 sp=0x000000d849eed938 mode 2
Event: 13.961 Thread 0x000000d84a70df30 Uncommon trap: trap_request=0xffffffde fr.pc=0x000000d859aae220 relative=0x00000000000003c0
Event: 13.961 Thread 0x000000d84a70df30 Uncommon trap: reason=class_check action=maybe_recompile pc=0x000000d859aae220 method=java.util.HashMap.putVal(ILjava/lang/Object;Ljava/lang/Object;ZZ)Ljava/lang/Object; @ 253 c2
Event: 13.961 Thread 0x000000d84a70df30 DEOPT PACKING pc=0x000000d859aae220 sp=0x000000d849eed930
Event: 13.962 Thread 0x000000d84a70df30 DEOPT UNPACKING pc=0x000000d8595223a3 sp=0x000000d849eed8c0 mode 2
Event: 13.962 Thread 0x000000d84a70df30 Uncommon trap: trap_request=0xffffffde fr.pc=0x000000d859aae220 relative=0x00000000000003c0
Event: 13.962 Thread 0x000000d84a70df30 Uncommon trap: reason=class_check action=maybe_recompile pc=0x000000d859aae220 method=java.util.HashMap.putVal(ILjava/lang/Object;Ljava/lang/Object;ZZ)Ljava/lang/Object; @ 253 c2
Event: 13.962 Thread 0x000000d84a70df30 DEOPT PACKING pc=0x000000d859aae220 sp=0x000000d849eed930
Event: 13.962 Thread 0x000000d84a70df30 DEOPT UNPACKING pc=0x000000d8595223a3 sp=0x000000d849eed8c0 mode 2
Event: 13.962 Thread 0x000000d84a70df30 Uncommon trap: trap_request=0xffffffde fr.pc=0x000000d859aae220 relative=0x00000000000003c0
Event: 13.962 Thread 0x000000d84a70df30 Uncommon trap: reason=class_check action=maybe_recompile pc=0x000000d859aae220 method=java.util.HashMap.putVal(ILjava/lang/Object;Ljava/lang/Object;ZZ)Ljava/lang/Object; @ 253 c2
Event: 13.962 Thread 0x000000d84a70df30 DEOPT PACKING pc=0x000000d859aae220 sp=0x000000d849eed930
Event: 13.962 Thread 0x000000d84a70df30 DEOPT UNPACKING pc=0x000000d8595223a3 sp=0x000000d849eed8c0 mode 2

Classes unloaded (0 events):
No events

Classes redefined (0 events):
No events

Internal exceptions (20 events):
Event: 8.905 Thread 0x000000d84a70df30 Exception <a 'java/lang/NoSuchMethodError'{0x000000008a834460}: 'void java.lang.invoke.DirectMethodHandle$Holder.invokeStatic(java.lang.Object, java.lang.Object, java.lang.Object)'> (0x000000008a834460) 
thrown [s\open\src\hotspot\share\interpreter\linkResolver.cpp, line 759]
Event: 8.906 Thread 0x000000d84a70df30 Exception <a 'java/lang/NoSuchMethodError'{0x000000008a838158}: 'void java.lang.invoke.DirectMethodHandle$Holder.invokeStaticInit(java.lang.Object, java.lang.Object, java.lang.Object)'> (0x000000008a838158) 
thrown [s\open\src\hotspot\share\interpreter\linkResolver.cpp, line 759]
Event: 8.910 Thread 0x000000d84a70df30 Exception <a 'java/lang/NoSuchMethodError'{0x000000008a83ede0}: 'void java.lang.invoke.DirectMethodHandle$Holder.invokeStatic(java.lang.Object, java.lang.Object, java.lang.Object, java.lang.Object)'> (0x000000008a83ede0) 
thrown [s\open\src\hotspot\share\interpreter\linkResolver.cpp, line 759]
Event: 8.912 Thread 0x000000d84a70df30 Exception <a 'java/lang/NoSuchMethodError'{0x000000008a842d30}: 'void java.lang.invoke.DirectMethodHandle$Holder.invokeStaticInit(java.lang.Object, java.lang.Object, java.lang.Object, java.lang.Object)'> (0x000000008a842d30) 
thrown [s\open\src\hotspot\share\interpreter\linkResolver.cpp, line 759]
Event: 9.251 Thread 0x000000d84a70df30 Exception <a 'java/lang/NoSuchMethodError'{0x000000008a864da0}: 'void java.lang.invoke.DirectMethodHandle$Holder.invokeStaticInit(java.lang.Object, java.lang.Object, java.lang.Object, java.lang.Object, java.lang.Object)'> (0x000000008a864da0) 
thrown [s\open\src\hotspot\share\interpreter\linkResolver.cpp, line 759]
Event: 9.262 Thread 0x000000d84a70df30 Exception <a 'java/lang/NoSuchMethodError'{0x000000008a86d258}: 'int java.lang.invoke.DirectMethodHandle$Holder.invokeStaticInit(java.lang.Object, java.lang.Object, java.lang.Object)'> (0x000000008a86d258) 
thrown [s\open\src\hotspot\share\interpreter\linkResolver.cpp, line 759]
Event: 9.398 Thread 0x000000d84a70df30 Exception <a 'java/lang/NoSuchMethodError'{0x000000008a8c9dd0}: 'int java.lang.invoke.DirectMethodHandle$Holder.invokeStaticInit(java.lang.Object, java.lang.Object, java.lang.Object, java.lang.Object)'> (0x000000008a8c9dd0) 
thrown [s\open\src\hotspot\share\interpreter\linkResolver.cpp, line 759]
Event: 9.399 Thread 0x000000d84a70df30 Exception <a 'java/lang/NoSuchMethodError'{0x000000008a8d3588}: 'java.lang.Object java.lang.invoke.DirectMethodHandle$Holder.invokeInterface(java.lang.Object, java.lang.Object)'> (0x000000008a8d3588) 
thrown [s\open\src\hotspot\share\interpreter\linkResolver.cpp, line 759]
Event: 9.400 Thread 0x000000d84a70df30 Exception <a 'java/lang/IncompatibleClassChangeError'{0x000000008a8d6d80}: Found class java.lang.Object, but interface was expected> (0x000000008a8d6d80) 
thrown [s\open\src\hotspot\share\interpreter\linkResolver.cpp, line 826]
Event: 9.401 Thread 0x000000d84a70df30 Exception <a 'java/lang/NoSuchMethodError'{0x000000008a8d9d68}: 'void java.lang.invoke.DirectMethodHandle$Holder.invokeStatic(java.lang.Object, java.lang.Object)'> (0x000000008a8d9d68) 
thrown [s\open\src\hotspot\share\interpreter\linkResolver.cpp, line 759]
Event: 9.402 Thread 0x000000d84a70df30 Exception <a 'java/lang/NoSuchMethodError'{0x000000008a8dd680}: 'void java.lang.invoke.DirectMethodHandle$Holder.invokeStaticInit(java.lang.Object, java.lang.Object)'> (0x000000008a8dd680) 
thrown [s\open\src\hotspot\share\interpreter\linkResolver.cpp, line 759]
Event: 9.403 Thread 0x000000d84a70df30 Exception <a 'java/lang/NoSuchMethodError'{0x000000008a8e3280}: 'int java.lang.invoke.DirectMethodHandle$Holder.invokeStaticInit(java.lang.Object, java.lang.Object)'> (0x000000008a8e3280) 
thrown [s\open\src\hotspot\share\interpreter\linkResolver.cpp, line 759]
Event: 12.659 Thread 0x000000d84a70df30 Exception <a 'java/lang/NoSuchMethodError'{0x000000008b25d3b8}: 'java.lang.Object java.lang.invoke.Invokers$Holder.invokeExact_MT(java.lang.Object, java.lang.Object, java.lang.Object, java.lang.Object, java.lang.Object, java.lang.Object)'> (0x000000008b25d3b8) 
thrown [s\open\src\hotspot\share\interpreter\linkResolver.cpp, line 759]
Event: 13.613 Thread 0x000000d84a70df30 Exception <a 'java/lang/ClassNotFoundException'{0x000000008b130cd0}: groovy/lang/ExpandoMetaClassBeanInfo> (0x000000008b130cd0) 
thrown [s\open\src\hotspot\share\classfile\systemDictionary.cpp, line 256]
Event: 13.880 Thread 0x000000d84a70df30 Exception <a 'java/lang/ClassNotFoundException'{0x000000008b140490}: groovy/lang/MetaClassImplBeanInfo> (0x000000008b140490) 
thrown [s\open\src\hotspot\share\classfile\systemDictionary.cpp, line 256]
Event: 13.880 Thread 0x000000d84a70df30 Exception <a 'java/lang/ClassNotFoundException'{0x000000008b140ef0}: java/lang/ObjectBeanInfo> (0x000000008b140ef0) 
thrown [s\open\src\hotspot\share\classfile\systemDictionary.cpp, line 256]
Event: 13.881 Thread 0x000000d84a70df30 Exception <a 'java/lang/ClassNotFoundException'{0x000000008b142308}: java/lang/ObjectCustomizer> (0x000000008b142308) 
thrown [s\open\src\hotspot\share\classfile\systemDictionary.cpp, line 256]
Event: 13.886 Thread 0x000000d84a70df30 Exception <a 'java/lang/IncompatibleClassChangeError'{0x000000008b1480a0}: Found class java.lang.Object, but interface was expected> (0x000000008b1480a0) 
thrown [s\open\src\hotspot\share\interpreter\linkResolver.cpp, line 826]
Event: 13.893 Thread 0x000000d84a70df30 Exception <a 'java/lang/ClassNotFoundException'{0x000000008b167278}: groovy/lang/MetaClassImplCustomizer> (0x000000008b167278) 
thrown [s\open\src\hotspot\share\classfile\systemDictionary.cpp, line 256]
Event: 13.900 Thread 0x000000d84a70df30 Exception <a 'java/lang/ClassNotFoundException'{0x000000008b1970a0}: groovy/lang/ExpandoMetaClassCustomizer> (0x000000008b1970a0) 
thrown [s\open\src\hotspot\share\classfile\systemDictionary.cpp, line 256]

VM Operations (20 events):
Event: 4.025 Executing VM operation: Cleanup done
Event: 4.162 Executing VM operation: HandshakeAllThreads
Event: 4.162 Executing VM operation: HandshakeAllThreads done
Event: 5.162 Executing VM operation: Cleanup
Event: 5.197 Executing VM operation: Cleanup done
Event: 6.198 Executing VM operation: Cleanup
Event: 6.201 Executing VM operation: Cleanup done
Event: 7.203 Executing VM operation: Cleanup
Event: 7.576 Executing VM operation: Cleanup done
Event: 8.576 Executing VM operation: Cleanup
Event: 8.850 Executing VM operation: Cleanup done
Event: 9.820 Executing VM operation: HandshakeAllThreads
Event: 9.820 Executing VM operation: HandshakeAllThreads done
Event: 10.820 Executing VM operation: Cleanup
Event: 11.261 Executing VM operation: Cleanup done
Event: 11.281 Executing VM operation: G1CollectForAllocation
Event: 12.052 Executing VM operation: G1CollectForAllocation done
Event: 13.054 Executing VM operation: Cleanup
Event: 13.054 Executing VM operation: Cleanup done
Event: 14.054 Executing VM operation: Cleanup

Events (20 events):
Event: 13.892 loading class java/beans/GenericBeanInfo
Event: 13.892 loading class java/beans/SimpleBeanInfo
Event: 13.892 loading class java/beans/SimpleBeanInfo done
Event: 13.892 loading class java/beans/GenericBeanInfo done
Event: 13.895 loading class sun/reflect/generics/tree/TypeVariableSignature
Event: 13.895 loading class sun/reflect/generics/tree/TypeVariableSignature done
Event: 13.896 loading class sun/reflect/generics/tree/ArrayTypeSignature
Event: 13.896 loading class sun/reflect/generics/tree/ArrayTypeSignature done
Event: 13.897 loading class java/util/Hashtable$EntrySet
Event: 13.897 loading class java/util/Hashtable$EntrySet done
Event: 13.905 loading class java/util/LinkedHashMap$LinkedKeySet
Event: 13.905 loading class java/util/LinkedHashMap$LinkedKeySet done
Event: 13.905 loading class java/util/LinkedHashMap$LinkedKeyIterator
Event: 13.905 loading class java/util/LinkedHashMap$LinkedKeyIterator done
Event: 13.911 loading class java/util/concurrent/locks/ReentrantReadWriteLock
Event: 13.911 loading class java/util/concurrent/locks/ReadWriteLock
Event: 13.911 loading class java/util/concurrent/locks/ReadWriteLock done
Event: 13.911 loading class java/util/concurrent/locks/ReentrantReadWriteLock done
Event: 13.991 loading class java/util/EventObject
Event: 13.991 loading class java/util/EventObject done


Dynamic libraries:
0x00007ff6b25f0000 - 0x00007ff6b2600000 	C:\Program Files\Java\jdk-17\bin\javaw.exe
0x00007ff8fb230000 - 0x00007ff8fb3f2000 	C:\Windows\SYSTEM32\ntdll.dll
0x00007ff8fa8a0000 - 0x00007ff8fa94d000 	C:\Windows\system32\KERNEL32.DLL
0x00007ff8f86c0000 - 0x00007ff8f889d000 	C:\Windows\system32\KERNELBASE.dll
0x00007ff8e3f80000 - 0x00007ff8e3f99000 	C:\Program Files\Java\jdk-17\bin\jli.dll
0x00007ff8fb180000 - 0x00007ff8fb226000 	C:\Windows\system32\ADVAPI32.dll
0x00007ff8f88f0000 - 0x00007ff8f898d000 	C:\Windows\system32\msvcrt.dll
0x00007ff8f8a50000 - 0x00007ff8f8aab000 	C:\Windows\system32\sechost.dll
0x00007ff8fae60000 - 0x00007ff8faf86000 	C:\Windows\system32\RPCRT4.dll
0x00007ff8fa040000 - 0x00007ff8fa18e000 	C:\Windows\system32\USER32.dll
0x00007ff8fa9c0000 - 0x00007ff8fab43000 	C:\Windows\system32\GDI32.dll
0x00007ff8e50d0000 - 0x00007ff8e50eb000 	C:\Program Files\Java\jdk-17\bin\VCRUNTIME140.dll
0x00007ff8f1850000 - 0x00007ff8f1942000 	C:\Windows\SYSTEM32\ucrtbase.dll
0x00007ff8f1cc0000 - 0x00007ff8f1f34000 	C:\Windows\WinSxS\amd64_microsoft.windows.common-controls_6595b64144ccf1df_6.0.10240.17184_none_f41d7a705752bce6\COMCTL32.dll
0x00007ff8f1f40000 - 0x00007ff8f1f4a000 	C:\Windows\SYSTEM32\VERSION.dll
0x00007ff8fa340000 - 0x00007ff8fa376000 	C:\Windows\system32\IMM32.DLL
0x00007ff8fa600000 - 0x00007ff8fa75c000 	C:\Windows\system32\MSCTF.dll
0x00007ff8f20a0000 - 0x00007ff8f20ac000 	C:\Program Files\Java\jdk-17\bin\vcruntime140_1.dll
0x00007ff8d8a50000 - 0x00007ff8d8ade000 	C:\Program Files\Java\jdk-17\bin\msvcp140.dll
0x00007ff8cdcb0000 - 0x00007ff8ce88d000 	C:\Program Files\Java\jdk-17\bin\server\jvm.dll
0x00007ff8fad00000 - 0x00007ff8fad08000 	C:\Windows\system32\PSAPI.DLL
0x00007ff8eeeb0000 - 0x00007ff8eeeb9000 	C:\Windows\SYSTEM32\WSOCK32.dll
0x00007ff8fab60000 - 0x00007ff8fabc9000 	C:\Windows\system32\WS2_32.dll
0x00007ff8fab50000 - 0x00007ff8fab58000 	C:\Windows\system32\NSI.dll
0x00007ff8f5ff0000 - 0x00007ff8f6013000 	C:\Windows\SYSTEM32\WINMM.dll
0x00007ff8f5eb0000 - 0x00007ff8f5edc000 	C:\Windows\SYSTEM32\WINMMBASE.dll
0x00007ff8f88a0000 - 0x00007ff8f88e4000 	C:\Windows\system32\cfgmgr32.dll
0x00007ff8f66b0000 - 0x00007ff8f66d7000 	C:\Windows\SYSTEM32\DEVOBJ.dll
0x00007ff8f7cc0000 - 0x00007ff8f7ccf000 	C:\Windows\system32\kernel.appcore.dll
0x00007ff8f0dc0000 - 0x00007ff8f0dca000 	C:\Program Files\Java\jdk-17\bin\jimage.dll
0x00007ff8f4d30000 - 0x00007ff8f4eba000 	C:\Windows\SYSTEM32\DBGHELP.DLL
0x00007ff8efbc0000 - 0x00007ff8efbe5000 	C:\Windows\SYSTEM32\dbgcore.DLL
0x00007ff8d8b60000 - 0x00007ff8d8b85000 	C:\Program Files\Java\jdk-17\bin\java.dll
0x00007ff8d7d60000 - 0x00007ff8d7e37000 	C:\Program Files\Java\jdk-17\bin\jsvml.dll
0x00007ff8f8ab0000 - 0x00007ff8f9fd3000 	C:\Windows\system32\SHELL32.dll
0x00007ff8f7f20000 - 0x00007ff8f8549000 	C:\Windows\system32\windows.storage.dll
0x00007ff8fa380000 - 0x00007ff8fa5fc000 	C:\Windows\system32\combase.dll
0x00007ff8faca0000 - 0x00007ff8facf1000 	C:\Windows\system32\shlwapi.dll
0x00007ff8f8600000 - 0x00007ff8f86b3000 	C:\Windows\system32\shcore.dll
0x00007ff8f7c70000 - 0x00007ff8f7cba000 	C:\Windows\system32\powrprof.dll
0x00007ff8f7cd0000 - 0x00007ff8f7ce3000 	C:\Windows\system32\profapi.dll
0x00007ff8e3bf0000 - 0x00007ff8e3c09000 	C:\Program Files\Java\jdk-17\bin\net.dll
0x00007ff8f41a0000 - 0x00007ff8f4276000 	C:\Windows\SYSTEM32\WINHTTP.dll
0x00007ff8f7420000 - 0x00007ff8f747d000 	C:\Windows\system32\mswsock.dll
0x00007ff8d9850000 - 0x00007ff8d9866000 	C:\Program Files\Java\jdk-17\bin\nio.dll
0x00007ff8d8dc0000 - 0x00007ff8d8dd8000 	C:\Program Files\Java\jdk-17\bin\zip.dll
0x00007ff8f02d0000 - 0x00007ff8f02e0000 	C:\Program Files\Java\jdk-17\bin\verify.dll

dbghelp: loaded successfully - version: 4.0.5 - missing functions: none
symbol engine: initialized successfully - sym options: 0x614 - pdb path: .;C:\Program Files\Java\jdk-17\bin;C:\Windows\SYSTEM32;C:\Windows\WinSxS\amd64_microsoft.windows.common-controls_6595b64144ccf1df_6.0.10240.17184_none_f41d7a705752bce6;C:\Program Files\Java\jdk-17\bin\server

VM Arguments:
jvm_args: -Dfile.encoding=UTF-8 -XX:+ShowCodeDetailsInExceptionMessages 
java_command: DriverClass
java_class_path (initial): C:\Java\restAssuredDriverClassFreamwork\target\classes;C:\Users\Manu\.m2\repository\io\rest-assured\rest-assured\5.3.0\rest-assured-5.3.0.jar;C:\Users\Manu\.m2\repository\org\apache\groovy\groovy\4.0.6\groovy-4.0.6.jar;C:\Users\Manu\.m2\repository\org\apache\groovy\groovy-xml\4.0.6\groovy-xml-4.0.6.jar;C:\Users\Manu\.m2\repository\org\apache\httpcomponents\httpclient\4.5.13\httpclient-4.5.13.jar;C:\Users\Manu\.m2\repository\org\apache\httpcomponents\httpcore\4.4.13\httpcore-4.4.13.jar;C:\Users\Manu\.m2\repository\commons-logging\commons-logging\1.2\commons-logging-1.2.jar;C:\Users\Manu\.m2\repository\org\apache\httpcomponents\httpmime\4.5.13\httpmime-4.5.13.jar;C:\Users\Manu\.m2\repository\org\hamcrest\hamcrest\2.1\hamcrest-2.1.jar;C:\Users\Manu\.m2\repository\org\ccil\cowan\tagsoup\tagsoup\1.2.1\tagsoup-1.2.1.jar;C:\Users\Manu\.m2\repository\io\rest-assured\json-path\5.3.0\json-path-5.3.0.jar;C:\Users\Manu\.m2\repository\org\apache\groovy\groovy-json\4.0.6\groovy-json-4.0.6.jar;C:\Users\Manu\.m2\repository\io\rest-assured\rest-assured-common\5.3.0\rest-assured-common-5.3.0.jar;C:\Users\Manu\.m2\repository\io\rest-assured\xml-path\5.3.0\xml-path-5.3.0.jar;C:\Users\Manu\.m2\repository\org\apache\commons\commons-lang3\3.11\commons-lang3-3.11.jar;C:\Users\Manu\.m2\repository\org\testng\testng\7.7.1\testng-7.7.1.jar;C:\Users\Manu\.m2\repository\org\slf4j\slf4j-api\1.7.36\slf4j-api-1.7.36.jar;C:\Users\Manu\.m2\repository\com\beust\jcommander\1.82\jcommander-1.82.jar;C:\Users\Manu\.m2\repository\org\webjars\jquery\3.6.1\jquery-3.6.1.jar;C:\Users\Manu\.m2\repository\org\apache\poi\poi\5.2.3\poi-5.2.3.jar;C:\Users\Manu\.m2\repository\commons-codec\commons-codec\1.15\commons-codec-1.15.jar;C:\Users\Manu\.m2\repository\org\apache\commons\commons-collections4\4.4\commons-collections4-4.4.jar;C:\Users\Manu\.m2\repository\org\apache\commons\commons-math3\3.6.1\commons-math3-3.6.1.jar;C:\Users\Manu\.m2\repository\commons-io\commons-io\2.11.0\commons-i
Launcher Type: SUN_STANDARD

[Global flags]
     intx CICompilerCount                          = 3                                         {product} {ergonomic}
     uint ConcGCThreads                            = 1                                         {product} {ergonomic}
     uint G1ConcRefinementThreads                  = 4                                         {product} {ergonomic}
   size_t G1HeapRegionSize                         = 1048576                                   {product} {ergonomic}
    uintx GCDrainStackTargetSize                   = 64                                        {product} {ergonomic}
   size_t InitialHeapSize                          = 132120576                                 {product} {ergonomic}
   size_t MarkStackSize                            = 4194304                                   {product} {ergonomic}
   size_t MaxHeapSize                              = 2090860544                                {product} {ergonomic}
   size_t MaxNewSize                               = 1254096896                                {product} {ergonomic}
   size_t MinHeapDeltaBytes                        = 1048576                                   {product} {ergonomic}
   size_t MinHeapSize                              = 8388608                                   {product} {ergonomic}
    uintx NonNMethodCodeHeapSize                   = 5832780                                {pd product} {ergonomic}
    uintx NonProfiledCodeHeapSize                  = 122912730                              {pd product} {ergonomic}
    uintx ProfiledCodeHeapSize                     = 122912730                              {pd product} {ergonomic}
    uintx ReservedCodeCacheSize                    = 251658240                              {pd product} {ergonomic}
     bool SegmentedCodeCache                       = true                                      {product} {ergonomic}
     bool ShowCodeDetailsInExceptionMessages       = true                                   {manageable} {command line}
   size_t SoftMaxHeapSize                          = 2090860544                             {manageable} {ergonomic}
     bool UseCompressedClassPointers               = true                           {product lp64_product} {ergonomic}
     bool UseCompressedOops                        = true                           {product lp64_product} {ergonomic}
     bool UseG1GC                                  = true                                      {product} {ergonomic}
     bool UseLargePagesIndividualAllocation        = false                                  {pd product} {ergonomic}

Logging:
Log output configuration:
 #0: stdout all=warning uptime,level,tags
 #1: stderr all=off uptime,level,tags

Environment Variables:
JAVA_HOME=E:\Java\jdk-11.0.1;
PATH=C:\Program Files\Common Files\Oracle\Java\javapath;C:\Windows\system32;C:\Windows;C:\Windows\System32\Wbem;C:\Windows\System32\WindowsPowerShell\v1.0\;C:\Program Files (x86)\Microsoft SQL Server\100\Tools\Binn\;C:\Program Files\Microsoft SQL Server\100\Tools\Binn\;C:\Program Files\Microsoft SQL Server\100\DTS\Binn\;C:\Program Files\Microsoft\Web Platform Installer\;C:\Program Files (x86)\Microsoft ASP.NET\ASP.NET Web Pages\v1.0\;C:\Program Files\nodejs\;E:\Java\jdk-11.0.1\bin;C:\Users\Manu\AppData\Roaming\npm
USERNAME=Manu
OS=Windows_NT
PROCESSOR_IDENTIFIER=Intel64 Family 6 Model 142 Stepping 9, GenuineIntel



---------------  S Y S T E M  ---------------

OS:
 Windows 10 , 64 bit Build 10240 (10.0.10240.17113)
OS uptime: 4 days 20:03 hours

CPU: total 4 (initial active 4) (2 cores per cpu, 2 threads per core) family 6 model 142 stepping 9 microcode 0x3c, cx8, cmov, fxsr, ht, mmx, 3dnowpref, sse, sse2, sse3, ssse3, sse4.1, sse4.2, popcnt, lzcnt, tsc, tscinvbit, avx, avx2, aes, erms, clmul, bmi1, bmi2, adx, fma, vzeroupper, clflush, clflushopt

Memory: 4k page, system-wide physical 7975M (2870M free)
TotalPageFile size 9255M (AvailPageFile size 6M)
current process WorkingSet (physical memory assigned to process): 59M, peak: 59M
current process commit charge ("private bytes"): 207M, peak: 209M

vm_info: Java HotSpot(TM) 64-Bit Server VM (17.0.7+8-LTS-224) for windows-amd64 JRE (17.0.7+8-LTS-224), built on Feb 28 2023 23:03:02 by "mach5one" with MS VC++ 17.1 (VS2022)

END.
