#
# There is insufficient memory for the Java Runtime Environment to continue.
# Native memory allocation (mmap) failed to map 65536 bytes for Failed to commit metaspace.
# Possible reasons:
#   The system is out of physical RAM or swap space
#   The process is running with CompressedOops enabled, and the Java Heap may be blocking the growth of the native heap
# Possible solutions:
#   Reduce memory load on the system
#   Increase physical memory or swap space
#   Check if swap backing store is full
#   Decrease Java heap size (-Xmx/-Xms)
#   Decrease number of Java threads
#   Decrease Java thread stack sizes (-Xss)
#   Set larger code cache with -XX:ReservedCodeCacheSize=
#   JVM is running with Unscaled Compressed Oops mode in which the Java heap is
#     placed in the first 4GB address space. The Java Heap base address is the
#     maximum limit for the native heap growth. Please use -XX:HeapBaseMinAddress
#     to set the Java Heap base and to place the Java Heap above 4GB virtual address.
# This output file may be truncated or incomplete.
#
#  Out of Memory Error (virtualSpaceNode.cpp:110), pid=5360, tid=8544
#
# JRE version: Java(TM) SE Runtime Environment (17.0.7+8) (build 17.0.7+8-LTS-224)
# Java VM: Java HotSpot(TM) 64-Bit Server VM (17.0.7+8-LTS-224, mixed mode, sharing, tiered, compressed oops, compressed class ptrs, g1 gc, windows-amd64)
# No core dump will be written. Minidumps are not enabled by default on client versions of Windows
#

---------------  S U M M A R Y ------------

Command Line: -Dfile.encoding=UTF-8 -XX:+ShowCodeDetailsInExceptionMessages DriverClass

Host: Intel(R) Core(TM) i5-7200U CPU @ 2.50GHz, 4 cores, 7G,  Windows 10 , 64 bit Build 10240 (10.0.10240.17113)
Time: Wed May 17 20:20:19 2023 India Standard Time elapsed time: 17.780457 seconds (0d 0h 0m 17s)

---------------  T H R E A D  ---------------

Current thread (0x0000008fe40fdf30):  JavaThread "main" [_thread_in_vm, id=8544, stack(0x0000008fe37e0000,0x0000008fe38e0000)]

Stack: [0x0000008fe37e0000,0x0000008fe38e0000]
Native frames: (J=compiled Java code, j=interpreted, Vv=VM code, C=native code)
V  [jvm.dll+0x676a4a]
V  [jvm.dll+0x7d74f4]
V  [jvm.dll+0x7d8c9e]
V  [jvm.dll+0x7d9303]
V  [jvm.dll+0x2452c5]
V  [jvm.dll+0x7d35fb]
V  [jvm.dll+0x61ca36]
V  [jvm.dll+0x61ca9a]
V  [jvm.dll+0x61f2bd]
V  [jvm.dll+0x61d3f6]
V  [jvm.dll+0x239a0f]
V  [jvm.dll+0x6270b5]
V  [jvm.dll+0x1e96ad]
V  [jvm.dll+0x1e9c75]
V  [jvm.dll+0x1ea5bb]
V  [jvm.dll+0x1dfdc1]
V  [jvm.dll+0x53cf0c]
V  [jvm.dll+0x1f06da]
V  [jvm.dll+0x75156d]
V  [jvm.dll+0x752953]
V  [jvm.dll+0x752c88]
V  [jvm.dll+0x23d78b]
V  [jvm.dll+0x23d9df]
V  [jvm.dll+0x55b008]
V  [jvm.dll+0x55ded7]
V  [jvm.dll+0x380e01]
V  [jvm.dll+0x38045f]
C  0x0000008ff2eda5ec

Java frames: (J=compiled Java code, j=interpreted, Vv=VM code)
j  sun.reflect.annotation.AnnotationParser.parseSig(Ljava/lang/String;Ljava/lang/Class;)Ljava/lang/Class;+14 java.base@17.0.7
j  sun.reflect.annotation.AnnotationParser.parseAnnotation2(Ljava/nio/ByteBuffer;Ljdk/internal/reflect/ConstantPool;Ljava/lang/Class;Z[Ljava/lang/Class;)Ljava/lang/annotation/Annotation;+27 java.base@17.0.7
j  sun.reflect.annotation.AnnotationParser.parseAnnotations2([BLjdk/internal/reflect/ConstantPool;Ljava/lang/Class;[Ljava/lang/Class;)Ljava/util/Map;+41 java.base@17.0.7
j  sun.reflect.annotation.AnnotationParser.parseAnnotations([BLjdk/internal/reflect/ConstantPool;Ljava/lang/Class;)Ljava/util/Map;+12 java.base@17.0.7
j  java.lang.reflect.Executable.declaredAnnotations()Ljava/util/Map;+62 java.base@17.0.7
j  java.lang.reflect.Executable.declaredAnnotations()Ljava/util/Map;+35 java.base@17.0.7
j  java.lang.reflect.Executable.getAnnotation(Ljava/lang/Class;)Ljava/lang/annotation/Annotation;+7 java.base@17.0.7
j  java.lang.reflect.Method.getAnnotation(Ljava/lang/Class;)Ljava/lang/annotation/Annotation;+2 java.base@17.0.7
j  org.codehaus.groovy.reflection.CachedMethod.getAnnotation(Ljava/lang/Class;)Ljava/lang/annotation/Annotation;+5
j  org.codehaus.groovy.runtime.metaclass.MetaClassRegistryImpl.registerMethods(Ljava/lang/Class;ZZLjava/util/Map;)V+255
j  org.codehaus.groovy.runtime.metaclass.MetaClassRegistryImpl.<init>(IZ)V+242
j  org.codehaus.groovy.runtime.metaclass.MetaClassRegistryImpl.<init>()V+3
j  groovy.lang.GroovySystem.<clinit>()V+8
v  ~StubRoutines::call_stub
j  org.codehaus.groovy.reflection.ClassInfo.isValidWeakMetaClass(Lgroovy/lang/MetaClass;)Z+1
j  org.codehaus.groovy.reflection.ClassInfo.getMetaClassForClass()Lgroovy/lang/MetaClass;+17
j  org.codehaus.groovy.reflection.ClassInfo.getMetaClass()Lgroovy/lang/MetaClass;+1
j  io.restassured.authentication.NoAuthScheme.$getStaticMetaClass()Lgroovy/lang/MetaClass;+35
j  io.restassured.authentication.NoAuthScheme.<init>()V+9
j  io.restassured.RestAssured.<clinit>()V+14
v  ~StubRoutines::call_stub
j  commonFunctionPackage.API_Common_Function.res_statusCode(Ljava/lang/String;Ljava/lang/String;Ljava/lang/String;)I+1
j  testClassPackage.post_tc_1.execute()V+14
j  DriverClass.main([Ljava/lang/String;)V+0
v  ~StubRoutines::call_stub

---------------  P R O C E S S  ---------------

Threads class SMR info:
_java_thread_list=0x0000008f831b33c0, length=12, elements={
0x0000008fe40fdf30, 0x0000008fffb5e8e0, 0x0000008fffb60360, 0x0000008fffb71680,
0x0000008fffb71f40, 0x0000008fffb74810, 0x0000008fffb750d0, 0x0000008fffb75cc0,
0x0000008fffbdbdf0, 0x0000008fffbebee0, 0x0000008f831a1880, 0x0000008f831b4030
}

Java Threads: ( => current thread )
=>0x0000008fe40fdf30 JavaThread "main" [_thread_in_vm, id=8544, stack(0x0000008fe37e0000,0x0000008fe38e0000)]
  0x0000008fffb5e8e0 JavaThread "Reference Handler" daemon [_thread_blocked, id=8520, stack(0x0000008f82800000,0x0000008f82900000)]
  0x0000008fffb60360 JavaThread "Finalizer" daemon [_thread_blocked, id=8940, stack(0x0000008f82900000,0x0000008f82a00000)]
  0x0000008fffb71680 JavaThread "Signal Dispatcher" daemon [_thread_blocked, id=8656, stack(0x0000008f82a00000,0x0000008f82b00000)]
  0x0000008fffb71f40 JavaThread "Attach Listener" daemon [_thread_blocked, id=7116, stack(0x0000008f82b00000,0x0000008f82c00000)]
  0x0000008fffb74810 JavaThread "Service Thread" daemon [_thread_blocked, id=9148, stack(0x0000008f82c00000,0x0000008f82d00000)]
  0x0000008fffb750d0 JavaThread "Monitor Deflation Thread" daemon [_thread_blocked, id=6908, stack(0x0000008f82d00000,0x0000008f82e00000)]
  0x0000008fffb75cc0 JavaThread "C2 CompilerThread0" daemon [_thread_blocked, id=8744, stack(0x0000008f82e00000,0x0000008f82f00000)]
  0x0000008fffbdbdf0 JavaThread "C1 CompilerThread0" daemon [_thread_blocked, id=9068, stack(0x0000008f82f00000,0x0000008f83000000)]
  0x0000008fffbebee0 JavaThread "Sweeper thread" daemon [_thread_blocked, id=7804, stack(0x0000008f83000000,0x0000008f83100000)]
  0x0000008f831a1880 JavaThread "Notification Thread" daemon [_thread_blocked, id=9528, stack(0x0000008f83500000,0x0000008f83600000)]
  0x0000008f831b4030 JavaThread "Common-Cleaner" daemon [_thread_blocked, id=9564, stack(0x0000008f83700000,0x0000008f83800000)]

Other Threads:
  0x0000008fffb58630 VMThread "VM Thread" [stack: 0x0000008fffe10000,0x0000008ffff10000] [id=5836] _threads_hazard_ptr=0x0000008f831b33c0
  0x0000008f831a7d70 WatcherThread [stack: 0x0000008f83600000,0x0000008f83700000] [id=9532]
  0x0000008fe4157510 GCTaskThread "GC Thread#0" [stack: 0x0000008fe3f90000,0x0000008fe4090000] [id=8952]
  0x0000008fe4168530 ConcurrentGCThread "G1 Main Marker" [stack: 0x0000008fff3c0000,0x0000008fff4c0000] [id=3864]
  0x0000008fe4169bc0 ConcurrentGCThread "G1 Conc#0" [stack: 0x0000008fff4c0000,0x0000008fff5c0000] [id=4296]
  0x0000008fffa20090 ConcurrentGCThread "G1 Refine#0" [stack: 0x0000008fffc10000,0x0000008fffd10000] [id=9096]
  0x0000008fffa209c0 ConcurrentGCThread "G1 Service" [stack: 0x0000008fffd10000,0x0000008fffe10000] [id=8524]

Threads with active compile tasks:

VM state: synchronizing (normal execution)

VM Mutex/Monitor currently owned by a thread:  ([mutex/lock_event])
[0x0000008fe1dac1e0] Metaspace_lock - owner thread: 0x0000008fe40fdf30
[0x0000008fe1dacfb0] Threads_lock - owner thread: 0x0000008fffb58630

Heap address: 0x0000000083600000, size: 1994 MB, Compressed Oops mode: 32-bit

CDS archive(s) mapped at: [0x0000000800000000-0x0000000800bd0000-0x0000000800bd0000), size 12386304, SharedBaseAddress: 0x0000000800000000, ArchiveRelocationMode: 0.
Compressed class space mapped at: 0x0000000800c00000-0x0000000840c00000, reserved size: 1073741824
Narrow klass base: 0x0000000800000000, Narrow klass shift: 0, Narrow klass range: 0x100000000

GC Precious Log:
 CPUs: 4 total, 4 available
 Memory: 7975M
 Large Page Support: Disabled
 NUMA Support: Disabled
 Compressed Oops: Enabled (32-bit)
 Heap Region Size: 1M
 Heap Min Capacity: 8M
 Heap Initial Capacity: 126M
 Heap Max Capacity: 1994M
 Pre-touch: Disabled
 Parallel Workers: 4
 Concurrent Workers: 1
 Concurrent Refinement Workers: 4
 Periodic GC: Disabled

Heap:
 garbage-first heap   total 129024K, used 11264K [0x0000000083600000, 0x0000000100000000)
  region size 1024K, 13 young (13312K), 0 survivors (0K)
 Metaspace       used 3299K, committed 3456K, reserved 1056768K
  class space    used 277K, committed 384K, reserved 1048576K

Heap Regions: E=young(eden), S=young(survivor), O=old, HS=humongous(starts), HC=humongous(continues), CS=collection set, F=free, OA=open archive, CA=closed archive, TAMS=top-at-mark-start (previous, next)
|   0|0x0000000083600000, 0x0000000083600000, 0x0000000083700000|  0%| F|  |TAMS 0x0000000083600000, 0x0000000083600000| Untracked 
|   1|0x0000000083700000, 0x0000000083700000, 0x0000000083800000|  0%| F|  |TAMS 0x0000000083700000, 0x0000000083700000| Untracked 
|   2|0x0000000083800000, 0x0000000083800000, 0x0000000083900000|  0%| F|  |TAMS 0x0000000083800000, 0x0000000083800000| Untracked 
|   3|0x0000000083900000, 0x0000000083900000, 0x0000000083a00000|  0%| F|  |TAMS 0x0000000083900000, 0x0000000083900000| Untracked 
|   4|0x0000000083a00000, 0x0000000083a00000, 0x0000000083b00000|  0%| F|  |TAMS 0x0000000083a00000, 0x0000000083a00000| Untracked 
|   5|0x0000000083b00000, 0x0000000083b00000, 0x0000000083c00000|  0%| F|  |TAMS 0x0000000083b00000, 0x0000000083b00000| Untracked 
|   6|0x0000000083c00000, 0x0000000083c00000, 0x0000000083d00000|  0%| F|  |TAMS 0x0000000083c00000, 0x0000000083c00000| Untracked 
|   7|0x0000000083d00000, 0x0000000083d00000, 0x0000000083e00000|  0%| F|  |TAMS 0x0000000083d00000, 0x0000000083d00000| Untracked 
|   8|0x0000000083e00000, 0x0000000083e00000, 0x0000000083f00000|  0%| F|  |TAMS 0x0000000083e00000, 0x0000000083e00000| Untracked 
|   9|0x0000000083f00000, 0x0000000083f00000, 0x0000000084000000|  0%| F|  |TAMS 0x0000000083f00000, 0x0000000083f00000| Untracked 
|  10|0x0000000084000000, 0x0000000084000000, 0x0000000084100000|  0%| F|  |TAMS 0x0000000084000000, 0x0000000084000000| Untracked 
|  11|0x0000000084100000, 0x0000000084100000, 0x0000000084200000|  0%| F|  |TAMS 0x0000000084100000, 0x0000000084100000| Untracked 
|  12|0x0000000084200000, 0x0000000084200000, 0x0000000084300000|  0%| F|  |TAMS 0x0000000084200000, 0x0000000084200000| Untracked 
|  13|0x0000000084300000, 0x0000000084300000, 0x0000000084400000|  0%| F|  |TAMS 0x0000000084300000, 0x0000000084300000| Untracked 
|  14|0x0000000084400000, 0x0000000084400000, 0x0000000084500000|  0%| F|  |TAMS 0x0000000084400000, 0x0000000084400000| Untracked 
|  15|0x0000000084500000, 0x0000000084500000, 0x0000000084600000|  0%| F|  |TAMS 0x0000000084500000, 0x0000000084500000| Untracked 
|  16|0x0000000084600000, 0x0000000084600000, 0x0000000084700000|  0%| F|  |TAMS 0x0000000084600000, 0x0000000084600000| Untracked 
|  17|0x0000000084700000, 0x0000000084700000, 0x0000000084800000|  0%| F|  |TAMS 0x0000000084700000, 0x0000000084700000| Untracked 
|  18|0x0000000084800000, 0x0000000084800000, 0x0000000084900000|  0%| F|  |TAMS 0x0000000084800000, 0x0000000084800000| Untracked 
|  19|0x0000000084900000, 0x0000000084900000, 0x0000000084a00000|  0%| F|  |TAMS 0x0000000084900000, 0x0000000084900000| Untracked 
|  20|0x0000000084a00000, 0x0000000084a00000, 0x0000000084b00000|  0%| F|  |TAMS 0x0000000084a00000, 0x0000000084a00000| Untracked 
|  21|0x0000000084b00000, 0x0000000084b00000, 0x0000000084c00000|  0%| F|  |TAMS 0x0000000084b00000, 0x0000000084b00000| Untracked 
|  22|0x0000000084c00000, 0x0000000084c00000, 0x0000000084d00000|  0%| F|  |TAMS 0x0000000084c00000, 0x0000000084c00000| Untracked 
|  23|0x0000000084d00000, 0x0000000084d00000, 0x0000000084e00000|  0%| F|  |TAMS 0x0000000084d00000, 0x0000000084d00000| Untracked 
|  24|0x0000000084e00000, 0x0000000084e00000, 0x0000000084f00000|  0%| F|  |TAMS 0x0000000084e00000, 0x0000000084e00000| Untracked 
|  25|0x0000000084f00000, 0x0000000084f00000, 0x0000000085000000|  0%| F|  |TAMS 0x0000000084f00000, 0x0000000084f00000| Untracked 
|  26|0x0000000085000000, 0x0000000085000000, 0x0000000085100000|  0%| F|  |TAMS 0x0000000085000000, 0x0000000085000000| Untracked 
|  27|0x0000000085100000, 0x0000000085100000, 0x0000000085200000|  0%| F|  |TAMS 0x0000000085100000, 0x0000000085100000| Untracked 
|  28|0x0000000085200000, 0x0000000085200000, 0x0000000085300000|  0%| F|  |TAMS 0x0000000085200000, 0x0000000085200000| Untracked 
|  29|0x0000000085300000, 0x0000000085300000, 0x0000000085400000|  0%| F|  |TAMS 0x0000000085300000, 0x0000000085300000| Untracked 
|  30|0x0000000085400000, 0x0000000085400000, 0x0000000085500000|  0%| F|  |TAMS 0x0000000085400000, 0x0000000085400000| Untracked 
|  31|0x0000000085500000, 0x0000000085500000, 0x0000000085600000|  0%| F|  |TAMS 0x0000000085500000, 0x0000000085500000| Untracked 
|  32|0x0000000085600000, 0x0000000085600000, 0x0000000085700000|  0%| F|  |TAMS 0x0000000085600000, 0x0000000085600000| Untracked 
|  33|0x0000000085700000, 0x0000000085700000, 0x0000000085800000|  0%| F|  |TAMS 0x0000000085700000, 0x0000000085700000| Untracked 
|  34|0x0000000085800000, 0x0000000085800000, 0x0000000085900000|  0%| F|  |TAMS 0x0000000085800000, 0x0000000085800000| Untracked 
|  35|0x0000000085900000, 0x0000000085900000, 0x0000000085a00000|  0%| F|  |TAMS 0x0000000085900000, 0x0000000085900000| Untracked 
|  36|0x0000000085a00000, 0x0000000085a00000, 0x0000000085b00000|  0%| F|  |TAMS 0x0000000085a00000, 0x0000000085a00000| Untracked 
|  37|0x0000000085b00000, 0x0000000085b00000, 0x0000000085c00000|  0%| F|  |TAMS 0x0000000085b00000, 0x0000000085b00000| Untracked 
|  38|0x0000000085c00000, 0x0000000085c00000, 0x0000000085d00000|  0%| F|  |TAMS 0x0000000085c00000, 0x0000000085c00000| Untracked 
|  39|0x0000000085d00000, 0x0000000085d00000, 0x0000000085e00000|  0%| F|  |TAMS 0x0000000085d00000, 0x0000000085d00000| Untracked 
|  40|0x0000000085e00000, 0x0000000085e00000, 0x0000000085f00000|  0%| F|  |TAMS 0x0000000085e00000, 0x0000000085e00000| Untracked 
|  41|0x0000000085f00000, 0x0000000085f00000, 0x0000000086000000|  0%| F|  |TAMS 0x0000000085f00000, 0x0000000085f00000| Untracked 
|  42|0x0000000086000000, 0x0000000086000000, 0x0000000086100000|  0%| F|  |TAMS 0x0000000086000000, 0x0000000086000000| Untracked 
|  43|0x0000000086100000, 0x0000000086100000, 0x0000000086200000|  0%| F|  |TAMS 0x0000000086100000, 0x0000000086100000| Untracked 
|  44|0x0000000086200000, 0x0000000086200000, 0x0000000086300000|  0%| F|  |TAMS 0x0000000086200000, 0x0000000086200000| Untracked 
|  45|0x0000000086300000, 0x0000000086300000, 0x0000000086400000|  0%| F|  |TAMS 0x0000000086300000, 0x0000000086300000| Untracked 
|  46|0x0000000086400000, 0x0000000086400000, 0x0000000086500000|  0%| F|  |TAMS 0x0000000086400000, 0x0000000086400000| Untracked 
|  47|0x0000000086500000, 0x0000000086500000, 0x0000000086600000|  0%| F|  |TAMS 0x0000000086500000, 0x0000000086500000| Untracked 
|  48|0x0000000086600000, 0x0000000086600000, 0x0000000086700000|  0%| F|  |TAMS 0x0000000086600000, 0x0000000086600000| Untracked 
|  49|0x0000000086700000, 0x0000000086700000, 0x0000000086800000|  0%| F|  |TAMS 0x0000000086700000, 0x0000000086700000| Untracked 
|  50|0x0000000086800000, 0x0000000086800000, 0x0000000086900000|  0%| F|  |TAMS 0x0000000086800000, 0x0000000086800000| Untracked 
|  51|0x0000000086900000, 0x0000000086900000, 0x0000000086a00000|  0%| F|  |TAMS 0x0000000086900000, 0x0000000086900000| Untracked 
|  52|0x0000000086a00000, 0x0000000086a00000, 0x0000000086b00000|  0%| F|  |TAMS 0x0000000086a00000, 0x0000000086a00000| Untracked 
|  53|0x0000000086b00000, 0x0000000086b00000, 0x0000000086c00000|  0%| F|  |TAMS 0x0000000086b00000, 0x0000000086b00000| Untracked 
|  54|0x0000000086c00000, 0x0000000086c00000, 0x0000000086d00000|  0%| F|  |TAMS 0x0000000086c00000, 0x0000000086c00000| Untracked 
|  55|0x0000000086d00000, 0x0000000086d00000, 0x0000000086e00000|  0%| F|  |TAMS 0x0000000086d00000, 0x0000000086d00000| Untracked 
|  56|0x0000000086e00000, 0x0000000086e00000, 0x0000000086f00000|  0%| F|  |TAMS 0x0000000086e00000, 0x0000000086e00000| Untracked 
|  57|0x0000000086f00000, 0x0000000086f00000, 0x0000000087000000|  0%| F|  |TAMS 0x0000000086f00000, 0x0000000086f00000| Untracked 
|  58|0x0000000087000000, 0x0000000087000000, 0x0000000087100000|  0%| F|  |TAMS 0x0000000087000000, 0x0000000087000000| Untracked 
|  59|0x0000000087100000, 0x0000000087100000, 0x0000000087200000|  0%| F|  |TAMS 0x0000000087100000, 0x0000000087100000| Untracked 
|  60|0x0000000087200000, 0x0000000087200000, 0x0000000087300000|  0%| F|  |TAMS 0x0000000087200000, 0x0000000087200000| Untracked 
|  61|0x0000000087300000, 0x0000000087300000, 0x0000000087400000|  0%| F|  |TAMS 0x0000000087300000, 0x0000000087300000| Untracked 
|  62|0x0000000087400000, 0x0000000087400000, 0x0000000087500000|  0%| F|  |TAMS 0x0000000087400000, 0x0000000087400000| Untracked 
|  63|0x0000000087500000, 0x0000000087500000, 0x0000000087600000|  0%| F|  |TAMS 0x0000000087500000, 0x0000000087500000| Untracked 
|  64|0x0000000087600000, 0x0000000087600000, 0x0000000087700000|  0%| F|  |TAMS 0x0000000087600000, 0x0000000087600000| Untracked 
|  65|0x0000000087700000, 0x0000000087700000, 0x0000000087800000|  0%| F|  |TAMS 0x0000000087700000, 0x0000000087700000| Untracked 
|  66|0x0000000087800000, 0x0000000087800000, 0x0000000087900000|  0%| F|  |TAMS 0x0000000087800000, 0x0000000087800000| Untracked 
|  67|0x0000000087900000, 0x0000000087900000, 0x0000000087a00000|  0%| F|  |TAMS 0x0000000087900000, 0x0000000087900000| Untracked 
|  68|0x0000000087a00000, 0x0000000087a00000, 0x0000000087b00000|  0%| F|  |TAMS 0x0000000087a00000, 0x0000000087a00000| Untracked 
|  69|0x0000000087b00000, 0x0000000087b00000, 0x0000000087c00000|  0%| F|  |TAMS 0x0000000087b00000, 0x0000000087b00000| Untracked 
|  70|0x0000000087c00000, 0x0000000087c00000, 0x0000000087d00000|  0%| F|  |TAMS 0x0000000087c00000, 0x0000000087c00000| Untracked 
|  71|0x0000000087d00000, 0x0000000087d00000, 0x0000000087e00000|  0%| F|  |TAMS 0x0000000087d00000, 0x0000000087d00000| Untracked 
|  72|0x0000000087e00000, 0x0000000087e00000, 0x0000000087f00000|  0%| F|  |TAMS 0x0000000087e00000, 0x0000000087e00000| Untracked 
|  73|0x0000000087f00000, 0x0000000087f00000, 0x0000000088000000|  0%| F|  |TAMS 0x0000000087f00000, 0x0000000087f00000| Untracked 
|  74|0x0000000088000000, 0x0000000088000000, 0x0000000088100000|  0%| F|  |TAMS 0x0000000088000000, 0x0000000088000000| Untracked 
|  75|0x0000000088100000, 0x0000000088100000, 0x0000000088200000|  0%| F|  |TAMS 0x0000000088100000, 0x0000000088100000| Untracked 
|  76|0x0000000088200000, 0x0000000088200000, 0x0000000088300000|  0%| F|  |TAMS 0x0000000088200000, 0x0000000088200000| Untracked 
|  77|0x0000000088300000, 0x0000000088300000, 0x0000000088400000|  0%| F|  |TAMS 0x0000000088300000, 0x0000000088300000| Untracked 
|  78|0x0000000088400000, 0x0000000088400000, 0x0000000088500000|  0%| F|  |TAMS 0x0000000088400000, 0x0000000088400000| Untracked 
|  79|0x0000000088500000, 0x0000000088500000, 0x0000000088600000|  0%| F|  |TAMS 0x0000000088500000, 0x0000000088500000| Untracked 
|  80|0x0000000088600000, 0x0000000088600000, 0x0000000088700000|  0%| F|  |TAMS 0x0000000088600000, 0x0000000088600000| Untracked 
|  81|0x0000000088700000, 0x0000000088700000, 0x0000000088800000|  0%| F|  |TAMS 0x0000000088700000, 0x0000000088700000| Untracked 
|  82|0x0000000088800000, 0x0000000088800000, 0x0000000088900000|  0%| F|  |TAMS 0x0000000088800000, 0x0000000088800000| Untracked 
|  83|0x0000000088900000, 0x0000000088900000, 0x0000000088a00000|  0%| F|  |TAMS 0x0000000088900000, 0x0000000088900000| Untracked 
|  84|0x0000000088a00000, 0x0000000088a00000, 0x0000000088b00000|  0%| F|  |TAMS 0x0000000088a00000, 0x0000000088a00000| Untracked 
|  85|0x0000000088b00000, 0x0000000088b00000, 0x0000000088c00000|  0%| F|  |TAMS 0x0000000088b00000, 0x0000000088b00000| Untracked 
|  86|0x0000000088c00000, 0x0000000088c00000, 0x0000000088d00000|  0%| F|  |TAMS 0x0000000088c00000, 0x0000000088c00000| Untracked 
|  87|0x0000000088d00000, 0x0000000088d00000, 0x0000000088e00000|  0%| F|  |TAMS 0x0000000088d00000, 0x0000000088d00000| Untracked 
|  88|0x0000000088e00000, 0x0000000088e00000, 0x0000000088f00000|  0%| F|  |TAMS 0x0000000088e00000, 0x0000000088e00000| Untracked 
|  89|0x0000000088f00000, 0x0000000088f00000, 0x0000000089000000|  0%| F|  |TAMS 0x0000000088f00000, 0x0000000088f00000| Untracked 
|  90|0x0000000089000000, 0x0000000089000000, 0x0000000089100000|  0%| F|  |TAMS 0x0000000089000000, 0x0000000089000000| Untracked 
|  91|0x0000000089100000, 0x0000000089100000, 0x0000000089200000|  0%| F|  |TAMS 0x0000000089100000, 0x0000000089100000| Untracked 
|  92|0x0000000089200000, 0x0000000089200000, 0x0000000089300000|  0%| F|  |TAMS 0x0000000089200000, 0x0000000089200000| Untracked 
|  93|0x0000000089300000, 0x0000000089300000, 0x0000000089400000|  0%| F|  |TAMS 0x0000000089300000, 0x0000000089300000| Untracked 
|  94|0x0000000089400000, 0x0000000089400000, 0x0000000089500000|  0%| F|  |TAMS 0x0000000089400000, 0x0000000089400000| Untracked 
|  95|0x0000000089500000, 0x0000000089500000, 0x0000000089600000|  0%| F|  |TAMS 0x0000000089500000, 0x0000000089500000| Untracked 
|  96|0x0000000089600000, 0x0000000089600000, 0x0000000089700000|  0%| F|  |TAMS 0x0000000089600000, 0x0000000089600000| Untracked 
|  97|0x0000000089700000, 0x0000000089700000, 0x0000000089800000|  0%| F|  |TAMS 0x0000000089700000, 0x0000000089700000| Untracked 
|  98|0x0000000089800000, 0x0000000089800000, 0x0000000089900000|  0%| F|  |TAMS 0x0000000089800000, 0x0000000089800000| Untracked 
|  99|0x0000000089900000, 0x0000000089900000, 0x0000000089a00000|  0%| F|  |TAMS 0x0000000089900000, 0x0000000089900000| Untracked 
| 100|0x0000000089a00000, 0x0000000089a00000, 0x0000000089b00000|  0%| F|  |TAMS 0x0000000089a00000, 0x0000000089a00000| Untracked 
| 101|0x0000000089b00000, 0x0000000089b00000, 0x0000000089c00000|  0%| F|  |TAMS 0x0000000089b00000, 0x0000000089b00000| Untracked 
| 102|0x0000000089c00000, 0x0000000089c00000, 0x0000000089d00000|  0%| F|  |TAMS 0x0000000089c00000, 0x0000000089c00000| Untracked 
| 103|0x0000000089d00000, 0x0000000089d00000, 0x0000000089e00000|  0%| F|  |TAMS 0x0000000089d00000, 0x0000000089d00000| Untracked 
| 104|0x0000000089e00000, 0x0000000089e00000, 0x0000000089f00000|  0%| F|  |TAMS 0x0000000089e00000, 0x0000000089e00000| Untracked 
| 105|0x0000000089f00000, 0x0000000089f00000, 0x000000008a000000|  0%| F|  |TAMS 0x0000000089f00000, 0x0000000089f00000| Untracked 
| 106|0x000000008a000000, 0x000000008a000000, 0x000000008a100000|  0%| F|  |TAMS 0x000000008a000000, 0x000000008a000000| Untracked 
| 107|0x000000008a100000, 0x000000008a100000, 0x000000008a200000|  0%| F|  |TAMS 0x000000008a100000, 0x000000008a100000| Untracked 
| 108|0x000000008a200000, 0x000000008a200000, 0x000000008a300000|  0%| F|  |TAMS 0x000000008a200000, 0x000000008a200000| Untracked 
| 109|0x000000008a300000, 0x000000008a300000, 0x000000008a400000|  0%| F|  |TAMS 0x000000008a300000, 0x000000008a300000| Untracked 
| 110|0x000000008a400000, 0x000000008a400000, 0x000000008a500000|  0%| F|  |TAMS 0x000000008a400000, 0x000000008a400000| Untracked 
| 111|0x000000008a500000, 0x000000008a500000, 0x000000008a600000|  0%| F|  |TAMS 0x000000008a500000, 0x000000008a500000| Untracked 
| 112|0x000000008a600000, 0x000000008a600000, 0x000000008a700000|  0%| F|  |TAMS 0x000000008a600000, 0x000000008a600000| Untracked 
| 113|0x000000008a700000, 0x000000008a800000, 0x000000008a800000|100%| E|  |TAMS 0x000000008a700000, 0x000000008a700000| Complete 
| 114|0x000000008a800000, 0x000000008a900000, 0x000000008a900000|100%| E|CS|TAMS 0x000000008a800000, 0x000000008a800000| Complete 
| 115|0x000000008a900000, 0x000000008aa00000, 0x000000008aa00000|100%| E|CS|TAMS 0x000000008a900000, 0x000000008a900000| Complete 
| 116|0x000000008aa00000, 0x000000008ab00000, 0x000000008ab00000|100%| E|CS|TAMS 0x000000008aa00000, 0x000000008aa00000| Complete 
| 117|0x000000008ab00000, 0x000000008ac00000, 0x000000008ac00000|100%| E|  |TAMS 0x000000008ab00000, 0x000000008ab00000| Complete 
| 118|0x000000008ac00000, 0x000000008ad00000, 0x000000008ad00000|100%| E|CS|TAMS 0x000000008ac00000, 0x000000008ac00000| Complete 
| 119|0x000000008ad00000, 0x000000008ae00000, 0x000000008ae00000|100%| E|CS|TAMS 0x000000008ad00000, 0x000000008ad00000| Complete 
| 120|0x000000008ae00000, 0x000000008af00000, 0x000000008af00000|100%| E|CS|TAMS 0x000000008ae00000, 0x000000008ae00000| Complete 
| 121|0x000000008af00000, 0x000000008b000000, 0x000000008b000000|100%| E|CS|TAMS 0x000000008af00000, 0x000000008af00000| Complete 
| 122|0x000000008b000000, 0x000000008b100000, 0x000000008b100000|100%| E|CS|TAMS 0x000000008b000000, 0x000000008b000000| Complete 
| 123|0x000000008b100000, 0x000000008b200000, 0x000000008b200000|100%| E|CS|TAMS 0x000000008b100000, 0x000000008b100000| Complete 
| 124|0x000000008b200000, 0x000000008b300000, 0x000000008b300000|100%| E|CS|TAMS 0x000000008b200000, 0x000000008b200000| Complete 
| 125|0x000000008b300000, 0x000000008b400000, 0x000000008b400000|100%| E|CS|TAMS 0x000000008b300000, 0x000000008b300000| Complete 

Card table byte_map: [0x0000008ffad80000,0x0000008ffb170000] _byte_map_base: 0x0000008ffa965000

Marking Bits (Prev, Next): (CMBitMap*) 0x0000008fe4158240, (CMBitMap*) 0x0000008fe4158280
 Prev Bits: [0x0000008ffb560000, 0x0000008ffd488000)
 Next Bits: [0x0000008ffd490000, 0x0000008fff3b8000)

Polling page: 0x0000008fe38e0000

Metaspace:

Usage:
  Non-class:      2.95 MB used.
      Class:    277.04 KB used.
       Both:      3.22 MB used.

Virtual space:
  Non-class space:        8.00 MB reserved,       3.00 MB ( 38%) committed,  1 nodes.
      Class space:        1.00 GB reserved,     384.00 KB ( <1%) committed,  1 nodes.
             Both:        1.01 GB reserved,       3.38 MB ( <1%) committed. 

Chunk freelists:
   Non-Class:  2.33 MB
       Class:  3.55 MB
        Both:  5.88 MB

MaxMetaspaceSize: unlimited
CompressedClassSpaceSize: 1.00 GB
Initial GC threshold: 21.00 MB
Current GC threshold: 21.00 MB
CDS: on
MetaspaceReclaimPolicy: balanced
 - commit_granule_bytes: 65536.
 - commit_granule_words: 8192.
 - virtual_space_node_default_size: 1048576.
 - enlarge_chunks_in_place: 1.
 - new_chunks_are_fully_committed: 0.
 - uncommit_free_chunks: 1.
 - use_allocation_guard: 0.
 - handle_deallocations: 1.


Internal statistics:

num_allocs_failed_limit: 0.
num_arena_births: 64.
num_arena_deaths: 0.
num_vsnodes_births: 2.
num_vsnodes_deaths: 0.
num_space_committed: 54.
num_space_uncommitted: 0.
num_chunks_returned_to_freelist: 0.
num_chunks_taken_from_freelist: 154.
num_chunk_merges: 0.
num_chunk_splits: 101.
num_chunks_enlarged: 73.
num_purges: 0.
num_inconsistent_stats: 0.

CodeHeap 'non-profiled nmethods': size=120000Kb used=223Kb max_used=223Kb free=119776Kb
 bounds [0x0000008ff3460000, 0x0000008ff36d0000, 0x0000008ffa990000]
CodeHeap 'profiled nmethods': size=120000Kb used=1225Kb max_used=1225Kb free=118774Kb
 bounds [0x0000008feb990000, 0x0000008febc00000, 0x0000008ff2ec0000]
CodeHeap 'non-nmethods': size=5760Kb used=1469Kb max_used=1485Kb free=4290Kb
 bounds [0x0000008ff2ec0000, 0x0000008ff3130000, 0x0000008ff3460000]
 total_blobs=1261 nmethods=756 adapters=418
 compilation: enabled
              stopped_count=0, restarted_count=0
 full_count=0

Compilation events (20 events):
Event: 14.903 Thread 0x0000008fffbdbdf0  749       3       java.lang.invoke.MethodHandleNatives::refKindIsField (32 bytes)
Event: 14.904 Thread 0x0000008fffbdbdf0 nmethod 749 0x0000008febabf010 code [0x0000008febabf1a0, 0x0000008febabf2f8]
Event: 14.904 Thread 0x0000008fffbdbdf0  750       3       java.lang.reflect.Modifier::isProtected (12 bytes)
Event: 14.904 Thread 0x0000008fffbdbdf0 nmethod 750 0x0000008febabf390 code [0x0000008febabf520, 0x0000008febabf678]
Event: 14.907 Thread 0x0000008fffbdbdf0  751       3       java.lang.Class::getMethodsRecursive (99 bytes)
Event: 14.908 Thread 0x0000008fffbdbdf0 nmethod 751 0x0000008febabf710 code [0x0000008febabf940, 0x0000008febabfee8]
Event: 14.916 Thread 0x0000008fffbdbdf0  752       1       java.lang.ClassValue$Version::promise (5 bytes)
Event: 14.916 Thread 0x0000008fffbdbdf0 nmethod 752 0x0000008ff3497990 code [0x0000008ff3497b20, 0x0000008ff3497bf8]
Event: 14.917 Thread 0x0000008fffbdbdf0  753       3       java.util.WeakHashMap::get (75 bytes)
Event: 14.919 Thread 0x0000008fffbdbdf0 nmethod 753 0x0000008febac0210 code [0x0000008febac0440, 0x0000008febac0d18]
Event: 14.919 Thread 0x0000008fffbdbdf0  754       3       java.lang.ClassValue$Entry::isPromise (14 bytes)
Event: 14.920 Thread 0x0000008fffbdbdf0 nmethod 754 0x0000008febac1090 code [0x0000008febac1220, 0x0000008febac1398]
Event: 14.921 Thread 0x0000008fffbdbdf0  755       3       org.codehaus.groovy.util.LockableObject::tryRelease (45 bytes)
Event: 14.921 Thread 0x0000008fffbdbdf0 nmethod 755 0x0000008febac1410 code [0x0000008febac15c0, 0x0000008febac18a8]
Event: 14.922 Thread 0x0000008fffbdbdf0  756       3       java.util.concurrent.locks.AbstractQueuedSynchronizer::signalNext (34 bytes)
Event: 14.922 Thread 0x0000008fffbdbdf0 nmethod 756 0x0000008febac1990 code [0x0000008febac1b40, 0x0000008febac1dd8]
Event: 14.922 Thread 0x0000008fffbdbdf0  757       1       java.lang.invoke.MethodHandles$Lookup::previousLookupClass (5 bytes)
Event: 14.923 Thread 0x0000008fffbdbdf0 nmethod 757 0x0000008ff3497c90 code [0x0000008ff3497e20, 0x0000008ff3497ef8]
Event: 15.005 Thread 0x0000008fffbdbdf0  758       3       java.util.Collections$SetFromMap::add (22 bytes)
Event: 15.006 Thread 0x0000008fffbdbdf0 nmethod 758 0x0000008febac1f90 code [0x0000008febac2140, 0x0000008febac2388]

GC Heap History (0 events):
No events

Deoptimization events (14 events):
Event: 7.597 Thread 0x0000008fe40fdf30 DEOPT PACKING pc=0x0000008feb9a8fe7 sp=0x0000008fe38dca90
Event: 7.597 Thread 0x0000008fe40fdf30 DEOPT UNPACKING pc=0x0000008ff2f12b43 sp=0x0000008fe38dbeb0 mode 0
Event: 8.002 Thread 0x0000008fe40fdf30 DEOPT PACKING pc=0x0000008feb997a51 sp=0x0000008fe38db1b0
Event: 8.002 Thread 0x0000008fe40fdf30 DEOPT UNPACKING pc=0x0000008ff2f12b43 sp=0x0000008fe38da628 mode 0
Event: 8.018 Thread 0x0000008fe40fdf30 Uncommon trap: trap_request=0xffffff45 fr.pc=0x0000008ff3470fe0 relative=0x00000000000001e0
Event: 8.018 Thread 0x0000008fe40fdf30 Uncommon trap: reason=unstable_if action=reinterpret pc=0x0000008ff3470fe0 method=java.io.BufferedInputStream.read()I @ 8 c2
Event: 8.018 Thread 0x0000008fe40fdf30 DEOPT PACKING pc=0x0000008ff3470fe0 sp=0x0000008fe38dd3e0
Event: 8.018 Thread 0x0000008fe40fdf30 DEOPT UNPACKING pc=0x0000008ff2f123a3 sp=0x0000008fe38dd390 mode 2
Event: 12.333 Thread 0x0000008fe40fdf30 DEOPT PACKING pc=0x0000008feb9b45e5 sp=0x0000008fe38d6520
Event: 12.333 Thread 0x0000008fe40fdf30 DEOPT UNPACKING pc=0x0000008ff2f12b43 sp=0x0000008fe38d5970 mode 0
Event: 14.341 Thread 0x0000008fe40fdf30 Uncommon trap: trap_request=0xffffff45 fr.pc=0x0000008ff348b744 relative=0x00000000000002a4
Event: 14.341 Thread 0x0000008fe40fdf30 Uncommon trap: reason=unstable_if action=reinterpret pc=0x0000008ff348b744 method=java.lang.String.startsWith(Ljava/lang/String;I)Z @ 14 c2
Event: 14.341 Thread 0x0000008fe40fdf30 DEOPT PACKING pc=0x0000008ff348b744 sp=0x0000008fe38dce60
Event: 14.341 Thread 0x0000008fe40fdf30 DEOPT UNPACKING pc=0x0000008ff2f123a3 sp=0x0000008fe38dcdc0 mode 2

Classes unloaded (0 events):
No events

Classes redefined (0 events):
No events

Internal exceptions (16 events):
Event: 8.873 Thread 0x0000008fe40fdf30 Exception <a 'java/lang/NoSuchMethodError'{0x000000008af49f80}: 'java.lang.Object java.lang.invoke.DirectMethodHandle$Holder.invokeStatic(java.lang.Object, java.lang.Object, int)'> (0x000000008af49f80) 
thrown [s\open\src\hotspot\share\interpreter\linkResolver.cpp, line 759]
Event: 8.876 Thread 0x0000008fe40fdf30 Exception <a 'java/lang/NoSuchMethodError'{0x000000008af55b10}: 'void java.lang.invoke.DelegatingMethodHandle$Holder.delegate(java.lang.Object, java.lang.Object, int, java.lang.Object)'> (0x000000008af55b10) 
thrown [s\open\src\hotspot\share\interpreter\linkResolver.cpp, line 759]
Event: 8.877 Thread 0x0000008fe40fdf30 Exception <a 'java/lang/NoSuchMethodError'{0x000000008af59dc0}: 'int java.lang.invoke.DirectMethodHandle$Holder.invokeSpecial(java.lang.Object, java.lang.Object, java.lang.Object)'> (0x000000008af59dc0) 
thrown [s\open\src\hotspot\share\interpreter\linkResolver.cpp, line 759]
Event: 12.254 Thread 0x0000008fe40fdf30 Exception <a 'java/lang/NoSuchMethodError'{0x000000008acbd258}: 'java.lang.Object java.lang.invoke.DirectMethodHandle$Holder.invokeStaticInit(java.lang.Object)'> (0x000000008acbd258) 
thrown [s\open\src\hotspot\share\interpreter\linkResolver.cpp, line 759]
Event: 13.248 Thread 0x0000008fe40fdf30 Exception <a 'java/lang/NoSuchMethodError'{0x000000008a9fe208}: 'void java.lang.invoke.DirectMethodHandle$Holder.invokeStatic(java.lang.Object, java.lang.Object, java.lang.Object)'> (0x000000008a9fe208) 
thrown [s\open\src\hotspot\share\interpreter\linkResolver.cpp, line 759]
Event: 13.249 Thread 0x0000008fe40fdf30 Exception <a 'java/lang/NoSuchMethodError'{0x000000008a802398}: 'void java.lang.invoke.DirectMethodHandle$Holder.invokeStaticInit(java.lang.Object, java.lang.Object, java.lang.Object)'> (0x000000008a802398) 
thrown [s\open\src\hotspot\share\interpreter\linkResolver.cpp, line 759]
Event: 13.251 Thread 0x0000008fe40fdf30 Exception <a 'java/lang/NoSuchMethodError'{0x000000008a809020}: 'void java.lang.invoke.DirectMethodHandle$Holder.invokeStatic(java.lang.Object, java.lang.Object, java.lang.Object, java.lang.Object)'> (0x000000008a809020) 
thrown [s\open\src\hotspot\share\interpreter\linkResolver.cpp, line 759]
Event: 13.252 Thread 0x0000008fe40fdf30 Exception <a 'java/lang/NoSuchMethodError'{0x000000008a80cf70}: 'void java.lang.invoke.DirectMethodHandle$Holder.invokeStaticInit(java.lang.Object, java.lang.Object, java.lang.Object, java.lang.Object)'> (0x000000008a80cf70) 
thrown [s\open\src\hotspot\share\interpreter\linkResolver.cpp, line 759]
Event: 13.259 Thread 0x0000008fe40fdf30 Exception <a 'java/lang/NoSuchMethodError'{0x000000008a82ed88}: 'void java.lang.invoke.DirectMethodHandle$Holder.invokeStaticInit(java.lang.Object, java.lang.Object, java.lang.Object, java.lang.Object, java.lang.Object)'> (0x000000008a82ed88) 
thrown [s\open\src\hotspot\share\interpreter\linkResolver.cpp, line 759]
Event: 13.262 Thread 0x0000008fe40fdf30 Exception <a 'java/lang/NoSuchMethodError'{0x000000008a837240}: 'int java.lang.invoke.DirectMethodHandle$Holder.invokeStaticInit(java.lang.Object, java.lang.Object, java.lang.Object)'> (0x000000008a837240) 
thrown [s\open\src\hotspot\share\interpreter\linkResolver.cpp, line 759]
Event: 14.301 Thread 0x0000008fe40fdf30 Exception <a 'java/lang/NoSuchMethodError'{0x000000008a894160}: 'int java.lang.invoke.DirectMethodHandle$Holder.invokeStaticInit(java.lang.Object, java.lang.Object, java.lang.Object, java.lang.Object)'> (0x000000008a894160) 
thrown [s\open\src\hotspot\share\interpreter\linkResolver.cpp, line 759]
Event: 14.306 Thread 0x0000008fe40fdf30 Exception <a 'java/lang/NoSuchMethodError'{0x000000008a89d6c8}: 'java.lang.Object java.lang.invoke.DirectMethodHandle$Holder.invokeInterface(java.lang.Object, java.lang.Object)'> (0x000000008a89d6c8) 
thrown [s\open\src\hotspot\share\interpreter\linkResolver.cpp, line 759]
Event: 14.307 Thread 0x0000008fe40fdf30 Exception <a 'java/lang/IncompatibleClassChangeError'{0x000000008a8a0ec0}: Found class java.lang.Object, but interface was expected> (0x000000008a8a0ec0) 
thrown [s\open\src\hotspot\share\interpreter\linkResolver.cpp, line 826]
Event: 14.310 Thread 0x0000008fe40fdf30 Exception <a 'java/lang/NoSuchMethodError'{0x000000008a8a3ea8}: 'void java.lang.invoke.DirectMethodHandle$Holder.invokeStatic(java.lang.Object, java.lang.Object)'> (0x000000008a8a3ea8) 
thrown [s\open\src\hotspot\share\interpreter\linkResolver.cpp, line 759]
Event: 14.312 Thread 0x0000008fe40fdf30 Exception <a 'java/lang/NoSuchMethodError'{0x000000008a8a77c0}: 'void java.lang.invoke.DirectMethodHandle$Holder.invokeStaticInit(java.lang.Object, java.lang.Object)'> (0x000000008a8a77c0) 
thrown [s\open\src\hotspot\share\interpreter\linkResolver.cpp, line 759]
Event: 14.315 Thread 0x0000008fe40fdf30 Exception <a 'java/lang/NoSuchMethodError'{0x000000008a8ad3e0}: 'int java.lang.invoke.DirectMethodHandle$Holder.invokeStaticInit(java.lang.Object, java.lang.Object)'> (0x000000008a8ad3e0) 
thrown [s\open\src\hotspot\share\interpreter\linkResolver.cpp, line 759]

VM Operations (20 events):
Event: 5.386 Executing VM operation: HandshakeAllThreads done
Event: 5.386 Executing VM operation: Cleanup
Event: 5.863 Executing VM operation: Cleanup done
Event: 6.863 Executing VM operation: Cleanup
Event: 6.870 Executing VM operation: Cleanup done
Event: 7.871 Executing VM operation: Cleanup
Event: 7.966 Executing VM operation: Cleanup done
Event: 8.966 Executing VM operation: Cleanup
Event: 9.203 Executing VM operation: Cleanup done
Event: 10.237 Executing VM operation: Cleanup
Event: 10.663 Executing VM operation: Cleanup done
Event: 11.663 Executing VM operation: Cleanup
Event: 12.184 Executing VM operation: Cleanup done
Event: 13.185 Executing VM operation: Cleanup
Event: 13.236 Executing VM operation: Cleanup done
Event: 14.237 Executing VM operation: Cleanup
Event: 14.280 Executing VM operation: Cleanup done
Event: 14.399 Executing VM operation: HandshakeAllThreads
Event: 14.399 Executing VM operation: HandshakeAllThreads done
Event: 15.400 Executing VM operation: Cleanup

Events (20 events):
Event: 14.381 loading class java/util/concurrent/CompletionStage
Event: 14.382 loading class java/util/concurrent/CompletionStage done
Event: 14.382 loading class java/util/concurrent/CompletableFuture done
Event: 14.398 loading class java/io/UnsupportedEncodingException
Event: 14.398 loading class java/io/UnsupportedEncodingException done
Event: 14.884 loading class java/util/function/DoublePredicate
Event: 14.884 loading class java/util/function/DoublePredicate done
Event: 14.884 loading class java/util/function/LongPredicate
Event: 14.884 loading class java/util/function/LongPredicate done
Event: 14.885 loading class java/util/function/LongFunction
Event: 14.885 loading class java/util/function/LongFunction done
Event: 14.885 loading class java/util/function/DoubleFunction
Event: 14.885 loading class java/util/function/DoubleFunction done
Event: 14.922 loading class java/lang/Deprecated
Event: 14.922 loading class java/lang/Deprecated done
Event: 15.009 loading class java/util/concurrent/ExecutionException
Event: 15.009 loading class java/util/concurrent/ExecutionException done
Event: 15.009 loading class java/util/concurrent/TimeoutException
Event: 15.009 loading class java/util/concurrent/TimeoutException done
Event: 15.011 loading class sun/reflect/generics/parser/SignatureParser


Dynamic libraries:
0x00007ff6b25f0000 - 0x00007ff6b2600000 	C:\Program Files\Java\jdk-17\bin\javaw.exe
0x00007ff8fb230000 - 0x00007ff8fb3f2000 	C:\Windows\SYSTEM32\ntdll.dll
0x00007ff8fa8a0000 - 0x00007ff8fa94d000 	C:\Windows\system32\KERNEL32.DLL
0x00007ff8f86c0000 - 0x00007ff8f889d000 	C:\Windows\system32\KERNELBASE.dll
0x00007ff8e3f80000 - 0x00007ff8e3f99000 	C:\Program Files\Java\jdk-17\bin\jli.dll
0x00007ff8fb180000 - 0x00007ff8fb226000 	C:\Windows\system32\ADVAPI32.dll
0x00007ff8f88f0000 - 0x00007ff8f898d000 	C:\Windows\system32\msvcrt.dll
0x00007ff8f8a50000 - 0x00007ff8f8aab000 	C:\Windows\system32\sechost.dll
0x00007ff8fae60000 - 0x00007ff8faf86000 	C:\Windows\system32\RPCRT4.dll
0x00007ff8fa040000 - 0x00007ff8fa18e000 	C:\Windows\system32\USER32.dll
0x00007ff8fa9c0000 - 0x00007ff8fab43000 	C:\Windows\system32\GDI32.dll
0x00007ff8e50d0000 - 0x00007ff8e50eb000 	C:\Program Files\Java\jdk-17\bin\VCRUNTIME140.dll
0x00007ff8f1850000 - 0x00007ff8f1942000 	C:\Windows\SYSTEM32\ucrtbase.dll
0x00007ff8f1cc0000 - 0x00007ff8f1f34000 	C:\Windows\WinSxS\amd64_microsoft.windows.common-controls_6595b64144ccf1df_6.0.10240.17184_none_f41d7a705752bce6\COMCTL32.dll
0x00007ff8f1f40000 - 0x00007ff8f1f4a000 	C:\Windows\SYSTEM32\VERSION.dll
0x00007ff8fa340000 - 0x00007ff8fa376000 	C:\Windows\system32\IMM32.DLL
0x00007ff8fa600000 - 0x00007ff8fa75c000 	C:\Windows\system32\MSCTF.dll
0x00007ff8f20a0000 - 0x00007ff8f20ac000 	C:\Program Files\Java\jdk-17\bin\vcruntime140_1.dll
0x00007ff8d8a50000 - 0x00007ff8d8ade000 	C:\Program Files\Java\jdk-17\bin\msvcp140.dll
0x00007ff8cdcb0000 - 0x00007ff8ce88d000 	C:\Program Files\Java\jdk-17\bin\server\jvm.dll
0x00007ff8fad00000 - 0x00007ff8fad08000 	C:\Windows\system32\PSAPI.DLL
0x00007ff8eeeb0000 - 0x00007ff8eeeb9000 	C:\Windows\SYSTEM32\WSOCK32.dll
0x00007ff8fab60000 - 0x00007ff8fabc9000 	C:\Windows\system32\WS2_32.dll
0x00007ff8fab50000 - 0x00007ff8fab58000 	C:\Windows\system32\NSI.dll
0x00007ff8f5ff0000 - 0x00007ff8f6013000 	C:\Windows\SYSTEM32\WINMM.dll
0x00007ff8f5eb0000 - 0x00007ff8f5edc000 	C:\Windows\SYSTEM32\WINMMBASE.dll
0x00007ff8f88a0000 - 0x00007ff8f88e4000 	C:\Windows\system32\cfgmgr32.dll
0x00007ff8f66b0000 - 0x00007ff8f66d7000 	C:\Windows\SYSTEM32\DEVOBJ.dll
0x00007ff8f7cc0000 - 0x00007ff8f7ccf000 	C:\Windows\system32\kernel.appcore.dll
0x00007ff8f0dc0000 - 0x00007ff8f0dca000 	C:\Program Files\Java\jdk-17\bin\jimage.dll
0x00007ff8f4d30000 - 0x00007ff8f4eba000 	C:\Windows\SYSTEM32\DBGHELP.DLL
0x00007ff8efbc0000 - 0x00007ff8efbe5000 	C:\Windows\SYSTEM32\dbgcore.DLL
0x00007ff8d8b60000 - 0x00007ff8d8b85000 	C:\Program Files\Java\jdk-17\bin\java.dll
0x00007ff8d7d60000 - 0x00007ff8d7e37000 	C:\Program Files\Java\jdk-17\bin\jsvml.dll
0x00007ff8f8ab0000 - 0x00007ff8f9fd3000 	C:\Windows\system32\SHELL32.dll
0x00007ff8f7f20000 - 0x00007ff8f8549000 	C:\Windows\system32\windows.storage.dll
0x00007ff8fa380000 - 0x00007ff8fa5fc000 	C:\Windows\system32\combase.dll
0x00007ff8faca0000 - 0x00007ff8facf1000 	C:\Windows\system32\shlwapi.dll
0x00007ff8f8600000 - 0x00007ff8f86b3000 	C:\Windows\system32\shcore.dll
0x00007ff8f7c70000 - 0x00007ff8f7cba000 	C:\Windows\system32\powrprof.dll
0x00007ff8f7cd0000 - 0x00007ff8f7ce3000 	C:\Windows\system32\profapi.dll
0x00007ff8e3bf0000 - 0x00007ff8e3c09000 	C:\Program Files\Java\jdk-17\bin\net.dll
0x00007ff8f41a0000 - 0x00007ff8f4276000 	C:\Windows\SYSTEM32\WINHTTP.dll
0x00007ff8f7420000 - 0x00007ff8f747d000 	C:\Windows\system32\mswsock.dll
0x00007ff8d9850000 - 0x00007ff8d9866000 	C:\Program Files\Java\jdk-17\bin\nio.dll
0x00007ff8d8dc0000 - 0x00007ff8d8dd8000 	C:\Program Files\Java\jdk-17\bin\zip.dll
0x00007ff8f02d0000 - 0x00007ff8f02e0000 	C:\Program Files\Java\jdk-17\bin\verify.dll

dbghelp: loaded successfully - version: 4.0.5 - missing functions: none
symbol engine: initialized successfully - sym options: 0x614 - pdb path: .;C:\Program Files\Java\jdk-17\bin;C:\Windows\SYSTEM32;C:\Windows\WinSxS\amd64_microsoft.windows.common-controls_6595b64144ccf1df_6.0.10240.17184_none_f41d7a705752bce6;C:\Program Files\Java\jdk-17\bin\server

VM Arguments:
jvm_args: -Dfile.encoding=UTF-8 -XX:+ShowCodeDetailsInExceptionMessages 
java_command: DriverClass
java_class_path (initial): C:\Java\restAssuredDriverClassFreamwork\target\classes;C:\Users\Manu\.m2\repository\io\rest-assured\rest-assured\5.3.0\rest-assured-5.3.0.jar;C:\Users\Manu\.m2\repository\org\apache\groovy\groovy\4.0.6\groovy-4.0.6.jar;C:\Users\Manu\.m2\repository\org\apache\groovy\groovy-xml\4.0.6\groovy-xml-4.0.6.jar;C:\Users\Manu\.m2\repository\org\apache\httpcomponents\httpclient\4.5.13\httpclient-4.5.13.jar;C:\Users\Manu\.m2\repository\org\apache\httpcomponents\httpcore\4.4.13\httpcore-4.4.13.jar;C:\Users\Manu\.m2\repository\commons-logging\commons-logging\1.2\commons-logging-1.2.jar;C:\Users\Manu\.m2\repository\org\apache\httpcomponents\httpmime\4.5.13\httpmime-4.5.13.jar;C:\Users\Manu\.m2\repository\org\hamcrest\hamcrest\2.1\hamcrest-2.1.jar;C:\Users\Manu\.m2\repository\org\ccil\cowan\tagsoup\tagsoup\1.2.1\tagsoup-1.2.1.jar;C:\Users\Manu\.m2\repository\io\rest-assured\json-path\5.3.0\json-path-5.3.0.jar;C:\Users\Manu\.m2\repository\org\apache\groovy\groovy-json\4.0.6\groovy-json-4.0.6.jar;C:\Users\Manu\.m2\repository\io\rest-assured\rest-assured-common\5.3.0\rest-assured-common-5.3.0.jar;C:\Users\Manu\.m2\repository\io\rest-assured\xml-path\5.3.0\xml-path-5.3.0.jar;C:\Users\Manu\.m2\repository\org\apache\commons\commons-lang3\3.11\commons-lang3-3.11.jar;C:\Users\Manu\.m2\repository\org\testng\testng\7.7.1\testng-7.7.1.jar;C:\Users\Manu\.m2\repository\org\slf4j\slf4j-api\1.7.36\slf4j-api-1.7.36.jar;C:\Users\Manu\.m2\repository\com\beust\jcommander\1.82\jcommander-1.82.jar;C:\Users\Manu\.m2\repository\org\webjars\jquery\3.6.1\jquery-3.6.1.jar;C:\Users\Manu\.m2\repository\org\apache\poi\poi\5.2.3\poi-5.2.3.jar;C:\Users\Manu\.m2\repository\commons-codec\commons-codec\1.15\commons-codec-1.15.jar;C:\Users\Manu\.m2\repository\org\apache\commons\commons-collections4\4.4\commons-collections4-4.4.jar;C:\Users\Manu\.m2\repository\org\apache\commons\commons-math3\3.6.1\commons-math3-3.6.1.jar;C:\Users\Manu\.m2\repository\commons-io\commons-io\2.11.0\commons-i
Launcher Type: SUN_STANDARD

[Global flags]
     intx CICompilerCount                          = 3                                         {product} {ergonomic}
     uint ConcGCThreads                            = 1                                         {product} {ergonomic}
     uint G1ConcRefinementThreads                  = 4                                         {product} {ergonomic}
   size_t G1HeapRegionSize                         = 1048576                                   {product} {ergonomic}
    uintx GCDrainStackTargetSize                   = 64                                        {product} {ergonomic}
   size_t InitialHeapSize                          = 132120576                                 {product} {ergonomic}
   size_t MarkStackSize                            = 4194304                                   {product} {ergonomic}
   size_t MaxHeapSize                              = 2090860544                                {product} {ergonomic}
   size_t MaxNewSize                               = 1254096896                                {product} {ergonomic}
   size_t MinHeapDeltaBytes                        = 1048576                                   {product} {ergonomic}
   size_t MinHeapSize                              = 8388608                                   {product} {ergonomic}
    uintx NonNMethodCodeHeapSize                   = 5832780                                {pd product} {ergonomic}
    uintx NonProfiledCodeHeapSize                  = 122912730                              {pd product} {ergonomic}
    uintx ProfiledCodeHeapSize                     = 122912730                              {pd product} {ergonomic}
    uintx ReservedCodeCacheSize                    = 251658240                              {pd product} {ergonomic}
     bool SegmentedCodeCache                       = true                                      {product} {ergonomic}
     bool ShowCodeDetailsInExceptionMessages       = true                                   {manageable} {command line}
   size_t SoftMaxHeapSize                          = 2090860544                             {manageable} {ergonomic}
     bool UseCompressedClassPointers               = true                           {product lp64_product} {ergonomic}
     bool UseCompressedOops                        = true                           {product lp64_product} {ergonomic}
     bool UseG1GC                                  = true                                      {product} {ergonomic}
     bool UseLargePagesIndividualAllocation        = false                                  {pd product} {ergonomic}

Logging:
Log output configuration:
 #0: stdout all=warning uptime,level,tags
 #1: stderr all=off uptime,level,tags

Environment Variables:
JAVA_HOME=E:\Java\jdk-11.0.1;
PATH=C:\Program Files\Common Files\Oracle\Java\javapath;C:\Windows\system32;C:\Windows;C:\Windows\System32\Wbem;C:\Windows\System32\WindowsPowerShell\v1.0\;C:\Program Files (x86)\Microsoft SQL Server\100\Tools\Binn\;C:\Program Files\Microsoft SQL Server\100\Tools\Binn\;C:\Program Files\Microsoft SQL Server\100\DTS\Binn\;C:\Program Files\Microsoft\Web Platform Installer\;C:\Program Files (x86)\Microsoft ASP.NET\ASP.NET Web Pages\v1.0\;C:\Program Files\nodejs\;E:\Java\jdk-11.0.1\bin;C:\Users\Manu\AppData\Roaming\npm
USERNAME=Manu
OS=Windows_NT
PROCESSOR_IDENTIFIER=Intel64 Family 6 Model 142 Stepping 9, GenuineIntel



---------------  S Y S T E M  ---------------

OS:
 Windows 10 , 64 bit Build 10240 (10.0.10240.17113)
OS uptime: 4 days 20:03 hours

CPU: total 4 (initial active 4) (2 cores per cpu, 2 threads per core) family 6 model 142 stepping 9 microcode 0x3c, cx8, cmov, fxsr, ht, mmx, 3dnowpref, sse, sse2, sse3, ssse3, sse4.1, sse4.2, popcnt, lzcnt, tsc, tscinvbit, avx, avx2, aes, erms, clmul, bmi1, bmi2, adx, fma, vzeroupper, clflush, clflushopt

Memory: 4k page, system-wide physical 7975M (3046M free)
TotalPageFile size 9255M (AvailPageFile size 966M)
current process WorkingSet (physical memory assigned to process): 50M, peak: 55M
current process commit charge ("private bytes"): 204M, peak: 209M

vm_info: Java HotSpot(TM) 64-Bit Server VM (17.0.7+8-LTS-224) for windows-amd64 JRE (17.0.7+8-LTS-224), built on Feb 28 2023 23:03:02 by "mach5one" with MS VC++ 17.1 (VS2022)

END.
