#
# There is insufficient memory for the Java Runtime Environment to continue.
# Native memory allocation (mmap) failed to map 65536 bytes for Failed to commit metaspace.
# Possible reasons:
#   The system is out of physical RAM or swap space
#   The process is running with CompressedOops enabled, and the Java Heap may be blocking the growth of the native heap
# Possible solutions:
#   Reduce memory load on the system
#   Increase physical memory or swap space
#   Check if swap backing store is full
#   Decrease Java heap size (-Xmx/-Xms)
#   Decrease number of Java threads
#   Decrease Java thread stack sizes (-Xss)
#   Set larger code cache with -XX:ReservedCodeCacheSize=
#   JVM is running with Unscaled Compressed Oops mode in which the Java heap is
#     placed in the first 4GB address space. The Java Heap base address is the
#     maximum limit for the native heap growth. Please use -XX:HeapBaseMinAddress
#     to set the Java Heap base and to place the Java Heap above 4GB virtual address.
# This output file may be truncated or incomplete.
#
#  Out of Memory Error (virtualSpaceNode.cpp:110), pid=3068, tid=960
#
# JRE version: Java(TM) SE Runtime Environment (17.0.7+8) (build 17.0.7+8-LTS-224)
# Java VM: Java HotSpot(TM) 64-Bit Server VM (17.0.7+8-LTS-224, mixed mode, sharing, tiered, compressed oops, compressed class ptrs, g1 gc, windows-amd64)
# No core dump will be written. Minidumps are not enabled by default on client versions of Windows
#

---------------  S U M M A R Y ------------

Command Line: -Dfile.encoding=UTF-8 -XX:+ShowCodeDetailsInExceptionMessages DriverClass

Host: Intel(R) Core(TM) i5-7200U CPU @ 2.50GHz, 4 cores, 7G,  Windows 10 , 64 bit Build 10240 (10.0.10240.17113)
Time: Wed May 17 20:20:17 2023 India Standard Time elapsed time: 29.048009 seconds (0d 0h 0m 29s)

---------------  T H R E A D  ---------------

Current thread (0x000000c82f6edf30):  JavaThread "main" [_thread_in_vm, id=960, stack(0x000000c82edd0000,0x000000c82eed0000)]

Stack: [0x000000c82edd0000,0x000000c82eed0000]
Native frames: (J=compiled Java code, j=interpreted, Vv=VM code, C=native code)
V  [jvm.dll+0x676a4a]
V  [jvm.dll+0x7d74f4]
V  [jvm.dll+0x7d8c9e]
V  [jvm.dll+0x7d9303]
V  [jvm.dll+0x2452c5]
V  [jvm.dll+0x7d35fb]
V  [jvm.dll+0x61ca36]
V  [jvm.dll+0x61ca9a]
V  [jvm.dll+0x61f2bd]
V  [jvm.dll+0x61d3f6]
V  [jvm.dll+0x23ae21]
V  [jvm.dll+0x1ea127]
V  [jvm.dll+0x1dfdc1]
V  [jvm.dll+0x53cf0c]
V  [jvm.dll+0x1f06da]
V  [jvm.dll+0x75156d]
V  [jvm.dll+0x752953]
V  [jvm.dll+0x752c88]
V  [jvm.dll+0x23d78b]
V  [jvm.dll+0x37cdde]
C  0x000000c83e4cb7f7

Java frames: (J=compiled Java code, j=interpreted, Vv=VM code)
j  sun.security.provider.Sun.<init>()V+13 java.base@17.0.7
j  sun.security.jca.ProviderConfig.getProvider()Ljava/security/Provider;+67 java.base@17.0.7
j  sun.security.jca.ProviderList.getProvider(I)Ljava/security/Provider;+6 java.base@17.0.7
j  sun.security.jca.ProviderList.getService(Ljava/lang/String;Ljava/lang/String;)Ljava/security/Provider$Service;+90 java.base@17.0.7
j  sun.security.jca.GetInstance.getInstance(Ljava/lang/String;Ljava/lang/Class;Ljava/lang/String;)Lsun/security/jca/GetInstance$Instance;+7 java.base@17.0.7
j  javax.net.ssl.SSLContext.getInstance(Ljava/lang/String;)Ljavax/net/ssl/SSLContext;+12 java.base@17.0.7
j  org.apache.http.conn.ssl.SSLContexts.createDefault()Ljavax/net/ssl/SSLContext;+2
j  org.apache.http.conn.ssl.SSLSocketFactory.getSocketFactory()Lorg/apache/http/conn/ssl/SSLSocketFactory;+4
j  org.apache.http.impl.conn.SchemeRegistryFactory.createDefault()Lorg/apache/http/conn/scheme/SchemeRegistry;+37
j  org.apache.http.impl.client.AbstractHttpClient.createClientConnectionManager()Lorg/apache/http/conn/ClientConnectionManager;+0
j  org.apache.http.impl.client.AbstractHttpClient.getConnectionManager()Lorg/apache/http/conn/ClientConnectionManager;+9
v  ~StubRoutines::call_stub
j  jdk.internal.reflect.NativeMethodAccessorImpl.invoke0(Ljava/lang/reflect/Method;Ljava/lang/Object;[Ljava/lang/Object;)Ljava/lang/Object;+0 java.base@17.0.7
j  jdk.internal.reflect.NativeMethodAccessorImpl.invoke(Ljava/lang/Object;[Ljava/lang/Object;)Ljava/lang/Object;+133 java.base@17.0.7
J 2314 c1 jdk.internal.reflect.DelegatingMethodAccessorImpl.invoke(Ljava/lang/Object;[Ljava/lang/Object;)Ljava/lang/Object; java.base@17.0.7 (10 bytes) @ 0x000000c8373e96c4 [0x000000c8373e95c0+0x0000000000000104]
J 2342 c1 org.codehaus.groovy.reflection.CachedMethod.invoke(Ljava/lang/Object;[Ljava/lang/Object;)Ljava/lang/Object; (96 bytes) @ 0x000000c8373f5904 [0x000000c8373f4c00+0x0000000000000d04]
j  groovy.lang.MetaMethod.doMethodInvoke(Ljava/lang/Object;[Ljava/lang/Object;)Ljava/lang/Object;+9
j  org.codehaus.groovy.runtime.metaclass.MethodMetaProperty$GetBeanMethodMetaProperty.getProperty(Ljava/lang/Object;)Ljava/lang/Object;+8
j  org.codehaus.groovy.runtime.callsite.GetEffectivePojoPropertySite.getProperty(Ljava/lang/Object;)Ljava/lang/Object;+5
j  org.codehaus.groovy.runtime.callsite.AbstractCallSite.callGetProperty(Ljava/lang/Object;)Ljava/lang/Object;+6
j  io.restassured.internal.RequestSpecificationImpl.applyProxySettings(Lio/restassured/internal/RestAssuredHttpBuilder;)Ljava/lang/Object;+33
j  io.restassured.internal.RequestSpecificationImpl.this$2$applyProxySettings(Lio/restassured/internal/RestAssuredHttpBuilder;)Ljava/lang/Object;+2
v  ~StubRoutines::call_stub
j  jdk.internal.reflect.NativeMethodAccessorImpl.invoke0(Ljava/lang/reflect/Method;Ljava/lang/Object;[Ljava/lang/Object;)Ljava/lang/Object;+0 java.base@17.0.7
j  jdk.internal.reflect.NativeMethodAccessorImpl.invoke(Ljava/lang/Object;[Ljava/lang/Object;)Ljava/lang/Object;+133 java.base@17.0.7
J 2314 c1 jdk.internal.reflect.DelegatingMethodAccessorImpl.invoke(Ljava/lang/Object;[Ljava/lang/Object;)Ljava/lang/Object; java.base@17.0.7 (10 bytes) @ 0x000000c8373e96c4 [0x000000c8373e95c0+0x0000000000000104]
J 2342 c1 org.codehaus.groovy.reflection.CachedMethod.invoke(Ljava/lang/Object;[Ljava/lang/Object;)Ljava/lang/Object; (96 bytes) @ 0x000000c8373f5904 [0x000000c8373f4c00+0x0000000000000d04]
j  groovy.lang.MetaMethod.doMethodInvoke(Ljava/lang/Object;[Ljava/lang/Object;)Ljava/lang/Object;+9
j  groovy.lang.MetaClassImpl.doInvokeMethod(Ljava/lang/Class;Ljava/lang/Object;Ljava/lang/String;[Ljava/lang/Object;ZZ)Ljava/lang/Object;+852
j  groovy.lang.MetaClassImpl.invokeMethod(Ljava/lang/Class;Ljava/lang/Object;Ljava/lang/String;[Ljava/lang/Object;ZZ)Ljava/lang/Object;+10
j  groovy.lang.MetaClassImpl.invokeMethod(Ljava/lang/Object;Ljava/lang/String;[Ljava/lang/Object;)Ljava/lang/Object;+10
j  groovy.lang.MetaClassImpl.invokeMethod(Ljava/lang/Object;Ljava/lang/String;Ljava/lang/Object;)Ljava/lang/Object;+49
j  io.restassured.internal.RequestSpecificationImpl.invokeMethod(Ljava/lang/String;Ljava/lang/Object;)Ljava/lang/Object;+7
j  org.codehaus.groovy.runtime.callsite.PogoInterceptableSite.call(Ljava/lang/Object;[Ljava/lang/Object;)Ljava/lang/Object;+19
j  org.codehaus.groovy.runtime.callsite.PogoInterceptableSite.callCurrent(Lgroovy/lang/GroovyObject;[Ljava/lang/Object;)Ljava/lang/Object;+3
j  org.codehaus.groovy.runtime.callsite.CallSiteArray.defaultCallCurrent(Lorg/codehaus/groovy/runtime/callsite/CallSite;Lgroovy/lang/GroovyObject;[Ljava/lang/Object;)Ljava/lang/Object;+17
j  org.codehaus.groovy.runtime.callsite.AbstractCallSite.callCurrent(Lgroovy/lang/GroovyObject;[Ljava/lang/Object;)Ljava/lang/Object;+3
j  org.codehaus.groovy.runtime.callsite.AbstractCallSite.callCurrent(Lgroovy/lang/GroovyObject;Ljava/lang/Object;)Ljava/lang/Object;+33
j  io.restassured.internal.RequestSpecificationImpl.sendRequest(Ljava/lang/Object;Ljava/lang/Object;Lio/restassured/specification/FilterableRequestSpecification;Ljava/util/Map;)Lio/restassured/response/Response;+330
j  io.restassured.internal.RequestSpecificationImpl.this$2$sendRequest(Ljava/lang/Object;Ljava/lang/Object;Lio/restassured/specification/FilterableRequestSpecification;Ljava/util/Map;)Lio/restassured/response/Response;+6
v  ~StubRoutines::call_stub
j  jdk.internal.reflect.NativeMethodAccessorImpl.invoke0(Ljava/lang/reflect/Method;Ljava/lang/Object;[Ljava/lang/Object;)Ljava/lang/Object;+0 java.base@17.0.7
j  jdk.internal.reflect.NativeMethodAccessorImpl.invoke(Ljava/lang/Object;[Ljava/lang/Object;)Ljava/lang/Object;+133 java.base@17.0.7
j  jdk.internal.reflect.DelegatingMethodAccessorImpl.invoke(Ljava/lang/Object;[Ljava/lang/Object;)Ljava/lang/Object;+6 java.base@17.0.7
j  java.lang.reflect.Method.invoke(Ljava/lang/Object;[Ljava/lang/Object;)Ljava/lang/Object;+59 java.base@17.0.7
j  org.codehaus.groovy.reflection.CachedMethod.invoke(Ljava/lang/Object;[Ljava/lang/Object;)Ljava/lang/Object;+42
j  groovy.lang.MetaMethod.doMethodInvoke(Ljava/lang/Object;[Ljava/lang/Object;)Ljava/lang/Object;+9
j  groovy.lang.MetaClassImpl.doInvokeMethod(Ljava/lang/Class;Ljava/lang/Object;Ljava/lang/String;[Ljava/lang/Object;ZZ)Ljava/lang/Object;+852
j  groovy.lang.MetaClassImpl.invokeMethod(Ljava/lang/Class;Ljava/lang/Object;Ljava/lang/String;[Ljava/lang/Object;ZZ)Ljava/lang/Object;+10
j  groovy.lang.MetaClassImpl.invokeMethod(Ljava/lang/Object;Ljava/lang/String;[Ljava/lang/Object;)Ljava/lang/Object;+10
j  groovy.lang.MetaClassImpl.invokeMethod(Ljava/lang/Object;Ljava/lang/String;Ljava/lang/Object;)Ljava/lang/Object;+49
j  io.restassured.internal.RequestSpecificationImpl.invokeMethod(Ljava/lang/String;Ljava/lang/Object;)Ljava/lang/Object;+7
j  org.codehaus.groovy.runtime.callsite.PogoInterceptableSite.call(Ljava/lang/Object;[Ljava/lang/Object;)Ljava/lang/Object;+19
j  org.codehaus.groovy.runtime.callsite.CallSiteArray.defaultCall(Lorg/codehaus/groovy/runtime/callsite/CallSite;Ljava/lang/Object;[Ljava/lang/Object;)Ljava/lang/Object;+8
j  org.codehaus.groovy.runtime.callsite.AbstractCallSite.call(Ljava/lang/Object;[Ljava/lang/Object;)Ljava/lang/Object;+3
j  org.codehaus.groovy.runtime.callsite.AbstractCallSite.call(Ljava/lang/Object;Ljava/lang/Object;Ljava/lang/Object;Ljava/lang/Object;Ljava/lang/Object;)Ljava/lang/Object;+46
j  io.restassured.internal.filter.SendRequestFilter.filter(Lio/restassured/specification/FilterableRequestSpecification;Lio/restassured/specification/FilterableResponseSpecification;Lio/restassured/filter/FilterContext;)Lio/restassured/response/Response;+45
j  io.restassured.filter.Filter$filter.call(Ljava/lang/Object;[Ljava/lang/Object;)Ljava/lang/Object;+31
j  org.codehaus.groovy.runtime.callsite.CallSiteArray.defaultCall(Lorg/codehaus/groovy/runtime/callsite/CallSite;Ljava/lang/Object;[Ljava/lang/Object;)Ljava/lang/Object;+8
j  io.restassured.filter.Filter$filter$0.call(Ljava/lang/Object;Ljava/lang/Object;Ljava/lang/Object;Ljava/lang/Object;)Ljava/lang/Object;+44
j  io.restassured.internal.filter.FilterContextImpl.next(Lio/restassured/specification/FilterableRequestSpecification;Lio/restassured/specification/FilterableResponseSpecification;)Lio/restassured/response/Response;+86
j  io.restassured.filter.time.TimingFilter.filter(Lio/restassured/specification/FilterableRequestSpecification;Lio/restassured/specification/FilterableResponseSpecification;Lio/restassured/filter/FilterContext;)Lio/restassured/response/Response;+8
j  io.restassured.filter.Filter$filter$0.call(Ljava/lang/Object;[Ljava/lang/Object;)Ljava/lang/Object;+31
j  org.codehaus.groovy.runtime.callsite.CallSiteArray.defaultCall(Lorg/codehaus/groovy/runtime/callsite/CallSite;Ljava/lang/Object;[Ljava/lang/Object;)Ljava/lang/Object;+8
j  io.restassured.filter.Filter$filter.call(Ljava/lang/Object;Ljava/lang/Object;Ljava/lang/Object;Ljava/lang/Object;)Ljava/lang/Object;+44
j  io.restassured.internal.filter.FilterContextImpl.next(Lio/restassured/specification/FilterableRequestSpecification;Lio/restassured/specification/FilterableResponseSpecification;)Lio/restassured/response/Response;+86
j  io.restassured.filter.FilterContext$next.call(Ljava/lang/Object;[Ljava/lang/Object;)Ljava/lang/Object;+25
j  org.codehaus.groovy.runtime.callsite.CallSiteArray.defaultCall(Lorg/codehaus/groovy/runtime/callsite/CallSite;Ljava/lang/Object;[Ljava/lang/Object;)Ljava/lang/Object;+8
j  org.codehaus.groovy.runtime.callsite.AbstractCallSite.call(Ljava/lang/Object;[Ljava/lang/Object;)Ljava/lang/Object;+3
j  org.codehaus.groovy.runtime.callsite.AbstractCallSite.call(Ljava/lang/Object;Ljava/lang/Object;Ljava/lang/Object;)Ljava/lang/Object;+38
j  io.restassured.internal.filter.CsrfFilter.filter(Lio/restassured/specification/FilterableRequestSpecification;Lio/restassured/specification/FilterableResponseSpecification;Lio/restassured/filter/FilterContext;)Lio/restassured/response/Response;+1441
j  io.restassured.filter.Filter$filter.call(Ljava/lang/Object;[Ljava/lang/Object;)Ljava/lang/Object;+31
j  org.codehaus.groovy.runtime.callsite.CallSiteArray.defaultCall(Lorg/codehaus/groovy/runtime/callsite/CallSite;Ljava/lang/Object;[Ljava/lang/Object;)Ljava/lang/Object;+8
j  org.codehaus.groovy.runtime.callsite.AbstractCallSite.call(Ljava/lang/Object;[Ljava/lang/Object;)Ljava/lang/Object;+3
j  org.codehaus.groovy.runtime.callsite.AbstractCallSite.call(Ljava/lang/Object;Ljava/lang/Object;Ljava/lang/Object;Ljava/lang/Object;)Ljava/lang/Object;+42
j  io.restassured.internal.filter.FilterContextImpl.next(Lio/restassured/specification/FilterableRequestSpecification;Lio/restassured/specification/FilterableResponseSpecification;)Lio/restassured/response/Response;+86
j  io.restassured.filter.FilterContext$next.call(Ljava/lang/Object;[Ljava/lang/Object;)Ljava/lang/Object;+25
j  org.codehaus.groovy.runtime.callsite.CallSiteArray.defaultCall(Lorg/codehaus/groovy/runtime/callsite/CallSite;Ljava/lang/Object;[Ljava/lang/Object;)Ljava/lang/Object;+8
j  org.codehaus.groovy.runtime.callsite.AbstractCallSite.call(Ljava/lang/Object;[Ljava/lang/Object;)Ljava/lang/Object;+3
j  org.codehaus.groovy.runtime.callsite.AbstractCallSite.call(Ljava/lang/Object;Ljava/lang/Object;Ljava/lang/Object;)Ljava/lang/Object;+38
j  io.restassured.internal.RequestSpecificationImpl.applyPathParamsAndSendRequest(Ljava/lang/String;Ljava/lang/String;[Ljava/lang/Object;)Ljava/lang/Object;+2069
j  io.restassured.internal.RequestSpecificationImpl.this$2$applyPathParamsAndSendRequest(Ljava/lang/String;Ljava/lang/String;[Ljava/lang/Object;)Ljava/lang/Object;+4
v  ~StubRoutines::call_stub
j  jdk.internal.reflect.NativeMethodAccessorImpl.invoke0(Ljava/lang/reflect/Method;Ljava/lang/Object;[Ljava/lang/Object;)Ljava/lang/Object;+0 java.base@17.0.7
j  jdk.internal.reflect.NativeMethodAccessorImpl.invoke(Ljava/lang/Object;[Ljava/lang/Object;)Ljava/lang/Object;+133 java.base@17.0.7
j  jdk.internal.reflect.DelegatingMethodAccessorImpl.invoke(Ljava/lang/Object;[Ljava/lang/Object;)Ljava/lang/Object;+6 java.base@17.0.7
j  java.lang.reflect.Method.invoke(Ljava/lang/Object;[Ljava/lang/Object;)Ljava/lang/Object;+59 java.base@17.0.7
j  org.codehaus.groovy.reflection.CachedMethod.invoke(Ljava/lang/Object;[Ljava/lang/Object;)Ljava/lang/Object;+42
j  groovy.lang.MetaMethod.doMethodInvoke(Ljava/lang/Object;[Ljava/lang/Object;)Ljava/lang/Object;+9
j  groovy.lang.MetaClassImpl.doInvokeMethod(Ljava/lang/Class;Ljava/lang/Object;Ljava/lang/String;[Ljava/lang/Object;ZZ)Ljava/lang/Object;+852
j  groovy.lang.MetaClassImpl.invokeMethod(Ljava/lang/Class;Ljava/lang/Object;Ljava/lang/String;[Ljava/lang/Object;ZZ)Ljava/lang/Object;+10
j  groovy.lang.MetaClassImpl.invokeMethod(Ljava/lang/Object;Ljava/lang/String;[Ljava/lang/Object;)Ljava/lang/Object;+10
j  groovy.lang.MetaClassImpl.invokeMethod(Ljava/lang/Object;Ljava/lang/String;Ljava/lang/Object;)Ljava/lang/Object;+49
j  io.restassured.internal.RequestSpecificationImpl.invokeMethod(Ljava/lang/String;Ljava/lang/Object;)Ljava/lang/Object;+7
j  org.codehaus.groovy.runtime.callsite.PogoInterceptableSite.call(Ljava/lang/Object;[Ljava/lang/Object;)Ljava/lang/Object;+19
j  org.codehaus.groovy.runtime.callsite.PogoInterceptableSite.callCurrent(Lgroovy/lang/GroovyObject;[Ljava/lang/Object;)Ljava/lang/Object;+3
j  org.codehaus.groovy.runtime.callsite.CallSiteArray.defaultCallCurrent(Lorg/codehaus/groovy/runtime/callsite/CallSite;Lgroovy/lang/GroovyObject;[Ljava/lang/Object;)Ljava/lang/Object;+17
j  org.codehaus.groovy.runtime.callsite.AbstractCallSite.callCurrent(Lgroovy/lang/GroovyObject;[Ljava/lang/Object;)Ljava/lang/Object;+3
j  org.codehaus.groovy.runtime.callsite.AbstractCallSite.callCurrent(Lgroovy/lang/GroovyObject;Ljava/lang/Object;Ljava/lang/Object;Ljava/lang/Object;)Ljava/lang/Object;+42
j  io.restassured.internal.RequestSpecificationImpl.applyPathParamsAndSendRequest(Lio/restassured/http/Method;Ljava/lang/String;[Ljava/lang/Object;)Ljava/lang/Object;+42
j  io.restassured.internal.RequestSpecificationImpl.this$2$applyPathParamsAndSendRequest(Lio/restassured/http/Method;Ljava/lang/String;[Ljava/lang/Object;)Ljava/lang/Object;+4
v  ~StubRoutines::call_stub
j  jdk.internal.reflect.NativeMethodAccessorImpl.invoke0(Ljava/lang/reflect/Method;Ljava/lang/Object;[Ljava/lang/Object;)Ljava/lang/Object;+0 java.base@17.0.7
j  jdk.internal.reflect.NativeMethodAccessorImpl.invoke(Ljava/lang/Object;[Ljava/lang/Object;)Ljava/lang/Object;+133 java.base@17.0.7
j  jdk.internal.reflect.DelegatingMethodAccessorImpl.invoke(Ljava/lang/Object;[Ljava/lang/Object;)Ljava/lang/Object;+6 java.base@17.0.7
j  java.lang.reflect.Method.invoke(Ljava/lang/Object;[Ljava/lang/Object;)Ljava/lang/Object;+59 java.base@17.0.7
j  org.codehaus.groovy.reflection.CachedMethod.invoke(Ljava/lang/Object;[Ljava/lang/Object;)Ljava/lang/Object;+42
j  groovy.lang.MetaMethod.doMethodInvoke(Ljava/lang/Object;[Ljava/lang/Object;)Ljava/lang/Object;+9
j  groovy.lang.MetaClassImpl.doInvokeMethod(Ljava/lang/Class;Ljava/lang/Object;Ljava/lang/String;[Ljava/lang/Object;ZZ)Ljava/lang/Object;+852
j  groovy.lang.MetaClassImpl.invokeMethod(Ljava/lang/Class;Ljava/lang/Object;Ljava/lang/String;[Ljava/lang/Object;ZZ)Ljava/lang/Object;+10
j  groovy.lang.MetaClassImpl.invokeMethod(Ljava/lang/Object;Ljava/lang/String;[Ljava/lang/Object;)Ljava/lang/Object;+10
j  groovy.lang.MetaClassImpl.invokeMethod(Ljava/lang/Object;Ljava/lang/String;Ljava/lang/Object;)Ljava/lang/Object;+49
j  io.restassured.internal.RequestSpecificationImpl.invokeMethod(Ljava/lang/String;Ljava/lang/Object;)Ljava/lang/Object;+7
j  org.codehaus.groovy.runtime.callsite.PogoInterceptableSite.call(Ljava/lang/Object;[Ljava/lang/Object;)Ljava/lang/Object;+19
j  org.codehaus.groovy.runtime.callsite.PogoInterceptableSite.callCurrent(Lgroovy/lang/GroovyObject;[Ljava/lang/Object;)Ljava/lang/Object;+3
j  org.codehaus.groovy.runtime.callsite.CallSiteArray.defaultCallCurrent(Lorg/codehaus/groovy/runtime/callsite/CallSite;Lgroovy/lang/GroovyObject;[Ljava/lang/Object;)Ljava/lang/Object;+17
j  org.codehaus.groovy.runtime.callsite.AbstractCallSite.callCurrent(Lgroovy/lang/GroovyObject;[Ljava/lang/Object;)Ljava/lang/Object;+3
j  org.codehaus.groovy.runtime.callsite.AbstractCallSite.callCurrent(Lgroovy/lang/GroovyObject;Ljava/lang/Object;Ljava/lang/Object;Ljava/lang/Object;)Ljava/lang/Object;+42
j  io.restassured.internal.RequestSpecificationImpl.post(Ljava/lang/String;[Ljava/lang/Object;)Lio/restassured/response/Response;+25
j  io.restassured.internal.RequestSpecificationImpl.post(Ljava/lang/String;[Ljava/lang/Object;)Lio/restassured/response/ResponseOptions;+3
j  commonFunctionPackage.API_Common_Function.res_statusCode(Ljava/lang/String;Ljava/lang/String;Ljava/lang/String;)I+36
j  testClassPackage.post_tc_1.execute()V+14
j  DriverClass.main([Ljava/lang/String;)V+0
v  ~StubRoutines::call_stub

---------------  P R O C E S S  ---------------

Threads class SMR info:
_java_thread_list=0x000000c850dbc550, length=14, elements={
0x000000c82f6edf30, 0x000000c84d142b70, 0x000000c84d143500, 0x000000c84d155960,
0x000000c84d155f30, 0x000000c84d158410, 0x000000c84d1588e0, 0x000000c84d1590e0,
0x000000c84d1c0150, 0x000000c84d1d5020, 0x000000c84e781a30, 0x000000c84e7905e0,
0x000000c850eccaa0, 0x000000c84f4ad6f0
}

Java Threads: ( => current thread )
=>0x000000c82f6edf30 JavaThread "main" [_thread_in_vm, id=960, stack(0x000000c82edd0000,0x000000c82eed0000)]
  0x000000c84d142b70 JavaThread "Reference Handler" daemon [_thread_blocked, id=2792, stack(0x000000c84dd00000,0x000000c84de00000)]
  0x000000c84d143500 JavaThread "Finalizer" daemon [_thread_blocked, id=4904, stack(0x000000c84de00000,0x000000c84df00000)]
  0x000000c84d155960 JavaThread "Signal Dispatcher" daemon [_thread_blocked, id=6740, stack(0x000000c84dfe0000,0x000000c84e0e0000)]
  0x000000c84d155f30 JavaThread "Attach Listener" daemon [_thread_blocked, id=7552, stack(0x000000c84e0e0000,0x000000c84e1e0000)]
  0x000000c84d158410 JavaThread "Service Thread" daemon [_thread_blocked, id=3284, stack(0x000000c84e1e0000,0x000000c84e2e0000)]
  0x000000c84d1588e0 JavaThread "Monitor Deflation Thread" daemon [_thread_blocked, id=7968, stack(0x000000c84e2e0000,0x000000c84e3e0000)]
  0x000000c84d1590e0 JavaThread "C2 CompilerThread0" daemon [_thread_blocked, id=7060, stack(0x000000c84e3e0000,0x000000c84e4e0000)]
  0x000000c84d1c0150 JavaThread "C1 CompilerThread0" daemon [_thread_blocked, id=7880, stack(0x000000c84e4e0000,0x000000c84e5e0000)]
  0x000000c84d1d5020 JavaThread "Sweeper thread" daemon [_thread_blocked, id=5488, stack(0x000000c84e5e0000,0x000000c84e6e0000)]
  0x000000c84e781a30 JavaThread "Notification Thread" daemon [_thread_blocked, id=2268, stack(0x000000c84eae0000,0x000000c84ebe0000)]
  0x000000c84e7905e0 JavaThread "Common-Cleaner" daemon [_thread_blocked, id=5960, stack(0x000000c84ece0000,0x000000c84ede0000)]
  0x000000c850eccaa0 JavaThread "ForkJoinPool.commonPool-worker-1" daemon [_thread_blocked, id=9536, stack(0x000000c84f8e0000,0x000000c84f9e0000)]
  0x000000c84f4ad6f0 JavaThread "ForkJoinPool.commonPool-worker-2" daemon [_thread_blocked, id=9568, stack(0x000000c84f9e0000,0x000000c84fae0000)]

Other Threads:
  0x000000c84d13e860 VMThread "VM Thread" [stack: 0x000000c84dc00000,0x000000c84dd00000] [id=8604] _threads_hazard_ptr=0x000000c850dbc550
  0x000000c84e788330 WatcherThread [stack: 0x000000c84ebe0000,0x000000c84ece0000] [id=8592]
  0x000000c82f747510 GCTaskThread "GC Thread#0" [stack: 0x000000c82f570000,0x000000c82f670000] [id=6420]
  0x000000c84ef95e50 GCTaskThread "GC Thread#1" [stack: 0x000000c84f5e0000,0x000000c84f6e0000] [id=5848]
  0x000000c84ef96100 GCTaskThread "GC Thread#2" [stack: 0x000000c84f6e0000,0x000000c84f7e0000] [id=5328]
  0x000000c84f00c7a0 GCTaskThread "GC Thread#3" [stack: 0x000000c84f7e0000,0x000000c84f8e0000] [id=5916]
  0x000000c82f758530 ConcurrentGCThread "G1 Main Marker" [stack: 0x000000c84a9b0000,0x000000c84aab0000] [id=1756]
  0x000000c82f758e50 ConcurrentGCThread "G1 Conc#0" [stack: 0x000000c84aab0000,0x000000c84abb0000] [id=7048]
  0x000000c84d000090 ConcurrentGCThread "G1 Refine#0" [stack: 0x000000c84d1f0000,0x000000c84d2f0000] [id=7180]
  0x000000c84d0011d0 ConcurrentGCThread "G1 Service" [stack: 0x000000c84d2f0000,0x000000c84d3f0000] [id=7488]

Threads with active compile tasks:

VM state: synchronizing (normal execution)

VM Mutex/Monitor currently owned by a thread:  ([mutex/lock_event])
[0x000000c82d52b970] Metaspace_lock - owner thread: 0x000000c82f6edf30
[0x000000c82d52e3f0] Threads_lock - owner thread: 0x000000c84d13e860

Heap address: 0x0000000083600000, size: 1994 MB, Compressed Oops mode: 32-bit

CDS archive(s) mapped at: [0x0000000800000000-0x0000000800bd0000-0x0000000800bd0000), size 12386304, SharedBaseAddress: 0x0000000800000000, ArchiveRelocationMode: 0.
Compressed class space mapped at: 0x0000000800c00000-0x0000000840c00000, reserved size: 1073741824
Narrow klass base: 0x0000000800000000, Narrow klass shift: 0, Narrow klass range: 0x100000000

GC Precious Log:
 CPUs: 4 total, 4 available
 Memory: 7975M
 Large Page Support: Disabled
 NUMA Support: Disabled
 Compressed Oops: Enabled (32-bit)
 Heap Region Size: 1M
 Heap Min Capacity: 8M
 Heap Initial Capacity: 126M
 Heap Max Capacity: 1994M
 Pre-touch: Disabled
 Parallel Workers: 4
 Concurrent Workers: 1
 Concurrent Refinement Workers: 4
 Periodic GC: Disabled

Heap:
 garbage-first heap   total 129024K, used 38125K [0x0000000083600000, 0x0000000100000000)
  region size 1024K, 32 young (32768K), 3 survivors (3072K)
 Metaspace       used 11352K, committed 11648K, reserved 1064960K
  class space    used 1247K, committed 1344K, reserved 1048576K

Heap Regions: E=young(eden), S=young(survivor), O=old, HS=humongous(starts), HC=humongous(continues), CS=collection set, F=free, OA=open archive, CA=closed archive, TAMS=top-at-mark-start (previous, next)
|   0|0x0000000083600000, 0x0000000083700000, 0x0000000083700000|100%| O|  |TAMS 0x0000000083600000, 0x0000000083600000| Untracked 
|   1|0x0000000083700000, 0x0000000083800000, 0x0000000083800000|100%| O|  |TAMS 0x0000000083700000, 0x0000000083700000| Untracked 
|   2|0x0000000083800000, 0x0000000083900000, 0x0000000083900000|100%| O|  |TAMS 0x0000000083800000, 0x0000000083800000| Untracked 
|   3|0x0000000083900000, 0x0000000083a00000, 0x0000000083a00000|100%| O|  |TAMS 0x0000000083900000, 0x0000000083900000| Untracked 
|   4|0x0000000083a00000, 0x0000000083b00000, 0x0000000083b00000|100%| O|  |TAMS 0x0000000083a00000, 0x0000000083a00000| Untracked 
|   5|0x0000000083b00000, 0x0000000083b3b600, 0x0000000083c00000| 23%| O|  |TAMS 0x0000000083b00000, 0x0000000083b00000| Untracked 
|   6|0x0000000083c00000, 0x0000000083c00000, 0x0000000083d00000|  0%| F|  |TAMS 0x0000000083c00000, 0x0000000083c00000| Untracked 
|   7|0x0000000083d00000, 0x0000000083e00000, 0x0000000083e00000|100%| O|  |TAMS 0x0000000083d00000, 0x0000000083d00000| Untracked 
|   8|0x0000000083e00000, 0x0000000083f00000, 0x0000000083f00000|100%| O|  |TAMS 0x0000000083e00000, 0x0000000083e00000| Untracked 
|   9|0x0000000083f00000, 0x0000000083f00000, 0x0000000084000000|  0%| F|  |TAMS 0x0000000083f00000, 0x0000000083f00000| Untracked 
|  10|0x0000000084000000, 0x0000000084000000, 0x0000000084100000|  0%| F|  |TAMS 0x0000000084000000, 0x0000000084000000| Untracked 
|  11|0x0000000084100000, 0x0000000084100000, 0x0000000084200000|  0%| F|  |TAMS 0x0000000084100000, 0x0000000084100000| Untracked 
|  12|0x0000000084200000, 0x0000000084200000, 0x0000000084300000|  0%| F|  |TAMS 0x0000000084200000, 0x0000000084200000| Untracked 
|  13|0x0000000084300000, 0x0000000084300000, 0x0000000084400000|  0%| F|  |TAMS 0x0000000084300000, 0x0000000084300000| Untracked 
|  14|0x0000000084400000, 0x0000000084400000, 0x0000000084500000|  0%| F|  |TAMS 0x0000000084400000, 0x0000000084400000| Untracked 
|  15|0x0000000084500000, 0x0000000084500000, 0x0000000084600000|  0%| F|  |TAMS 0x0000000084500000, 0x0000000084500000| Untracked 
|  16|0x0000000084600000, 0x0000000084600000, 0x0000000084700000|  0%| F|  |TAMS 0x0000000084600000, 0x0000000084600000| Untracked 
|  17|0x0000000084700000, 0x0000000084700000, 0x0000000084800000|  0%| F|  |TAMS 0x0000000084700000, 0x0000000084700000| Untracked 
|  18|0x0000000084800000, 0x0000000084800000, 0x0000000084900000|  0%| F|  |TAMS 0x0000000084800000, 0x0000000084800000| Untracked 
|  19|0x0000000084900000, 0x0000000084900000, 0x0000000084a00000|  0%| F|  |TAMS 0x0000000084900000, 0x0000000084900000| Untracked 
|  20|0x0000000084a00000, 0x0000000084a00000, 0x0000000084b00000|  0%| F|  |TAMS 0x0000000084a00000, 0x0000000084a00000| Untracked 
|  21|0x0000000084b00000, 0x0000000084b00000, 0x0000000084c00000|  0%| F|  |TAMS 0x0000000084b00000, 0x0000000084b00000| Untracked 
|  22|0x0000000084c00000, 0x0000000084c00000, 0x0000000084d00000|  0%| F|  |TAMS 0x0000000084c00000, 0x0000000084c00000| Untracked 
|  23|0x0000000084d00000, 0x0000000084d00000, 0x0000000084e00000|  0%| F|  |TAMS 0x0000000084d00000, 0x0000000084d00000| Untracked 
|  24|0x0000000084e00000, 0x0000000084e00000, 0x0000000084f00000|  0%| F|  |TAMS 0x0000000084e00000, 0x0000000084e00000| Untracked 
|  25|0x0000000084f00000, 0x0000000084f00000, 0x0000000085000000|  0%| F|  |TAMS 0x0000000084f00000, 0x0000000084f00000| Untracked 
|  26|0x0000000085000000, 0x0000000085000000, 0x0000000085100000|  0%| F|  |TAMS 0x0000000085000000, 0x0000000085000000| Untracked 
|  27|0x0000000085100000, 0x0000000085100000, 0x0000000085200000|  0%| F|  |TAMS 0x0000000085100000, 0x0000000085100000| Untracked 
|  28|0x0000000085200000, 0x0000000085200000, 0x0000000085300000|  0%| F|  |TAMS 0x0000000085200000, 0x0000000085200000| Untracked 
|  29|0x0000000085300000, 0x0000000085300000, 0x0000000085400000|  0%| F|  |TAMS 0x0000000085300000, 0x0000000085300000| Untracked 
|  30|0x0000000085400000, 0x0000000085400000, 0x0000000085500000|  0%| F|  |TAMS 0x0000000085400000, 0x0000000085400000| Untracked 
|  31|0x0000000085500000, 0x0000000085500000, 0x0000000085600000|  0%| F|  |TAMS 0x0000000085500000, 0x0000000085500000| Untracked 
|  32|0x0000000085600000, 0x0000000085600000, 0x0000000085700000|  0%| F|  |TAMS 0x0000000085600000, 0x0000000085600000| Untracked 
|  33|0x0000000085700000, 0x0000000085700000, 0x0000000085800000|  0%| F|  |TAMS 0x0000000085700000, 0x0000000085700000| Untracked 
|  34|0x0000000085800000, 0x0000000085800000, 0x0000000085900000|  0%| F|  |TAMS 0x0000000085800000, 0x0000000085800000| Untracked 
|  35|0x0000000085900000, 0x0000000085900000, 0x0000000085a00000|  0%| F|  |TAMS 0x0000000085900000, 0x0000000085900000| Untracked 
|  36|0x0000000085a00000, 0x0000000085a00000, 0x0000000085b00000|  0%| F|  |TAMS 0x0000000085a00000, 0x0000000085a00000| Untracked 
|  37|0x0000000085b00000, 0x0000000085b00000, 0x0000000085c00000|  0%| F|  |TAMS 0x0000000085b00000, 0x0000000085b00000| Untracked 
|  38|0x0000000085c00000, 0x0000000085c00000, 0x0000000085d00000|  0%| F|  |TAMS 0x0000000085c00000, 0x0000000085c00000| Untracked 
|  39|0x0000000085d00000, 0x0000000085d00000, 0x0000000085e00000|  0%| F|  |TAMS 0x0000000085d00000, 0x0000000085d00000| Untracked 
|  40|0x0000000085e00000, 0x0000000085e00000, 0x0000000085f00000|  0%| F|  |TAMS 0x0000000085e00000, 0x0000000085e00000| Untracked 
|  41|0x0000000085f00000, 0x0000000085f00000, 0x0000000086000000|  0%| F|  |TAMS 0x0000000085f00000, 0x0000000085f00000| Untracked 
|  42|0x0000000086000000, 0x0000000086000000, 0x0000000086100000|  0%| F|  |TAMS 0x0000000086000000, 0x0000000086000000| Untracked 
|  43|0x0000000086100000, 0x0000000086100000, 0x0000000086200000|  0%| F|  |TAMS 0x0000000086100000, 0x0000000086100000| Untracked 
|  44|0x0000000086200000, 0x0000000086200000, 0x0000000086300000|  0%| F|  |TAMS 0x0000000086200000, 0x0000000086200000| Untracked 
|  45|0x0000000086300000, 0x0000000086300000, 0x0000000086400000|  0%| F|  |TAMS 0x0000000086300000, 0x0000000086300000| Untracked 
|  46|0x0000000086400000, 0x0000000086400000, 0x0000000086500000|  0%| F|  |TAMS 0x0000000086400000, 0x0000000086400000| Untracked 
|  47|0x0000000086500000, 0x0000000086500000, 0x0000000086600000|  0%| F|  |TAMS 0x0000000086500000, 0x0000000086500000| Untracked 
|  48|0x0000000086600000, 0x0000000086600000, 0x0000000086700000|  0%| F|  |TAMS 0x0000000086600000, 0x0000000086600000| Untracked 
|  49|0x0000000086700000, 0x0000000086700000, 0x0000000086800000|  0%| F|  |TAMS 0x0000000086700000, 0x0000000086700000| Untracked 
|  50|0x0000000086800000, 0x0000000086800000, 0x0000000086900000|  0%| F|  |TAMS 0x0000000086800000, 0x0000000086800000| Untracked 
|  51|0x0000000086900000, 0x0000000086900000, 0x0000000086a00000|  0%| F|  |TAMS 0x0000000086900000, 0x0000000086900000| Untracked 
|  52|0x0000000086a00000, 0x0000000086a00000, 0x0000000086b00000|  0%| F|  |TAMS 0x0000000086a00000, 0x0000000086a00000| Untracked 
|  53|0x0000000086b00000, 0x0000000086b00000, 0x0000000086c00000|  0%| F|  |TAMS 0x0000000086b00000, 0x0000000086b00000| Untracked 
|  54|0x0000000086c00000, 0x0000000086c00000, 0x0000000086d00000|  0%| F|  |TAMS 0x0000000086c00000, 0x0000000086c00000| Untracked 
|  55|0x0000000086d00000, 0x0000000086d00000, 0x0000000086e00000|  0%| F|  |TAMS 0x0000000086d00000, 0x0000000086d00000| Untracked 
|  56|0x0000000086e00000, 0x0000000086e00000, 0x0000000086f00000|  0%| F|  |TAMS 0x0000000086e00000, 0x0000000086e00000| Untracked 
|  57|0x0000000086f00000, 0x0000000086f00000, 0x0000000087000000|  0%| F|  |TAMS 0x0000000086f00000, 0x0000000086f00000| Untracked 
|  58|0x0000000087000000, 0x0000000087000000, 0x0000000087100000|  0%| F|  |TAMS 0x0000000087000000, 0x0000000087000000| Untracked 
|  59|0x0000000087100000, 0x0000000087100000, 0x0000000087200000|  0%| F|  |TAMS 0x0000000087100000, 0x0000000087100000| Untracked 
|  60|0x0000000087200000, 0x0000000087200000, 0x0000000087300000|  0%| F|  |TAMS 0x0000000087200000, 0x0000000087200000| Untracked 
|  61|0x0000000087300000, 0x0000000087300000, 0x0000000087400000|  0%| F|  |TAMS 0x0000000087300000, 0x0000000087300000| Untracked 
|  62|0x0000000087400000, 0x0000000087400000, 0x0000000087500000|  0%| F|  |TAMS 0x0000000087400000, 0x0000000087400000| Untracked 
|  63|0x0000000087500000, 0x0000000087500000, 0x0000000087600000|  0%| F|  |TAMS 0x0000000087500000, 0x0000000087500000| Untracked 
|  64|0x0000000087600000, 0x0000000087600000, 0x0000000087700000|  0%| F|  |TAMS 0x0000000087600000, 0x0000000087600000| Untracked 
|  65|0x0000000087700000, 0x0000000087700000, 0x0000000087800000|  0%| F|  |TAMS 0x0000000087700000, 0x0000000087700000| Untracked 
|  66|0x0000000087800000, 0x0000000087800000, 0x0000000087900000|  0%| F|  |TAMS 0x0000000087800000, 0x0000000087800000| Untracked 
|  67|0x0000000087900000, 0x0000000087900000, 0x0000000087a00000|  0%| F|  |TAMS 0x0000000087900000, 0x0000000087900000| Untracked 
|  68|0x0000000087a00000, 0x0000000087a00000, 0x0000000087b00000|  0%| F|  |TAMS 0x0000000087a00000, 0x0000000087a00000| Untracked 
|  69|0x0000000087b00000, 0x0000000087b00000, 0x0000000087c00000|  0%| F|  |TAMS 0x0000000087b00000, 0x0000000087b00000| Untracked 
|  70|0x0000000087c00000, 0x0000000087c00000, 0x0000000087d00000|  0%| F|  |TAMS 0x0000000087c00000, 0x0000000087c00000| Untracked 
|  71|0x0000000087d00000, 0x0000000087d00000, 0x0000000087e00000|  0%| F|  |TAMS 0x0000000087d00000, 0x0000000087d00000| Untracked 
|  72|0x0000000087e00000, 0x0000000087e00000, 0x0000000087f00000|  0%| F|  |TAMS 0x0000000087e00000, 0x0000000087e00000| Untracked 
|  73|0x0000000087f00000, 0x0000000087f00000, 0x0000000088000000|  0%| F|  |TAMS 0x0000000087f00000, 0x0000000087f00000| Untracked 
|  74|0x0000000088000000, 0x0000000088000000, 0x0000000088100000|  0%| F|  |TAMS 0x0000000088000000, 0x0000000088000000| Untracked 
|  75|0x0000000088100000, 0x0000000088100000, 0x0000000088200000|  0%| F|  |TAMS 0x0000000088100000, 0x0000000088100000| Untracked 
|  76|0x0000000088200000, 0x0000000088200000, 0x0000000088300000|  0%| F|  |TAMS 0x0000000088200000, 0x0000000088200000| Untracked 
|  77|0x0000000088300000, 0x0000000088300000, 0x0000000088400000|  0%| F|  |TAMS 0x0000000088300000, 0x0000000088300000| Untracked 
|  78|0x0000000088400000, 0x0000000088400000, 0x0000000088500000|  0%| F|  |TAMS 0x0000000088400000, 0x0000000088400000| Untracked 
|  79|0x0000000088500000, 0x0000000088500000, 0x0000000088600000|  0%| F|  |TAMS 0x0000000088500000, 0x0000000088500000| Untracked 
|  80|0x0000000088600000, 0x0000000088600000, 0x0000000088700000|  0%| F|  |TAMS 0x0000000088600000, 0x0000000088600000| Untracked 
|  81|0x0000000088700000, 0x0000000088700000, 0x0000000088800000|  0%| F|  |TAMS 0x0000000088700000, 0x0000000088700000| Untracked 
|  82|0x0000000088800000, 0x0000000088800000, 0x0000000088900000|  0%| F|  |TAMS 0x0000000088800000, 0x0000000088800000| Untracked 
|  83|0x0000000088900000, 0x0000000088900000, 0x0000000088a00000|  0%| F|  |TAMS 0x0000000088900000, 0x0000000088900000| Untracked 
|  84|0x0000000088a00000, 0x0000000088a00000, 0x0000000088b00000|  0%| F|  |TAMS 0x0000000088a00000, 0x0000000088a00000| Untracked 
|  85|0x0000000088b00000, 0x0000000088b00000, 0x0000000088c00000|  0%| F|  |TAMS 0x0000000088b00000, 0x0000000088b00000| Untracked 
|  86|0x0000000088c00000, 0x0000000088c00000, 0x0000000088d00000|  0%| F|  |TAMS 0x0000000088c00000, 0x0000000088c00000| Untracked 
|  87|0x0000000088d00000, 0x0000000088d00000, 0x0000000088e00000|  0%| F|  |TAMS 0x0000000088d00000, 0x0000000088d00000| Untracked 
|  88|0x0000000088e00000, 0x0000000088e00000, 0x0000000088f00000|  0%| F|  |TAMS 0x0000000088e00000, 0x0000000088e00000| Untracked 
|  89|0x0000000088f00000, 0x0000000088f00000, 0x0000000089000000|  0%| F|  |TAMS 0x0000000088f00000, 0x0000000088f00000| Untracked 
|  90|0x0000000089000000, 0x0000000089000000, 0x0000000089100000|  0%| F|  |TAMS 0x0000000089000000, 0x0000000089000000| Untracked 
|  91|0x0000000089100000, 0x0000000089100000, 0x0000000089200000|  0%| F|  |TAMS 0x0000000089100000, 0x0000000089100000| Untracked 
|  92|0x0000000089200000, 0x0000000089200000, 0x0000000089300000|  0%| F|  |TAMS 0x0000000089200000, 0x0000000089200000| Untracked 
|  93|0x0000000089300000, 0x0000000089300000, 0x0000000089400000|  0%| F|  |TAMS 0x0000000089300000, 0x0000000089300000| Untracked 
|  94|0x0000000089400000, 0x0000000089481000, 0x0000000089500000| 50%| E|  |TAMS 0x0000000089400000, 0x0000000089400000| Complete 
|  95|0x0000000089500000, 0x0000000089600000, 0x0000000089600000|100%| E|CS|TAMS 0x0000000089500000, 0x0000000089500000| Complete 
|  96|0x0000000089600000, 0x0000000089700000, 0x0000000089700000|100%| E|CS|TAMS 0x0000000089600000, 0x0000000089600000| Complete 
|  97|0x0000000089700000, 0x0000000089800000, 0x0000000089800000|100%| E|CS|TAMS 0x0000000089700000, 0x0000000089700000| Complete 
|  98|0x0000000089800000, 0x0000000089900000, 0x0000000089900000|100%| E|CS|TAMS 0x0000000089800000, 0x0000000089800000| Complete 
|  99|0x0000000089900000, 0x0000000089a00000, 0x0000000089a00000|100%| E|CS|TAMS 0x0000000089900000, 0x0000000089900000| Complete 
| 100|0x0000000089a00000, 0x0000000089b00000, 0x0000000089b00000|100%| S|CS|TAMS 0x0000000089a00000, 0x0000000089a00000| Complete 
| 101|0x0000000089b00000, 0x0000000089c00000, 0x0000000089c00000|100%| S|CS|TAMS 0x0000000089b00000, 0x0000000089b00000| Complete 
| 102|0x0000000089c00000, 0x0000000089d00000, 0x0000000089d00000|100%| S|CS|TAMS 0x0000000089c00000, 0x0000000089c00000| Complete 
| 103|0x0000000089d00000, 0x0000000089e00000, 0x0000000089e00000|100%| E|CS|TAMS 0x0000000089d00000, 0x0000000089d00000| Complete 
| 104|0x0000000089e00000, 0x0000000089f00000, 0x0000000089f00000|100%| E|CS|TAMS 0x0000000089e00000, 0x0000000089e00000| Complete 
| 105|0x0000000089f00000, 0x000000008a000000, 0x000000008a000000|100%| E|CS|TAMS 0x0000000089f00000, 0x0000000089f00000| Complete 
| 106|0x000000008a000000, 0x000000008a100000, 0x000000008a100000|100%| E|CS|TAMS 0x000000008a000000, 0x000000008a000000| Complete 
| 107|0x000000008a100000, 0x000000008a200000, 0x000000008a200000|100%| E|CS|TAMS 0x000000008a100000, 0x000000008a100000| Complete 
| 108|0x000000008a200000, 0x000000008a300000, 0x000000008a300000|100%| E|CS|TAMS 0x000000008a200000, 0x000000008a200000| Complete 
| 109|0x000000008a300000, 0x000000008a400000, 0x000000008a400000|100%| E|CS|TAMS 0x000000008a300000, 0x000000008a300000| Complete 
| 110|0x000000008a400000, 0x000000008a500000, 0x000000008a500000|100%| E|CS|TAMS 0x000000008a400000, 0x000000008a400000| Complete 
| 111|0x000000008a500000, 0x000000008a600000, 0x000000008a600000|100%| E|CS|TAMS 0x000000008a500000, 0x000000008a500000| Complete 
| 112|0x000000008a600000, 0x000000008a700000, 0x000000008a700000|100%| E|CS|TAMS 0x000000008a600000, 0x000000008a600000| Complete 
| 113|0x000000008a700000, 0x000000008a800000, 0x000000008a800000|100%| E|CS|TAMS 0x000000008a700000, 0x000000008a700000| Complete 
| 114|0x000000008a800000, 0x000000008a900000, 0x000000008a900000|100%| E|CS|TAMS 0x000000008a800000, 0x000000008a800000| Complete 
| 115|0x000000008a900000, 0x000000008aa00000, 0x000000008aa00000|100%| E|CS|TAMS 0x000000008a900000, 0x000000008a900000| Complete 
| 116|0x000000008aa00000, 0x000000008ab00000, 0x000000008ab00000|100%| E|CS|TAMS 0x000000008aa00000, 0x000000008aa00000| Complete 
| 117|0x000000008ab00000, 0x000000008ac00000, 0x000000008ac00000|100%| E|CS|TAMS 0x000000008ab00000, 0x000000008ab00000| Complete 
| 118|0x000000008ac00000, 0x000000008ad00000, 0x000000008ad00000|100%| E|CS|TAMS 0x000000008ac00000, 0x000000008ac00000| Complete 
| 119|0x000000008ad00000, 0x000000008ae00000, 0x000000008ae00000|100%| E|CS|TAMS 0x000000008ad00000, 0x000000008ad00000| Complete 
| 120|0x000000008ae00000, 0x000000008af00000, 0x000000008af00000|100%| E|CS|TAMS 0x000000008ae00000, 0x000000008ae00000| Complete 
| 121|0x000000008af00000, 0x000000008b000000, 0x000000008b000000|100%| E|CS|TAMS 0x000000008af00000, 0x000000008af00000| Complete 
| 122|0x000000008b000000, 0x000000008b100000, 0x000000008b100000|100%| E|  |TAMS 0x000000008b000000, 0x000000008b000000| Complete 
| 123|0x000000008b100000, 0x000000008b200000, 0x000000008b200000|100%| E|CS|TAMS 0x000000008b100000, 0x000000008b100000| Complete 
| 124|0x000000008b200000, 0x000000008b300000, 0x000000008b300000|100%| E|CS|TAMS 0x000000008b200000, 0x000000008b200000| Complete 
| 125|0x000000008b300000, 0x000000008b400000, 0x000000008b400000|100%| E|CS|TAMS 0x000000008b300000, 0x000000008b300000| Complete 

Card table byte_map: [0x000000c846370000,0x000000c846760000] _byte_map_base: 0x000000c845f55000

Marking Bits (Prev, Next): (CMBitMap*) 0x000000c82f748240, (CMBitMap*) 0x000000c82f748280
 Prev Bits: [0x000000c846b50000, 0x000000c848a78000)
 Next Bits: [0x000000c848a80000, 0x000000c84a9a8000)

Polling page: 0x000000c82eed0000

Metaspace:

Usage:
  Non-class:      9.87 MB used.
      Class:      1.22 MB used.
       Both:     11.09 MB used.

Virtual space:
  Non-class space:       16.00 MB reserved,      10.06 MB ( 63%) committed,  2 nodes.
      Class space:        1.00 GB reserved,       1.31 MB ( <1%) committed,  1 nodes.
             Both:        1.02 GB reserved,      11.38 MB (  1%) committed. 

Chunk freelists:
   Non-Class:  1.61 MB
       Class:  2.69 MB
        Both:  4.30 MB

MaxMetaspaceSize: unlimited
CompressedClassSpaceSize: 1.00 GB
Initial GC threshold: 21.00 MB
Current GC threshold: 21.00 MB
CDS: on
MetaspaceReclaimPolicy: balanced
 - commit_granule_bytes: 65536.
 - commit_granule_words: 8192.
 - virtual_space_node_default_size: 1048576.
 - enlarge_chunks_in_place: 1.
 - new_chunks_are_fully_committed: 0.
 - uncommit_free_chunks: 1.
 - use_allocation_guard: 0.
 - handle_deallocations: 1.


Internal statistics:

num_allocs_failed_limit: 0.
num_arena_births: 180.
num_arena_deaths: 0.
num_vsnodes_births: 3.
num_vsnodes_deaths: 0.
num_space_committed: 182.
num_space_uncommitted: 0.
num_chunks_returned_to_freelist: 0.
num_chunks_taken_from_freelist: 569.
num_chunk_merges: 0.
num_chunk_splits: 345.
num_chunks_enlarged: 214.
num_purges: 0.
num_inconsistent_stats: 0.

CodeHeap 'non-profiled nmethods': size=120000Kb used=1096Kb max_used=1096Kb free=118903Kb
 bounds [0x000000c83ea50000, 0x000000c83ecc0000, 0x000000c845f80000]
CodeHeap 'profiled nmethods': size=120000Kb used=4668Kb max_used=4668Kb free=115331Kb
 bounds [0x000000c836f80000, 0x000000c837410000, 0x000000c83e4b0000]
CodeHeap 'non-nmethods': size=5760Kb used=2219Kb max_used=2271Kb free=3540Kb
 bounds [0x000000c83e4b0000, 0x000000c83e720000, 0x000000c83ea50000]
 total_blobs=3097 nmethods=2385 adapters=624
 compilation: enabled
              stopped_count=0, restarted_count=0
 full_count=0

Compilation events (20 events):
Event: 26.086 Thread 0x000000c84d1c0150 nmethod 2382 0x000000c83740c210 code [0x000000c83740c3c0, 0x000000c83740c5d8]
Event: 26.086 Thread 0x000000c84d1c0150 2383       3       java.util.stream.SpinedBuffer::asArray (46 bytes)
Event: 26.086 Thread 0x000000c84d1c0150 nmethod 2383 0x000000c83740c690 code [0x000000c83740c880, 0x000000c83740cec8]
Event: 26.120 Thread 0x000000c84d1c0150 2385       3       java.lang.invoke.LambdaForm$MH/0x0000000800c1b800::invoke (25 bytes)
Event: 26.120 Thread 0x000000c84d1c0150 nmethod 2385 0x000000c83740d090 code [0x000000c83740d260, 0x000000c83740d7b8]
Event: 26.121 Thread 0x000000c84d1c0150 2386       1       java.util.logging.Logger::getName (5 bytes)
Event: 26.121 Thread 0x000000c84d1c0150 nmethod 2386 0x000000c83eb5c810 code [0x000000c83eb5c9a0, 0x000000c83eb5ca78]
Event: 26.131 Thread 0x000000c84d1c0150 2388       2       java.util.HashSet::contains (9 bytes)
Event: 26.131 Thread 0x000000c84d1c0150 nmethod 2388 0x000000c83740d910 code [0x000000c83740daa0, 0x000000c83740dbc8]
Event: 26.132 Thread 0x000000c84d1590e0 nmethod 2378 0x000000c83eb5cb10 code [0x000000c83eb5cdc0, 0x000000c83eb5ea80]
Event: 26.133 Thread 0x000000c84d1590e0 2379  s!   4       jdk.internal.loader.URLClassPath::getLoader (194 bytes)
Event: 26.135 Thread 0x000000c84d1c0150 2389       3       java.util.Collections$UnmodifiableCollection::iterator (9 bytes)
Event: 26.135 Thread 0x000000c84d1c0150 nmethod 2389 0x000000c83740dc90 code [0x000000c83740de40, 0x000000c83740e208]
Event: 26.135 Thread 0x000000c84d1c0150 2390       3       java.util.Collections$UnmodifiableCollection$1::<init> (26 bytes)
Event: 26.136 Thread 0x000000c84d1c0150 nmethod 2390 0x000000c83740e390 code [0x000000c83740e540, 0x000000c83740e848]
Event: 26.444 Thread 0x000000c84d1590e0 nmethod 2379 0x000000c83eb5f510 code [0x000000c83eb5f760, 0x000000c83eb612a0]
Event: 26.445 Thread 0x000000c84d1590e0 2387       4       java.lang.invoke.Invokers$Holder::linkToTargetMethod (9 bytes)
Event: 26.445 Thread 0x000000c84d1590e0 nmethod 2387 0x000000c83eb61f90 code [0x000000c83eb62120, 0x000000c83eb621f8]
Event: 26.557 Thread 0x000000c84d1c0150 2391       3       java.util.Properties::getProperty (50 bytes)
Event: 26.558 Thread 0x000000c84d1c0150 nmethod 2391 0x000000c83740e990 code [0x000000c83740eb60, 0x000000c83740f058]

GC Heap History (6 events):
Event: 3.375 GC heap before
{Heap before GC invocations=0 (full 0):
 garbage-first heap   total 129024K, used 12288K [0x0000000083600000, 0x0000000100000000)
  region size 1024K, 13 young (13312K), 0 survivors (0K)
 Metaspace       used 3665K, committed 3840K, reserved 1056768K
  class space    used 321K, committed 448K, reserved 1048576K
}
Event: 3.480 GC heap after
{Heap after GC invocations=1 (full 0):
 garbage-first heap   total 129024K, used 5539K [0x0000000083600000, 0x0000000100000000)
  region size 1024K, 2 young (2048K), 2 survivors (2048K)
 Metaspace       used 3665K, committed 3840K, reserved 1056768K
  class space    used 321K, committed 448K, reserved 1048576K
}
Event: 6.787 GC heap before
{Heap before GC invocations=1 (full 0):
 garbage-first heap   total 129024K, used 18851K [0x0000000083600000, 0x0000000100000000)
  region size 1024K, 13 young (13312K), 2 survivors (2048K)
 Metaspace       used 7369K, committed 7552K, reserved 1064960K
  class space    used 689K, committed 768K, reserved 1048576K
}
Event: 6.795 GC heap after
{Heap after GC invocations=2 (full 0):
 garbage-first heap   total 129024K, used 7032K [0x0000000083600000, 0x0000000100000000)
  region size 1024K, 2 young (2048K), 2 survivors (2048K)
 Metaspace       used 7369K, committed 7552K, reserved 1064960K
  class space    used 689K, committed 768K, reserved 1048576K
}
Event: 18.151 GC heap before
{Heap before GC invocations=2 (full 0):
 garbage-first heap   total 129024K, used 28536K [0x0000000083600000, 0x0000000100000000)
  region size 1024K, 23 young (23552K), 2 survivors (2048K)
 Metaspace       used 9426K, committed 9664K, reserved 1064960K
  class space    used 978K, committed 1088K, reserved 1048576K
}
Event: 18.162 GC heap after
{Heap after GC invocations=3 (full 0):
 garbage-first heap   total 129024K, used 10477K [0x0000000083600000, 0x0000000100000000)
  region size 1024K, 3 young (3072K), 3 survivors (3072K)
 Metaspace       used 9426K, committed 9664K, reserved 1064960K
  class space    used 978K, committed 1088K, reserved 1048576K
}

Deoptimization events (20 events):
Event: 21.365 Thread 0x000000c82f6edf30 Uncommon trap: trap_request=0xffffffde fr.pc=0x000000c83eb39a50 relative=0x00000000000000b0
Event: 21.365 Thread 0x000000c82f6edf30 Uncommon trap: reason=class_check action=maybe_recompile pc=0x000000c83eb39a50 method=java.util.regex.Pattern$Node.study(Ljava/util/regex/Pattern$TreeInfo;)Z @ 12 c2
Event: 21.365 Thread 0x000000c82f6edf30 DEOPT PACKING pc=0x000000c83eb39a50 sp=0x000000c82eec7b10
Event: 21.365 Thread 0x000000c82f6edf30 DEOPT UNPACKING pc=0x000000c83e5023a3 sp=0x000000c82eec7aa8 mode 2
Event: 21.372 Thread 0x000000c82f6edf30 Uncommon trap: trap_request=0xffffff45 fr.pc=0x000000c83eb30944 relative=0x00000000000001a4
Event: 21.372 Thread 0x000000c82f6edf30 Uncommon trap: reason=unstable_if action=reinterpret pc=0x000000c83eb30944 method=java.util.regex.Matcher.reset()Ljava/util/regex/Matcher; @ 47 c2
Event: 21.372 Thread 0x000000c82f6edf30 DEOPT PACKING pc=0x000000c83eb30944 sp=0x000000c82eec7dd0
Event: 21.372 Thread 0x000000c82f6edf30 DEOPT UNPACKING pc=0x000000c83e5023a3 sp=0x000000c82eec7d58 mode 2
Event: 21.396 Thread 0x000000c82f6edf30 Uncommon trap: trap_request=0xffffff45 fr.pc=0x000000c83eb3ea88 relative=0x00000000000010c8
Event: 21.396 Thread 0x000000c82f6edf30 Uncommon trap: reason=unstable_if action=reinterpret pc=0x000000c83eb3ea88 method=java.util.regex.Pattern.compile()V @ 271 c2
Event: 21.396 Thread 0x000000c82f6edf30 DEOPT PACKING pc=0x000000c83eb3ea88 sp=0x000000c82eec7290
Event: 21.396 Thread 0x000000c82f6edf30 DEOPT UNPACKING pc=0x000000c83e5023a3 sp=0x000000c82eec7250 mode 2
Event: 22.039 Thread 0x000000c82f6edf30 Uncommon trap: trap_request=0xffffffde fr.pc=0x000000c83eb39a50 relative=0x00000000000000b0
Event: 22.039 Thread 0x000000c82f6edf30 Uncommon trap: reason=class_check action=maybe_recompile pc=0x000000c83eb39a50 method=java.util.regex.Pattern$Node.study(Ljava/util/regex/Pattern$TreeInfo;)Z @ 12 c2
Event: 22.039 Thread 0x000000c82f6edf30 DEOPT PACKING pc=0x000000c83eb39a50 sp=0x000000c82eec7ed0
Event: 22.039 Thread 0x000000c82f6edf30 DEOPT UNPACKING pc=0x000000c83e5023a3 sp=0x000000c82eec7e58 mode 2
Event: 22.039 Thread 0x000000c82f6edf30 Uncommon trap: trap_request=0xffffffde fr.pc=0x000000c83eb39a50 relative=0x00000000000000b0
Event: 22.039 Thread 0x000000c82f6edf30 Uncommon trap: reason=class_check action=maybe_recompile pc=0x000000c83eb39a50 method=java.util.regex.Pattern$Node.study(Ljava/util/regex/Pattern$TreeInfo;)Z @ 12 c2
Event: 22.039 Thread 0x000000c82f6edf30 DEOPT PACKING pc=0x000000c83eb39a50 sp=0x000000c82eec7dc0
Event: 22.039 Thread 0x000000c82f6edf30 DEOPT UNPACKING pc=0x000000c83e5023a3 sp=0x000000c82eec7d58 mode 2

Classes unloaded (0 events):
No events

Classes redefined (0 events):
No events

Internal exceptions (20 events):
Event: 22.044 Thread 0x000000c82f6edf30 Exception <a 'java/lang/ClassNotFoundException'{0x0000000089dc2490}: java/util/Collections$UnmodifiableListCustomizer> (0x0000000089dc2490) 
thrown [s\open\src\hotspot\share\classfile\systemDictionary.cpp, line 256]
Event: 22.045 Thread 0x000000c82f6edf30 Exception <a 'java/lang/ClassNotFoundException'{0x0000000089dddf20}: java/util/Collections$UnmodifiableRandomAccessListCustomizer> (0x0000000089dddf20) 
thrown [s\open\src\hotspot\share\classfile\systemDictionary.cpp, line 256]
Event: 22.134 Thread 0x000000c82f6edf30 Exception <a 'java/lang/ClassNotFoundException'{0x0000000089914118}: java/lang/MathBeanInfo> (0x0000000089914118) 
thrown [s\open\src\hotspot\share\classfile\systemDictionary.cpp, line 256]
Event: 22.134 Thread 0x000000c82f6edf30 Exception <a 'java/lang/ClassNotFoundException'{0x0000000089915dd8}: java/lang/MathCustomizer> (0x0000000089915dd8) 
thrown [s\open\src\hotspot\share\classfile\systemDictionary.cpp, line 256]
Event: 23.078 Thread 0x000000c82f6edf30 Exception <a 'java/lang/ClassNotFoundException'{0x00000000899ce360}: org/apache/http/impl/client/DefaultHttpClientBeanInfo> (0x00000000899ce360) 
thrown [s\open\src\hotspot\share\classfile\systemDictionary.cpp, line 256]
Event: 24.418 Thread 0x000000c82f6edf30 Exception <a 'java/lang/ClassNotFoundException'{0x00000000899d23d0}: org/apache/http/impl/client/AbstractHttpClientBeanInfo> (0x00000000899d23d0) 
thrown [s\open\src\hotspot\share\classfile\systemDictionary.cpp, line 256]
Event: 24.418 Thread 0x000000c82f6edf30 Exception <a 'java/lang/ClassNotFoundException'{0x00000000899d64d0}: org/apache/http/impl/client/CloseableHttpClientBeanInfo> (0x00000000899d64d0) 
thrown [s\open\src\hotspot\share\classfile\systemDictionary.cpp, line 256]
Event: 24.419 Thread 0x000000c82f6edf30 Exception <a 'java/lang/ClassNotFoundException'{0x00000000899da5f0}: org/apache/http/impl/client/CloseableHttpClientCustomizer> (0x00000000899da5f0) 
thrown [s\open\src\hotspot\share\classfile\systemDictionary.cpp, line 256]
Event: 24.423 Thread 0x000000c82f6edf30 Exception <a 'java/lang/ClassNotFoundException'{0x00000000899f00a8}: org/apache/http/impl/client/AbstractHttpClientCustomizer> (0x00000000899f00a8) 
thrown [s\open\src\hotspot\share\classfile\systemDictionary.cpp, line 256]
Event: 24.444 Thread 0x000000c82f6edf30 Exception <a 'java/lang/ClassNotFoundException'{0x000000008981f340}: org/apache/http/impl/client/DefaultHttpClientCustomizer> (0x000000008981f340) 
thrown [s\open\src\hotspot\share\classfile\systemDictionary.cpp, line 256]
Event: 24.453 Thread 0x000000c82f6edf30 Exception <a 'java/lang/ClassNotFoundException'{0x0000000089847d70}: io/restassured/internal/ResponseParserRegistrarBeanInfo> (0x0000000089847d70) 
thrown [s\open\src\hotspot\share\classfile\systemDictionary.cpp, line 256]
Event: 24.454 Thread 0x000000c82f6edf30 Exception <a 'java/lang/ClassNotFoundException'{0x000000008984be20}: io/restassured/internal/ResponseParserRegistrarCustomizer> (0x000000008984be20) 
thrown [s\open\src\hotspot\share\classfile\systemDictionary.cpp, line 256]
Event: 24.462 Thread 0x000000c82f6edf30 Exception <a 'java/lang/ClassNotFoundException'{0x0000000089860f98}: io/restassured/internal/RestAssuredHttpBuilderBeanInfo> (0x0000000089860f98) 
thrown [s\open\src\hotspot\share\classfile\systemDictionary.cpp, line 256]
Event: 24.463 Thread 0x000000c82f6edf30 Exception <a 'java/lang/ClassNotFoundException'{0x0000000089864f78}: io/restassured/internal/http/HTTPBuilderBeanInfo> (0x0000000089864f78) 
thrown [s\open\src\hotspot\share\classfile\systemDictionary.cpp, line 256]
Event: 24.464 Thread 0x000000c82f6edf30 Exception <a 'java/lang/ClassNotFoundException'{0x0000000089868f60}: io/restassured/internal/http/HTTPBuilderCustomizer> (0x0000000089868f60) 
thrown [s\open\src\hotspot\share\classfile\systemDictionary.cpp, line 256]
Event: 25.434 Thread 0x000000c82f6edf30 Exception <a 'java/lang/ClassNotFoundException'{0x00000000898858a8}: io/restassured/internal/RestAssuredHttpBuilderCustomizer> (0x00000000898858a8) 
thrown [s\open\src\hotspot\share\classfile\systemDictionary.cpp, line 256]
Event: 26.077 Thread 0x000000c82f6edf30 Exception <a 'java/lang/ClassNotFoundException'{0x0000000089614930}: org/codehaus/groovy/runtime/MethodClosureBeanInfo> (0x0000000089614930) 
thrown [s\open\src\hotspot\share\classfile\systemDictionary.cpp, line 256]
Event: 26.081 Thread 0x000000c82f6edf30 Exception <a 'java/lang/ClassNotFoundException'{0x0000000089573658}: org/codehaus/groovy/runtime/MethodClosureCustomizer> (0x0000000089573658) 
thrown [s\open\src\hotspot\share\classfile\systemDictionary.cpp, line 256]
Event: 26.134 Thread 0x000000c82f6edf30 Exception <a 'java/lang/ClassNotFoundException'{0x00000000895d62b0}: io/restassured/internal/http/EncoderRegistryBeanInfo> (0x00000000895d62b0) 
thrown [s\open\src\hotspot\share\classfile\systemDictionary.cpp, line 256]
Event: 26.135 Thread 0x000000c82f6edf30 Exception <a 'java/lang/ClassNotFoundException'{0x00000000895da2e8}: io/restassured/internal/http/EncoderRegistryCustomizer> (0x00000000895da2e8) 
thrown [s\open\src\hotspot\share\classfile\systemDictionary.cpp, line 256]

VM Operations (20 events):
Event: 19.328 Executing VM operation: HandshakeAllThreads done
Event: 19.328 Executing VM operation: Cleanup
Event: 19.329 Executing VM operation: Cleanup done
Event: 19.335 Executing VM operation: HandshakeAllThreads
Event: 19.335 Executing VM operation: HandshakeAllThreads done
Event: 20.343 Executing VM operation: Cleanup
Event: 20.526 Executing VM operation: Cleanup done
Event: 21.526 Executing VM operation: Cleanup
Event: 21.693 Executing VM operation: Cleanup done
Event: 22.695 Executing VM operation: Cleanup
Event: 22.695 Executing VM operation: Cleanup done
Event: 24.696 Executing VM operation: Cleanup
Event: 24.696 Executing VM operation: Cleanup done
Event: 25.696 Executing VM operation: Cleanup
Event: 25.696 Executing VM operation: Cleanup done
Event: 26.070 Executing VM operation: HandshakeAllThreads
Event: 26.070 Executing VM operation: HandshakeAllThreads done
Event: 26.556 Executing VM operation: HandshakeAllThreads
Event: 26.556 Executing VM operation: HandshakeAllThreads done
Event: 27.556 Executing VM operation: Cleanup

Events (20 events):
Event: 26.555 loading class sun/security/jca/Providers done
Event: 26.555 loading class sun/security/jca/ProviderList
Event: 26.555 loading class sun/security/jca/ProviderList done
Event: 26.555 loading class sun/security/jca/ProviderConfig
Event: 26.555 loading class sun/security/jca/ProviderConfig done
Event: 26.555 loading class sun/security/jca/ProviderList$3
Event: 26.555 loading class sun/security/jca/ProviderList$3 done
Event: 26.555 loading class sun/security/jca/ProviderList$1
Event: 26.555 loading class sun/security/jca/ProviderList$1 done
Event: 26.556 loading class java/security/Provider$ServiceKey
Event: 26.556 loading class java/security/Provider$ServiceKey done
Event: 26.556 loading class java/security/Provider$EngineDescription
Event: 26.556 loading class java/security/Provider$EngineDescription done
Event: 26.556 loading class jdk/internal/math/FloatingDecimal$ASCIIToBinaryBuffer
Event: 26.557 loading class jdk/internal/math/FloatingDecimal$ASCIIToBinaryBuffer done
Event: 26.557 loading class sun/security/jca/ProviderList$2
Event: 26.557 loading class sun/security/jca/ProviderList$2 done
Event: 26.557 loading class sun/security/provider/Sun
Event: 26.557 loading class sun/security/provider/Sun done
Event: 26.558 loading class sun/security/provider/SunEntries


Dynamic libraries:
0x00007ff6b25f0000 - 0x00007ff6b2600000 	C:\Program Files\Java\jdk-17\bin\javaw.exe
0x00007ff8fb230000 - 0x00007ff8fb3f2000 	C:\Windows\SYSTEM32\ntdll.dll
0x00007ff8fa8a0000 - 0x00007ff8fa94d000 	C:\Windows\system32\KERNEL32.DLL
0x00007ff8f86c0000 - 0x00007ff8f889d000 	C:\Windows\system32\KERNELBASE.dll
0x00007ff8e3f80000 - 0x00007ff8e3f99000 	C:\Program Files\Java\jdk-17\bin\jli.dll
0x00007ff8fb180000 - 0x00007ff8fb226000 	C:\Windows\system32\ADVAPI32.dll
0x00007ff8f88f0000 - 0x00007ff8f898d000 	C:\Windows\system32\msvcrt.dll
0x00007ff8f8a50000 - 0x00007ff8f8aab000 	C:\Windows\system32\sechost.dll
0x00007ff8fae60000 - 0x00007ff8faf86000 	C:\Windows\system32\RPCRT4.dll
0x00007ff8fa040000 - 0x00007ff8fa18e000 	C:\Windows\system32\USER32.dll
0x00007ff8fa9c0000 - 0x00007ff8fab43000 	C:\Windows\system32\GDI32.dll
0x00007ff8e50d0000 - 0x00007ff8e50eb000 	C:\Program Files\Java\jdk-17\bin\VCRUNTIME140.dll
0x00007ff8f1850000 - 0x00007ff8f1942000 	C:\Windows\SYSTEM32\ucrtbase.dll
0x00007ff8f1cc0000 - 0x00007ff8f1f34000 	C:\Windows\WinSxS\amd64_microsoft.windows.common-controls_6595b64144ccf1df_6.0.10240.17184_none_f41d7a705752bce6\COMCTL32.dll
0x00007ff8f1f40000 - 0x00007ff8f1f4a000 	C:\Windows\SYSTEM32\VERSION.dll
0x00007ff8fa340000 - 0x00007ff8fa376000 	C:\Windows\system32\IMM32.DLL
0x00007ff8fa600000 - 0x00007ff8fa75c000 	C:\Windows\system32\MSCTF.dll
0x00007ff8f20a0000 - 0x00007ff8f20ac000 	C:\Program Files\Java\jdk-17\bin\vcruntime140_1.dll
0x00007ff8d8a50000 - 0x00007ff8d8ade000 	C:\Program Files\Java\jdk-17\bin\msvcp140.dll
0x00007ff8cdcb0000 - 0x00007ff8ce88d000 	C:\Program Files\Java\jdk-17\bin\server\jvm.dll
0x00007ff8fad00000 - 0x00007ff8fad08000 	C:\Windows\system32\PSAPI.DLL
0x00007ff8eeeb0000 - 0x00007ff8eeeb9000 	C:\Windows\SYSTEM32\WSOCK32.dll
0x00007ff8fab60000 - 0x00007ff8fabc9000 	C:\Windows\system32\WS2_32.dll
0x00007ff8fab50000 - 0x00007ff8fab58000 	C:\Windows\system32\NSI.dll
0x00007ff8f5ff0000 - 0x00007ff8f6013000 	C:\Windows\SYSTEM32\WINMM.dll
0x00007ff8f5eb0000 - 0x00007ff8f5edc000 	C:\Windows\SYSTEM32\WINMMBASE.dll
0x00007ff8f88a0000 - 0x00007ff8f88e4000 	C:\Windows\system32\cfgmgr32.dll
0x00007ff8f66b0000 - 0x00007ff8f66d7000 	C:\Windows\SYSTEM32\DEVOBJ.dll
0x00007ff8f7cc0000 - 0x00007ff8f7ccf000 	C:\Windows\system32\kernel.appcore.dll
0x00007ff8f0dc0000 - 0x00007ff8f0dca000 	C:\Program Files\Java\jdk-17\bin\jimage.dll
0x00007ff8f4d30000 - 0x00007ff8f4eba000 	C:\Windows\SYSTEM32\DBGHELP.DLL
0x00007ff8efbc0000 - 0x00007ff8efbe5000 	C:\Windows\SYSTEM32\dbgcore.DLL
0x00007ff8d8b60000 - 0x00007ff8d8b85000 	C:\Program Files\Java\jdk-17\bin\java.dll
0x00007ff8d7d60000 - 0x00007ff8d7e37000 	C:\Program Files\Java\jdk-17\bin\jsvml.dll
0x00007ff8f8ab0000 - 0x00007ff8f9fd3000 	C:\Windows\system32\SHELL32.dll
0x00007ff8f7f20000 - 0x00007ff8f8549000 	C:\Windows\system32\windows.storage.dll
0x00007ff8fa380000 - 0x00007ff8fa5fc000 	C:\Windows\system32\combase.dll
0x00007ff8faca0000 - 0x00007ff8facf1000 	C:\Windows\system32\shlwapi.dll
0x00007ff8f8600000 - 0x00007ff8f86b3000 	C:\Windows\system32\shcore.dll
0x00007ff8f7c70000 - 0x00007ff8f7cba000 	C:\Windows\system32\powrprof.dll
0x00007ff8f7cd0000 - 0x00007ff8f7ce3000 	C:\Windows\system32\profapi.dll
0x00007ff8e3bf0000 - 0x00007ff8e3c09000 	C:\Program Files\Java\jdk-17\bin\net.dll
0x00007ff8f41a0000 - 0x00007ff8f4276000 	C:\Windows\SYSTEM32\WINHTTP.dll
0x00007ff8f7420000 - 0x00007ff8f747d000 	C:\Windows\system32\mswsock.dll
0x00007ff8d9850000 - 0x00007ff8d9866000 	C:\Program Files\Java\jdk-17\bin\nio.dll
0x00007ff8d8dc0000 - 0x00007ff8d8dd8000 	C:\Program Files\Java\jdk-17\bin\zip.dll
0x00007ff8f02d0000 - 0x00007ff8f02e0000 	C:\Program Files\Java\jdk-17\bin\verify.dll

dbghelp: loaded successfully - version: 4.0.5 - missing functions: none
symbol engine: initialized successfully - sym options: 0x614 - pdb path: .;C:\Program Files\Java\jdk-17\bin;C:\Windows\SYSTEM32;C:\Windows\WinSxS\amd64_microsoft.windows.common-controls_6595b64144ccf1df_6.0.10240.17184_none_f41d7a705752bce6;C:\Program Files\Java\jdk-17\bin\server

VM Arguments:
jvm_args: -Dfile.encoding=UTF-8 -XX:+ShowCodeDetailsInExceptionMessages 
java_command: DriverClass
java_class_path (initial): C:\Java\restAssuredDriverClassFreamwork\target\classes;C:\Users\Manu\.m2\repository\io\rest-assured\rest-assured\5.3.0\rest-assured-5.3.0.jar;C:\Users\Manu\.m2\repository\org\apache\groovy\groovy\4.0.6\groovy-4.0.6.jar;C:\Users\Manu\.m2\repository\org\apache\groovy\groovy-xml\4.0.6\groovy-xml-4.0.6.jar;C:\Users\Manu\.m2\repository\org\apache\httpcomponents\httpclient\4.5.13\httpclient-4.5.13.jar;C:\Users\Manu\.m2\repository\org\apache\httpcomponents\httpcore\4.4.13\httpcore-4.4.13.jar;C:\Users\Manu\.m2\repository\commons-logging\commons-logging\1.2\commons-logging-1.2.jar;C:\Users\Manu\.m2\repository\org\apache\httpcomponents\httpmime\4.5.13\httpmime-4.5.13.jar;C:\Users\Manu\.m2\repository\org\hamcrest\hamcrest\2.1\hamcrest-2.1.jar;C:\Users\Manu\.m2\repository\org\ccil\cowan\tagsoup\tagsoup\1.2.1\tagsoup-1.2.1.jar;C:\Users\Manu\.m2\repository\io\rest-assured\json-path\5.3.0\json-path-5.3.0.jar;C:\Users\Manu\.m2\repository\org\apache\groovy\groovy-json\4.0.6\groovy-json-4.0.6.jar;C:\Users\Manu\.m2\repository\io\rest-assured\rest-assured-common\5.3.0\rest-assured-common-5.3.0.jar;C:\Users\Manu\.m2\repository\io\rest-assured\xml-path\5.3.0\xml-path-5.3.0.jar;C:\Users\Manu\.m2\repository\org\apache\commons\commons-lang3\3.11\commons-lang3-3.11.jar;C:\Users\Manu\.m2\repository\org\testng\testng\7.7.1\testng-7.7.1.jar;C:\Users\Manu\.m2\repository\org\slf4j\slf4j-api\1.7.36\slf4j-api-1.7.36.jar;C:\Users\Manu\.m2\repository\com\beust\jcommander\1.82\jcommander-1.82.jar;C:\Users\Manu\.m2\repository\org\webjars\jquery\3.6.1\jquery-3.6.1.jar;C:\Users\Manu\.m2\repository\org\apache\poi\poi\5.2.3\poi-5.2.3.jar;C:\Users\Manu\.m2\repository\commons-codec\commons-codec\1.15\commons-codec-1.15.jar;C:\Users\Manu\.m2\repository\org\apache\commons\commons-collections4\4.4\commons-collections4-4.4.jar;C:\Users\Manu\.m2\repository\org\apache\commons\commons-math3\3.6.1\commons-math3-3.6.1.jar;C:\Users\Manu\.m2\repository\commons-io\commons-io\2.11.0\commons-i
Launcher Type: SUN_STANDARD

[Global flags]
     intx CICompilerCount                          = 3                                         {product} {ergonomic}
     uint ConcGCThreads                            = 1                                         {product} {ergonomic}
     uint G1ConcRefinementThreads                  = 4                                         {product} {ergonomic}
   size_t G1HeapRegionSize                         = 1048576                                   {product} {ergonomic}
    uintx GCDrainStackTargetSize                   = 64                                        {product} {ergonomic}
   size_t InitialHeapSize                          = 132120576                                 {product} {ergonomic}
   size_t MarkStackSize                            = 4194304                                   {product} {ergonomic}
   size_t MaxHeapSize                              = 2090860544                                {product} {ergonomic}
   size_t MaxNewSize                               = 1254096896                                {product} {ergonomic}
   size_t MinHeapDeltaBytes                        = 1048576                                   {product} {ergonomic}
   size_t MinHeapSize                              = 8388608                                   {product} {ergonomic}
    uintx NonNMethodCodeHeapSize                   = 5832780                                {pd product} {ergonomic}
    uintx NonProfiledCodeHeapSize                  = 122912730                              {pd product} {ergonomic}
    uintx ProfiledCodeHeapSize                     = 122912730                              {pd product} {ergonomic}
    uintx ReservedCodeCacheSize                    = 251658240                              {pd product} {ergonomic}
     bool SegmentedCodeCache                       = true                                      {product} {ergonomic}
     bool ShowCodeDetailsInExceptionMessages       = true                                   {manageable} {command line}
   size_t SoftMaxHeapSize                          = 2090860544                             {manageable} {ergonomic}
     bool UseCompressedClassPointers               = true                           {product lp64_product} {ergonomic}
     bool UseCompressedOops                        = true                           {product lp64_product} {ergonomic}
     bool UseG1GC                                  = true                                      {product} {ergonomic}
     bool UseLargePagesIndividualAllocation        = false                                  {pd product} {ergonomic}

Logging:
Log output configuration:
 #0: stdout all=warning uptime,level,tags
 #1: stderr all=off uptime,level,tags

Environment Variables:
JAVA_HOME=E:\Java\jdk-11.0.1;
PATH=C:\Program Files\Common Files\Oracle\Java\javapath;C:\Windows\system32;C:\Windows;C:\Windows\System32\Wbem;C:\Windows\System32\WindowsPowerShell\v1.0\;C:\Program Files (x86)\Microsoft SQL Server\100\Tools\Binn\;C:\Program Files\Microsoft SQL Server\100\Tools\Binn\;C:\Program Files\Microsoft SQL Server\100\DTS\Binn\;C:\Program Files\Microsoft\Web Platform Installer\;C:\Program Files (x86)\Microsoft ASP.NET\ASP.NET Web Pages\v1.0\;C:\Program Files\nodejs\;E:\Java\jdk-11.0.1\bin;C:\Users\Manu\AppData\Roaming\npm
USERNAME=Manu
OS=Windows_NT
PROCESSOR_IDENTIFIER=Intel64 Family 6 Model 142 Stepping 9, GenuineIntel



---------------  S Y S T E M  ---------------

OS:
 Windows 10 , 64 bit Build 10240 (10.0.10240.17113)
OS uptime: 4 days 20:03 hours

CPU: total 4 (initial active 4) (2 cores per cpu, 2 threads per core) family 6 model 142 stepping 9 microcode 0x3c, cx8, cmov, fxsr, ht, mmx, 3dnowpref, sse, sse2, sse3, ssse3, sse4.1, sse4.2, popcnt, lzcnt, tsc, tscinvbit, avx, avx2, aes, erms, clmul, bmi1, bmi2, adx, fma, vzeroupper, clflush, clflushopt

Memory: 4k page, system-wide physical 7975M (2874M free)
TotalPageFile size 9255M (AvailPageFile size 24M)
current process WorkingSet (physical memory assigned to process): 100M, peak: 104M
current process commit charge ("private bytes"): 222M, peak: 236M

vm_info: Java HotSpot(TM) 64-Bit Server VM (17.0.7+8-LTS-224) for windows-amd64 JRE (17.0.7+8-LTS-224), built on Feb 28 2023 23:03:02 by "mach5one" with MS VC++ 17.1 (VS2022)

END.
