#
# There is insufficient memory for the Java Runtime Environment to continue.
# Native memory allocation (mmap) failed to map 65536 bytes for Failed to commit metaspace.
# Possible reasons:
#   The system is out of physical RAM or swap space
#   The process is running with CompressedOops enabled, and the Java Heap may be blocking the growth of the native heap
# Possible solutions:
#   Reduce memory load on the system
#   Increase physical memory or swap space
#   Check if swap backing store is full
#   Decrease Java heap size (-Xmx/-Xms)
#   Decrease number of Java threads
#   Decrease Java thread stack sizes (-Xss)
#   Set larger code cache with -XX:ReservedCodeCacheSize=
#   JVM is running with Unscaled Compressed Oops mode in which the Java heap is
#     placed in the first 4GB address space. The Java Heap base address is the
#     maximum limit for the native heap growth. Please use -XX:HeapBaseMinAddress
#     to set the Java Heap base and to place the Java Heap above 4GB virtual address.
# This output file may be truncated or incomplete.
#
#  Out of Memory Error (virtualSpaceNode.cpp:110), pid=6108, tid=5224
#
# JRE version: Java(TM) SE Runtime Environment (17.0.7+8) (build 17.0.7+8-LTS-224)
# Java VM: Java HotSpot(TM) 64-Bit Server VM (17.0.7+8-LTS-224, mixed mode, sharing, tiered, compressed oops, compressed class ptrs, g1 gc, windows-amd64)
# No core dump will be written. Minidumps are not enabled by default on client versions of Windows
#

---------------  S U M M A R Y ------------

Command Line: -Dfile.encoding=UTF-8 -XX:+ShowCodeDetailsInExceptionMessages DriverClass

Host: Intel(R) Core(TM) i5-7200U CPU @ 2.50GHz, 4 cores, 7G,  Windows 10 , 64 bit Build 10240 (10.0.10240.17113)
Time: Wed May 17 20:20:18 2023 India Standard Time elapsed time: 13.774574 seconds (0d 0h 0m 13s)

---------------  T H R E A D  ---------------

Current thread (0x0000002dc44fed90):  JavaThread "main" [_thread_in_vm, id=5224, stack(0x0000002dc3ae0000,0x0000002dc3be0000)]

Stack: [0x0000002dc3ae0000,0x0000002dc3be0000]
Native frames: (J=compiled Java code, j=interpreted, Vv=VM code, C=native code)
V  [jvm.dll+0x676a4a]
V  [jvm.dll+0x7d74f4]
V  [jvm.dll+0x7d8c9e]
V  [jvm.dll+0x7d9303]
V  [jvm.dll+0x2452c5]
V  [jvm.dll+0x7d35fb]
V  [jvm.dll+0x61ca36]
V  [jvm.dll+0x1bfbf7]
V  [jvm.dll+0x61f390]
V  [jvm.dll+0x61d3f6]
V  [jvm.dll+0x6270f7]
V  [jvm.dll+0x1e96ad]
V  [jvm.dll+0x1e9c75]
V  [jvm.dll+0x1ea5bb]
V  [jvm.dll+0x1dfdc1]
V  [jvm.dll+0x53cf0c]
V  [jvm.dll+0x752158]
V  [jvm.dll+0x752244]
V  [jvm.dll+0x40b12f]
V  [jvm.dll+0x411149]
C  [java.dll+0x17ec]

Java frames: (J=compiled Java code, j=interpreted, Vv=VM code)
j  java.lang.ClassLoader.defineClass1(Ljava/lang/ClassLoader;Ljava/lang/String;[BIILjava/security/ProtectionDomain;Ljava/lang/String;)Ljava/lang/Class;+0 java.base@17.0.7
j  java.lang.ClassLoader.defineClass(Ljava/lang/String;[BIILjava/security/ProtectionDomain;)Ljava/lang/Class;+27 java.base@17.0.7
j  java.security.SecureClassLoader.defineClass(Ljava/lang/String;[BIILjava/security/CodeSource;)Ljava/lang/Class;+12 java.base@17.0.7
j  jdk.internal.loader.BuiltinClassLoader.defineClass(Ljava/lang/String;Ljdk/internal/loader/Resource;)Ljava/lang/Class;+117 java.base@17.0.7
j  jdk.internal.loader.BuiltinClassLoader.findClassOnClassPathOrNull(Ljava/lang/String;)Ljava/lang/Class;+37 java.base@17.0.7
J 519 c1 jdk.internal.loader.BuiltinClassLoader.loadClassOrNull(Ljava/lang/String;Z)Ljava/lang/Class; java.base@17.0.7 (143 bytes) @ 0x0000002dcbe6273c [0x0000002dcbe61840+0x0000000000000efc]
J 303 c1 jdk.internal.loader.ClassLoaders$AppClassLoader.loadClass(Ljava/lang/String;Z)Ljava/lang/Class; java.base@17.0.7 (40 bytes) @ 0x0000002dcbe04804 [0x0000002dcbe041e0+0x0000000000000624]
J 302 c1 java.lang.ClassLoader.loadClass(Ljava/lang/String;)Ljava/lang/Class; java.base@17.0.7 (7 bytes) @ 0x0000002dcbe03e4c [0x0000002dcbe03d40+0x000000000000010c]
v  ~StubRoutines::call_stub
j  java.lang.ClassLoader.defineClass1(Ljava/lang/ClassLoader;Ljava/lang/String;[BIILjava/security/ProtectionDomain;Ljava/lang/String;)Ljava/lang/Class;+0 java.base@17.0.7
j  java.lang.ClassLoader.defineClass(Ljava/lang/String;[BIILjava/security/ProtectionDomain;)Ljava/lang/Class;+27 java.base@17.0.7
j  java.security.SecureClassLoader.defineClass(Ljava/lang/String;[BIILjava/security/CodeSource;)Ljava/lang/Class;+12 java.base@17.0.7
j  jdk.internal.loader.BuiltinClassLoader.defineClass(Ljava/lang/String;Ljdk/internal/loader/Resource;)Ljava/lang/Class;+117 java.base@17.0.7
j  jdk.internal.loader.BuiltinClassLoader.findClassOnClassPathOrNull(Ljava/lang/String;)Ljava/lang/Class;+37 java.base@17.0.7
J 519 c1 jdk.internal.loader.BuiltinClassLoader.loadClassOrNull(Ljava/lang/String;Z)Ljava/lang/Class; java.base@17.0.7 (143 bytes) @ 0x0000002dcbe6273c [0x0000002dcbe61840+0x0000000000000efc]
J 303 c1 jdk.internal.loader.ClassLoaders$AppClassLoader.loadClass(Ljava/lang/String;Z)Ljava/lang/Class; java.base@17.0.7 (40 bytes) @ 0x0000002dcbe04804 [0x0000002dcbe041e0+0x0000000000000624]
J 302 c1 java.lang.ClassLoader.loadClass(Ljava/lang/String;)Ljava/lang/Class; java.base@17.0.7 (7 bytes) @ 0x0000002dcbe03e4c [0x0000002dcbe03d40+0x000000000000010c]
v  ~StubRoutines::call_stub
j  java.lang.ClassLoader.defineClass1(Ljava/lang/ClassLoader;Ljava/lang/String;[BIILjava/security/ProtectionDomain;Ljava/lang/String;)Ljava/lang/Class;+0 java.base@17.0.7
j  java.lang.ClassLoader.defineClass(Ljava/lang/String;[BIILjava/security/ProtectionDomain;)Ljava/lang/Class;+27 java.base@17.0.7
j  java.security.SecureClassLoader.defineClass(Ljava/lang/String;[BIILjava/security/CodeSource;)Ljava/lang/Class;+12 java.base@17.0.7
j  jdk.internal.loader.BuiltinClassLoader.defineClass(Ljava/lang/String;Ljdk/internal/loader/Resource;)Ljava/lang/Class;+117 java.base@17.0.7
j  jdk.internal.loader.BuiltinClassLoader.findClassOnClassPathOrNull(Ljava/lang/String;)Ljava/lang/Class;+37 java.base@17.0.7
J 519 c1 jdk.internal.loader.BuiltinClassLoader.loadClassOrNull(Ljava/lang/String;Z)Ljava/lang/Class; java.base@17.0.7 (143 bytes) @ 0x0000002dcbe6273c [0x0000002dcbe61840+0x0000000000000efc]
J 303 c1 jdk.internal.loader.ClassLoaders$AppClassLoader.loadClass(Ljava/lang/String;Z)Ljava/lang/Class; java.base@17.0.7 (40 bytes) @ 0x0000002dcbe04804 [0x0000002dcbe041e0+0x0000000000000624]
J 302 c1 java.lang.ClassLoader.loadClass(Ljava/lang/String;)Ljava/lang/Class; java.base@17.0.7 (7 bytes) @ 0x0000002dcbe03e4c [0x0000002dcbe03d40+0x000000000000010c]
v  ~StubRoutines::call_stub
j  java.lang.ClassLoader.defineClass1(Ljava/lang/ClassLoader;Ljava/lang/String;[BIILjava/security/ProtectionDomain;Ljava/lang/String;)Ljava/lang/Class;+0 java.base@17.0.7
j  java.lang.ClassLoader.defineClass(Ljava/lang/String;[BIILjava/security/ProtectionDomain;)Ljava/lang/Class;+27 java.base@17.0.7
j  java.security.SecureClassLoader.defineClass(Ljava/lang/String;[BIILjava/security/CodeSource;)Ljava/lang/Class;+12 java.base@17.0.7
j  jdk.internal.loader.BuiltinClassLoader.defineClass(Ljava/lang/String;Ljdk/internal/loader/Resource;)Ljava/lang/Class;+117 java.base@17.0.7
j  jdk.internal.loader.BuiltinClassLoader.findClassOnClassPathOrNull(Ljava/lang/String;)Ljava/lang/Class;+37 java.base@17.0.7
J 519 c1 jdk.internal.loader.BuiltinClassLoader.loadClassOrNull(Ljava/lang/String;Z)Ljava/lang/Class; java.base@17.0.7 (143 bytes) @ 0x0000002dcbe6273c [0x0000002dcbe61840+0x0000000000000efc]
J 303 c1 jdk.internal.loader.ClassLoaders$AppClassLoader.loadClass(Ljava/lang/String;Z)Ljava/lang/Class; java.base@17.0.7 (40 bytes) @ 0x0000002dcbe04804 [0x0000002dcbe041e0+0x0000000000000624]
J 302 c1 java.lang.ClassLoader.loadClass(Ljava/lang/String;)Ljava/lang/Class; java.base@17.0.7 (7 bytes) @ 0x0000002dcbe03e4c [0x0000002dcbe03d40+0x000000000000010c]
j  org.codehaus.groovy.vmplugin.VMPluginFactory.lambda$createPlugin$0()Lorg/codehaus/groovy/vmplugin/VMPlugin;+83
j  org.codehaus.groovy.vmplugin.VMPluginFactory$$Lambda$24+0x0000000800c1ca10.run()Ljava/lang/Object;+0
j  java.security.AccessController.executePrivileged(Ljava/security/PrivilegedAction;Ljava/security/AccessControlContext;Ljava/lang/Class;)Ljava/lang/Object;+29 java.base@17.0.7
j  java.security.AccessController.doPrivileged(Ljava/security/PrivilegedAction;)Ljava/lang/Object;+5 java.base@17.0.7
j  org.codehaus.groovy.vmplugin.VMPluginFactory.doPrivileged(Ljava/security/PrivilegedAction;)Ljava/lang/Object;+1
j  org.codehaus.groovy.vmplugin.VMPluginFactory.createPlugin()Lorg/codehaus/groovy/vmplugin/VMPlugin;+5
j  org.codehaus.groovy.vmplugin.VMPluginFactory.<clinit>()V+61
v  ~StubRoutines::call_stub
j  org.codehaus.groovy.reflection.ReflectionUtils.<clinit>()V+0
v  ~StubRoutines::call_stub
j  org.codehaus.groovy.reflection.CachedClass$3.lambda$initValue$1(Ljava/lang/reflect/Method;)Z+3
j  org.codehaus.groovy.reflection.CachedClass$3$$Lambda$13+0x0000000800c17988.test(Ljava/lang/Object;)Z+4
j  java.util.stream.ReferencePipeline$2$1.accept(Ljava/lang/Object;)V+8 java.base@17.0.7
j  java.util.stream.ReferencePipeline$2$1.accept(Ljava/lang/Object;)V+21 java.base@17.0.7
j  java.util.Spliterators$ArraySpliterator.forEachRemaining(Ljava/util/function/Consumer;)V+53 java.base@17.0.7
j  java.util.stream.AbstractPipeline.copyInto(Ljava/util/stream/Sink;Ljava/util/Spliterator;)V+32 java.base@17.0.7
j  java.util.stream.AbstractPipeline.wrapAndCopyInto(Ljava/util/stream/Sink;Ljava/util/Spliterator;)Ljava/util/stream/Sink;+13 java.base@17.0.7
j  java.util.stream.AbstractPipeline.evaluate(Ljava/util/Spliterator;ZLjava/util/function/IntFunction;)Ljava/util/stream/Node;+32 java.base@17.0.7
j  java.util.stream.AbstractPipeline.evaluateToArrayNode(Ljava/util/function/IntFunction;)Ljava/util/stream/Node;+74 java.base@17.0.7
j  java.util.stream.ReferencePipeline.toArray(Ljava/util/function/IntFunction;)[Ljava/lang/Object;+4 java.base@17.0.7
j  org.codehaus.groovy.reflection.CachedClass$3.lambda$initValue$4()[Lorg/codehaus/groovy/reflection/CachedMethod;+49
j  org.codehaus.groovy.reflection.CachedClass$3$$Lambda$11+0x0000000800c157c8.run()Ljava/lang/Object;+4
j  java.security.AccessController.executePrivileged(Ljava/security/PrivilegedAction;Ljava/security/AccessControlContext;Ljava/lang/Class;)Ljava/lang/Object;+29 java.base@17.0.7
j  java.security.AccessController.doPrivileged(Ljava/security/PrivilegedAction;)Ljava/lang/Object;+5 java.base@17.0.7
j  org.codehaus.groovy.reflection.CachedClass.doPrivileged(Ljava/security/PrivilegedAction;)Ljava/lang/Object;+1
j  org.codehaus.groovy.reflection.CachedClass.access$000(Ljava/security/PrivilegedAction;)Ljava/lang/Object;+1
j  org.codehaus.groovy.reflection.CachedClass$3.initValue()[Lorg/codehaus/groovy/reflection/CachedMethod;+8
j  org.codehaus.groovy.reflection.CachedClass$3.initValue()Ljava/lang/Object;+1
j  org.codehaus.groovy.util.LazyReference.getLocked(Z)Ljava/lang/Object;+32
J 344 c1 org.codehaus.groovy.util.LazyReference.get()Ljava/lang/Object; (44 bytes) @ 0x0000002dcbe0fea4 [0x0000002dcbe0fc00+0x00000000000002a4]
j  org.codehaus.groovy.reflection.CachedClass.getMethods()[Lorg/codehaus/groovy/reflection/CachedMethod;+4
j  org.codehaus.groovy.reflection.stdclasses.CachedClosureClass.<init>(Ljava/lang/Class;Lorg/codehaus/groovy/reflection/ClassInfo;)V+7
j  org.codehaus.groovy.reflection.ClassInfo.createCachedClass(Ljava/lang/Class;Lorg/codehaus/groovy/reflection/ClassInfo;)Lorg/codehaus/groovy/reflection/CachedClass;+475
j  org.codehaus.groovy.reflection.ClassInfo.access$300(Ljava/lang/Class;Lorg/codehaus/groovy/reflection/ClassInfo;)Lorg/codehaus/groovy/reflection/CachedClass;+2
j  org.codehaus.groovy.reflection.ClassInfo$LazyCachedClassRef.initValue()Lorg/codehaus/groovy/reflection/CachedClass;+17
j  org.codehaus.groovy.reflection.ClassInfo$LazyCachedClassRef.initValue()Ljava/lang/Object;+1
j  org.codehaus.groovy.util.LazyReference.getLocked(Z)Ljava/lang/Object;+32
j  org.codehaus.groovy.util.LazyReference.get()Ljava/lang/Object;+14
j  org.codehaus.groovy.reflection.ClassInfo.getCachedClass()Lorg/codehaus/groovy/reflection/CachedClass;+4
j  org.codehaus.groovy.reflection.ReflectionCache.getCachedClass(Ljava/lang/Class;)Lorg/codehaus/groovy/reflection/CachedClass;+10
j  org.codehaus.groovy.runtime.metaclass.MetaClassRegistryImpl.registerMethods(Ljava/lang/Class;ZZLjava/util/Map;)V+116
j  org.codehaus.groovy.runtime.metaclass.MetaClassRegistryImpl.<init>(IZ)V+165
j  org.codehaus.groovy.runtime.metaclass.MetaClassRegistryImpl.<init>()V+3
j  groovy.lang.GroovySystem.<clinit>()V+8
v  ~StubRoutines::call_stub
j  org.codehaus.groovy.reflection.ClassInfo.isValidWeakMetaClass(Lgroovy/lang/MetaClass;)Z+1
j  org.codehaus.groovy.reflection.ClassInfo.getMetaClassForClass()Lgroovy/lang/MetaClass;+17
j  org.codehaus.groovy.reflection.ClassInfo.getMetaClass()Lgroovy/lang/MetaClass;+1
j  io.restassured.authentication.NoAuthScheme.$getStaticMetaClass()Lgroovy/lang/MetaClass;+35
j  io.restassured.authentication.NoAuthScheme.<init>()V+9
j  io.restassured.RestAssured.<clinit>()V+14
v  ~StubRoutines::call_stub
j  commonFunctionPackage.API_Common_Function.res_statusCode(Ljava/lang/String;Ljava/lang/String;Ljava/lang/String;)I+1
j  testClassPackage.post_tc_1.execute()V+14
j  DriverClass.main([Ljava/lang/String;)V+0
v  ~StubRoutines::call_stub

---------------  P R O C E S S  ---------------

Threads class SMR info:
_java_thread_list=0x0000002de34b0940, length=12, elements={
0x0000002dc44fed90, 0x0000002de1f4dfe0, 0x0000002de1f4fa60, 0x0000002de1f62bd0,
0x0000002de1f63590, 0x0000002de1f65e60, 0x0000002de1f66720, 0x0000002de1f67310,
0x0000002de1f687d0, 0x0000002de1fe9530, 0x0000002de34a4390, 0x0000002de34b48b0
}

Java Threads: ( => current thread )
=>0x0000002dc44fed90 JavaThread "main" [_thread_in_vm, id=5224, stack(0x0000002dc3ae0000,0x0000002dc3be0000)]
  0x0000002de1f4dfe0 JavaThread "Reference Handler" daemon [_thread_blocked, id=9236, stack(0x0000002de2300000,0x0000002de2400000)]
  0x0000002de1f4fa60 JavaThread "Finalizer" daemon [_thread_blocked, id=9240, stack(0x0000002de2c00000,0x0000002de2d00000)]
  0x0000002de1f62bd0 JavaThread "Signal Dispatcher" daemon [_thread_blocked, id=9244, stack(0x0000002de2d00000,0x0000002de2e00000)]
  0x0000002de1f63590 JavaThread "Attach Listener" daemon [_thread_blocked, id=9248, stack(0x0000002de2e00000,0x0000002de2f00000)]
  0x0000002de1f65e60 JavaThread "Service Thread" daemon [_thread_blocked, id=9252, stack(0x0000002de2f00000,0x0000002de3000000)]
  0x0000002de1f66720 JavaThread "Monitor Deflation Thread" daemon [_thread_blocked, id=9256, stack(0x0000002de3000000,0x0000002de3100000)]
  0x0000002de1f67310 JavaThread "C2 CompilerThread0" daemon [_thread_blocked, id=9260, stack(0x0000002de3100000,0x0000002de3200000)]
  0x0000002de1f687d0 JavaThread "C1 CompilerThread0" daemon [_thread_blocked, id=9264, stack(0x0000002de3200000,0x0000002de3300000)]
  0x0000002de1fe9530 JavaThread "Sweeper thread" daemon [_thread_blocked, id=9344, stack(0x0000002de3300000,0x0000002de3400000)]
  0x0000002de34a4390 JavaThread "Notification Thread" daemon [_thread_blocked, id=9540, stack(0x0000002de3800000,0x0000002de3900000)]
  0x0000002de34b48b0 JavaThread "Common-Cleaner" daemon [_thread_blocked, id=9548, stack(0x0000002de3a00000,0x0000002de3b00000)]

Other Threads:
  0x0000002de1f47d30 VMThread "VM Thread" [stack: 0x0000002de2200000,0x0000002de2300000] [id=8812] _threads_hazard_ptr=0x0000002de34b0940
  0x0000002de3428850 WatcherThread [stack: 0x0000002de3900000,0x0000002de3a00000] [id=9544]
  0x0000002dc45585a0 GCTaskThread "GC Thread#0" [stack: 0x0000002dc4300000,0x0000002dc4400000] [id=5008]
  0x0000002dc4569540 ConcurrentGCThread "G1 Main Marker" [stack: 0x0000002ddf7c0000,0x0000002ddf8c0000] [id=3256]
  0x0000002dc4569e60 ConcurrentGCThread "G1 Conc#0" [stack: 0x0000002ddf8c0000,0x0000002ddf9c0000] [id=8680]
  0x0000002dc45d1300 ConcurrentGCThread "G1 Refine#0" [stack: 0x0000002de2000000,0x0000002de2100000] [id=5212]
  0x0000002dc45d1c30 ConcurrentGCThread "G1 Service" [stack: 0x0000002de2100000,0x0000002de2200000] [id=3828]

Threads with active compile tasks:

VM state: synchronizing (normal execution)

VM Mutex/Monitor currently owned by a thread:  ([mutex/lock_event])
[0x0000002dc44f89d0] Metaspace_lock - owner thread: 0x0000002dc44fed90
[0x0000002dc44fac10] Threads_lock - owner thread: 0x0000002de1f47d30

Heap address: 0x0000000083600000, size: 1994 MB, Compressed Oops mode: 32-bit

CDS archive(s) mapped at: [0x0000000800000000-0x0000000800bd0000-0x0000000800bd0000), size 12386304, SharedBaseAddress: 0x0000000800000000, ArchiveRelocationMode: 0.
Compressed class space mapped at: 0x0000000800c00000-0x0000000840c00000, reserved size: 1073741824
Narrow klass base: 0x0000000800000000, Narrow klass shift: 0, Narrow klass range: 0x100000000

GC Precious Log:
 CPUs: 4 total, 4 available
 Memory: 7975M
 Large Page Support: Disabled
 NUMA Support: Disabled
 Compressed Oops: Enabled (32-bit)
 Heap Region Size: 1M
 Heap Min Capacity: 8M
 Heap Initial Capacity: 126M
 Heap Max Capacity: 1994M
 Pre-touch: Disabled
 Parallel Workers: 4
 Concurrent Workers: 1
 Concurrent Refinement Workers: 4
 Periodic GC: Disabled

Heap:
 garbage-first heap   total 129024K, used 9216K [0x0000000083600000, 0x0000000100000000)
  region size 1024K, 11 young (11264K), 0 survivors (0K)
 Metaspace       used 2692K, committed 2816K, reserved 1056768K
  class space    used 209K, committed 320K, reserved 1048576K

Heap Regions: E=young(eden), S=young(survivor), O=old, HS=humongous(starts), HC=humongous(continues), CS=collection set, F=free, OA=open archive, CA=closed archive, TAMS=top-at-mark-start (previous, next)
|   0|0x0000000083600000, 0x0000000083600000, 0x0000000083700000|  0%| F|  |TAMS 0x0000000083600000, 0x0000000083600000| Untracked 
|   1|0x0000000083700000, 0x0000000083700000, 0x0000000083800000|  0%| F|  |TAMS 0x0000000083700000, 0x0000000083700000| Untracked 
|   2|0x0000000083800000, 0x0000000083800000, 0x0000000083900000|  0%| F|  |TAMS 0x0000000083800000, 0x0000000083800000| Untracked 
|   3|0x0000000083900000, 0x0000000083900000, 0x0000000083a00000|  0%| F|  |TAMS 0x0000000083900000, 0x0000000083900000| Untracked 
|   4|0x0000000083a00000, 0x0000000083a00000, 0x0000000083b00000|  0%| F|  |TAMS 0x0000000083a00000, 0x0000000083a00000| Untracked 
|   5|0x0000000083b00000, 0x0000000083b00000, 0x0000000083c00000|  0%| F|  |TAMS 0x0000000083b00000, 0x0000000083b00000| Untracked 
|   6|0x0000000083c00000, 0x0000000083c00000, 0x0000000083d00000|  0%| F|  |TAMS 0x0000000083c00000, 0x0000000083c00000| Untracked 
|   7|0x0000000083d00000, 0x0000000083d00000, 0x0000000083e00000|  0%| F|  |TAMS 0x0000000083d00000, 0x0000000083d00000| Untracked 
|   8|0x0000000083e00000, 0x0000000083e00000, 0x0000000083f00000|  0%| F|  |TAMS 0x0000000083e00000, 0x0000000083e00000| Untracked 
|   9|0x0000000083f00000, 0x0000000083f00000, 0x0000000084000000|  0%| F|  |TAMS 0x0000000083f00000, 0x0000000083f00000| Untracked 
|  10|0x0000000084000000, 0x0000000084000000, 0x0000000084100000|  0%| F|  |TAMS 0x0000000084000000, 0x0000000084000000| Untracked 
|  11|0x0000000084100000, 0x0000000084100000, 0x0000000084200000|  0%| F|  |TAMS 0x0000000084100000, 0x0000000084100000| Untracked 
|  12|0x0000000084200000, 0x0000000084200000, 0x0000000084300000|  0%| F|  |TAMS 0x0000000084200000, 0x0000000084200000| Untracked 
|  13|0x0000000084300000, 0x0000000084300000, 0x0000000084400000|  0%| F|  |TAMS 0x0000000084300000, 0x0000000084300000| Untracked 
|  14|0x0000000084400000, 0x0000000084400000, 0x0000000084500000|  0%| F|  |TAMS 0x0000000084400000, 0x0000000084400000| Untracked 
|  15|0x0000000084500000, 0x0000000084500000, 0x0000000084600000|  0%| F|  |TAMS 0x0000000084500000, 0x0000000084500000| Untracked 
|  16|0x0000000084600000, 0x0000000084600000, 0x0000000084700000|  0%| F|  |TAMS 0x0000000084600000, 0x0000000084600000| Untracked 
|  17|0x0000000084700000, 0x0000000084700000, 0x0000000084800000|  0%| F|  |TAMS 0x0000000084700000, 0x0000000084700000| Untracked 
|  18|0x0000000084800000, 0x0000000084800000, 0x0000000084900000|  0%| F|  |TAMS 0x0000000084800000, 0x0000000084800000| Untracked 
|  19|0x0000000084900000, 0x0000000084900000, 0x0000000084a00000|  0%| F|  |TAMS 0x0000000084900000, 0x0000000084900000| Untracked 
|  20|0x0000000084a00000, 0x0000000084a00000, 0x0000000084b00000|  0%| F|  |TAMS 0x0000000084a00000, 0x0000000084a00000| Untracked 
|  21|0x0000000084b00000, 0x0000000084b00000, 0x0000000084c00000|  0%| F|  |TAMS 0x0000000084b00000, 0x0000000084b00000| Untracked 
|  22|0x0000000084c00000, 0x0000000084c00000, 0x0000000084d00000|  0%| F|  |TAMS 0x0000000084c00000, 0x0000000084c00000| Untracked 
|  23|0x0000000084d00000, 0x0000000084d00000, 0x0000000084e00000|  0%| F|  |TAMS 0x0000000084d00000, 0x0000000084d00000| Untracked 
|  24|0x0000000084e00000, 0x0000000084e00000, 0x0000000084f00000|  0%| F|  |TAMS 0x0000000084e00000, 0x0000000084e00000| Untracked 
|  25|0x0000000084f00000, 0x0000000084f00000, 0x0000000085000000|  0%| F|  |TAMS 0x0000000084f00000, 0x0000000084f00000| Untracked 
|  26|0x0000000085000000, 0x0000000085000000, 0x0000000085100000|  0%| F|  |TAMS 0x0000000085000000, 0x0000000085000000| Untracked 
|  27|0x0000000085100000, 0x0000000085100000, 0x0000000085200000|  0%| F|  |TAMS 0x0000000085100000, 0x0000000085100000| Untracked 
|  28|0x0000000085200000, 0x0000000085200000, 0x0000000085300000|  0%| F|  |TAMS 0x0000000085200000, 0x0000000085200000| Untracked 
|  29|0x0000000085300000, 0x0000000085300000, 0x0000000085400000|  0%| F|  |TAMS 0x0000000085300000, 0x0000000085300000| Untracked 
|  30|0x0000000085400000, 0x0000000085400000, 0x0000000085500000|  0%| F|  |TAMS 0x0000000085400000, 0x0000000085400000| Untracked 
|  31|0x0000000085500000, 0x0000000085500000, 0x0000000085600000|  0%| F|  |TAMS 0x0000000085500000, 0x0000000085500000| Untracked 
|  32|0x0000000085600000, 0x0000000085600000, 0x0000000085700000|  0%| F|  |TAMS 0x0000000085600000, 0x0000000085600000| Untracked 
|  33|0x0000000085700000, 0x0000000085700000, 0x0000000085800000|  0%| F|  |TAMS 0x0000000085700000, 0x0000000085700000| Untracked 
|  34|0x0000000085800000, 0x0000000085800000, 0x0000000085900000|  0%| F|  |TAMS 0x0000000085800000, 0x0000000085800000| Untracked 
|  35|0x0000000085900000, 0x0000000085900000, 0x0000000085a00000|  0%| F|  |TAMS 0x0000000085900000, 0x0000000085900000| Untracked 
|  36|0x0000000085a00000, 0x0000000085a00000, 0x0000000085b00000|  0%| F|  |TAMS 0x0000000085a00000, 0x0000000085a00000| Untracked 
|  37|0x0000000085b00000, 0x0000000085b00000, 0x0000000085c00000|  0%| F|  |TAMS 0x0000000085b00000, 0x0000000085b00000| Untracked 
|  38|0x0000000085c00000, 0x0000000085c00000, 0x0000000085d00000|  0%| F|  |TAMS 0x0000000085c00000, 0x0000000085c00000| Untracked 
|  39|0x0000000085d00000, 0x0000000085d00000, 0x0000000085e00000|  0%| F|  |TAMS 0x0000000085d00000, 0x0000000085d00000| Untracked 
|  40|0x0000000085e00000, 0x0000000085e00000, 0x0000000085f00000|  0%| F|  |TAMS 0x0000000085e00000, 0x0000000085e00000| Untracked 
|  41|0x0000000085f00000, 0x0000000085f00000, 0x0000000086000000|  0%| F|  |TAMS 0x0000000085f00000, 0x0000000085f00000| Untracked 
|  42|0x0000000086000000, 0x0000000086000000, 0x0000000086100000|  0%| F|  |TAMS 0x0000000086000000, 0x0000000086000000| Untracked 
|  43|0x0000000086100000, 0x0000000086100000, 0x0000000086200000|  0%| F|  |TAMS 0x0000000086100000, 0x0000000086100000| Untracked 
|  44|0x0000000086200000, 0x0000000086200000, 0x0000000086300000|  0%| F|  |TAMS 0x0000000086200000, 0x0000000086200000| Untracked 
|  45|0x0000000086300000, 0x0000000086300000, 0x0000000086400000|  0%| F|  |TAMS 0x0000000086300000, 0x0000000086300000| Untracked 
|  46|0x0000000086400000, 0x0000000086400000, 0x0000000086500000|  0%| F|  |TAMS 0x0000000086400000, 0x0000000086400000| Untracked 
|  47|0x0000000086500000, 0x0000000086500000, 0x0000000086600000|  0%| F|  |TAMS 0x0000000086500000, 0x0000000086500000| Untracked 
|  48|0x0000000086600000, 0x0000000086600000, 0x0000000086700000|  0%| F|  |TAMS 0x0000000086600000, 0x0000000086600000| Untracked 
|  49|0x0000000086700000, 0x0000000086700000, 0x0000000086800000|  0%| F|  |TAMS 0x0000000086700000, 0x0000000086700000| Untracked 
|  50|0x0000000086800000, 0x0000000086800000, 0x0000000086900000|  0%| F|  |TAMS 0x0000000086800000, 0x0000000086800000| Untracked 
|  51|0x0000000086900000, 0x0000000086900000, 0x0000000086a00000|  0%| F|  |TAMS 0x0000000086900000, 0x0000000086900000| Untracked 
|  52|0x0000000086a00000, 0x0000000086a00000, 0x0000000086b00000|  0%| F|  |TAMS 0x0000000086a00000, 0x0000000086a00000| Untracked 
|  53|0x0000000086b00000, 0x0000000086b00000, 0x0000000086c00000|  0%| F|  |TAMS 0x0000000086b00000, 0x0000000086b00000| Untracked 
|  54|0x0000000086c00000, 0x0000000086c00000, 0x0000000086d00000|  0%| F|  |TAMS 0x0000000086c00000, 0x0000000086c00000| Untracked 
|  55|0x0000000086d00000, 0x0000000086d00000, 0x0000000086e00000|  0%| F|  |TAMS 0x0000000086d00000, 0x0000000086d00000| Untracked 
|  56|0x0000000086e00000, 0x0000000086e00000, 0x0000000086f00000|  0%| F|  |TAMS 0x0000000086e00000, 0x0000000086e00000| Untracked 
|  57|0x0000000086f00000, 0x0000000086f00000, 0x0000000087000000|  0%| F|  |TAMS 0x0000000086f00000, 0x0000000086f00000| Untracked 
|  58|0x0000000087000000, 0x0000000087000000, 0x0000000087100000|  0%| F|  |TAMS 0x0000000087000000, 0x0000000087000000| Untracked 
|  59|0x0000000087100000, 0x0000000087100000, 0x0000000087200000|  0%| F|  |TAMS 0x0000000087100000, 0x0000000087100000| Untracked 
|  60|0x0000000087200000, 0x0000000087200000, 0x0000000087300000|  0%| F|  |TAMS 0x0000000087200000, 0x0000000087200000| Untracked 
|  61|0x0000000087300000, 0x0000000087300000, 0x0000000087400000|  0%| F|  |TAMS 0x0000000087300000, 0x0000000087300000| Untracked 
|  62|0x0000000087400000, 0x0000000087400000, 0x0000000087500000|  0%| F|  |TAMS 0x0000000087400000, 0x0000000087400000| Untracked 
|  63|0x0000000087500000, 0x0000000087500000, 0x0000000087600000|  0%| F|  |TAMS 0x0000000087500000, 0x0000000087500000| Untracked 
|  64|0x0000000087600000, 0x0000000087600000, 0x0000000087700000|  0%| F|  |TAMS 0x0000000087600000, 0x0000000087600000| Untracked 
|  65|0x0000000087700000, 0x0000000087700000, 0x0000000087800000|  0%| F|  |TAMS 0x0000000087700000, 0x0000000087700000| Untracked 
|  66|0x0000000087800000, 0x0000000087800000, 0x0000000087900000|  0%| F|  |TAMS 0x0000000087800000, 0x0000000087800000| Untracked 
|  67|0x0000000087900000, 0x0000000087900000, 0x0000000087a00000|  0%| F|  |TAMS 0x0000000087900000, 0x0000000087900000| Untracked 
|  68|0x0000000087a00000, 0x0000000087a00000, 0x0000000087b00000|  0%| F|  |TAMS 0x0000000087a00000, 0x0000000087a00000| Untracked 
|  69|0x0000000087b00000, 0x0000000087b00000, 0x0000000087c00000|  0%| F|  |TAMS 0x0000000087b00000, 0x0000000087b00000| Untracked 
|  70|0x0000000087c00000, 0x0000000087c00000, 0x0000000087d00000|  0%| F|  |TAMS 0x0000000087c00000, 0x0000000087c00000| Untracked 
|  71|0x0000000087d00000, 0x0000000087d00000, 0x0000000087e00000|  0%| F|  |TAMS 0x0000000087d00000, 0x0000000087d00000| Untracked 
|  72|0x0000000087e00000, 0x0000000087e00000, 0x0000000087f00000|  0%| F|  |TAMS 0x0000000087e00000, 0x0000000087e00000| Untracked 
|  73|0x0000000087f00000, 0x0000000087f00000, 0x0000000088000000|  0%| F|  |TAMS 0x0000000087f00000, 0x0000000087f00000| Untracked 
|  74|0x0000000088000000, 0x0000000088000000, 0x0000000088100000|  0%| F|  |TAMS 0x0000000088000000, 0x0000000088000000| Untracked 
|  75|0x0000000088100000, 0x0000000088100000, 0x0000000088200000|  0%| F|  |TAMS 0x0000000088100000, 0x0000000088100000| Untracked 
|  76|0x0000000088200000, 0x0000000088200000, 0x0000000088300000|  0%| F|  |TAMS 0x0000000088200000, 0x0000000088200000| Untracked 
|  77|0x0000000088300000, 0x0000000088300000, 0x0000000088400000|  0%| F|  |TAMS 0x0000000088300000, 0x0000000088300000| Untracked 
|  78|0x0000000088400000, 0x0000000088400000, 0x0000000088500000|  0%| F|  |TAMS 0x0000000088400000, 0x0000000088400000| Untracked 
|  79|0x0000000088500000, 0x0000000088500000, 0x0000000088600000|  0%| F|  |TAMS 0x0000000088500000, 0x0000000088500000| Untracked 
|  80|0x0000000088600000, 0x0000000088600000, 0x0000000088700000|  0%| F|  |TAMS 0x0000000088600000, 0x0000000088600000| Untracked 
|  81|0x0000000088700000, 0x0000000088700000, 0x0000000088800000|  0%| F|  |TAMS 0x0000000088700000, 0x0000000088700000| Untracked 
|  82|0x0000000088800000, 0x0000000088800000, 0x0000000088900000|  0%| F|  |TAMS 0x0000000088800000, 0x0000000088800000| Untracked 
|  83|0x0000000088900000, 0x0000000088900000, 0x0000000088a00000|  0%| F|  |TAMS 0x0000000088900000, 0x0000000088900000| Untracked 
|  84|0x0000000088a00000, 0x0000000088a00000, 0x0000000088b00000|  0%| F|  |TAMS 0x0000000088a00000, 0x0000000088a00000| Untracked 
|  85|0x0000000088b00000, 0x0000000088b00000, 0x0000000088c00000|  0%| F|  |TAMS 0x0000000088b00000, 0x0000000088b00000| Untracked 
|  86|0x0000000088c00000, 0x0000000088c00000, 0x0000000088d00000|  0%| F|  |TAMS 0x0000000088c00000, 0x0000000088c00000| Untracked 
|  87|0x0000000088d00000, 0x0000000088d00000, 0x0000000088e00000|  0%| F|  |TAMS 0x0000000088d00000, 0x0000000088d00000| Untracked 
|  88|0x0000000088e00000, 0x0000000088e00000, 0x0000000088f00000|  0%| F|  |TAMS 0x0000000088e00000, 0x0000000088e00000| Untracked 
|  89|0x0000000088f00000, 0x0000000088f00000, 0x0000000089000000|  0%| F|  |TAMS 0x0000000088f00000, 0x0000000088f00000| Untracked 
|  90|0x0000000089000000, 0x0000000089000000, 0x0000000089100000|  0%| F|  |TAMS 0x0000000089000000, 0x0000000089000000| Untracked 
|  91|0x0000000089100000, 0x0000000089100000, 0x0000000089200000|  0%| F|  |TAMS 0x0000000089100000, 0x0000000089100000| Untracked 
|  92|0x0000000089200000, 0x0000000089200000, 0x0000000089300000|  0%| F|  |TAMS 0x0000000089200000, 0x0000000089200000| Untracked 
|  93|0x0000000089300000, 0x0000000089300000, 0x0000000089400000|  0%| F|  |TAMS 0x0000000089300000, 0x0000000089300000| Untracked 
|  94|0x0000000089400000, 0x0000000089400000, 0x0000000089500000|  0%| F|  |TAMS 0x0000000089400000, 0x0000000089400000| Untracked 
|  95|0x0000000089500000, 0x0000000089500000, 0x0000000089600000|  0%| F|  |TAMS 0x0000000089500000, 0x0000000089500000| Untracked 
|  96|0x0000000089600000, 0x0000000089600000, 0x0000000089700000|  0%| F|  |TAMS 0x0000000089600000, 0x0000000089600000| Untracked 
|  97|0x0000000089700000, 0x0000000089700000, 0x0000000089800000|  0%| F|  |TAMS 0x0000000089700000, 0x0000000089700000| Untracked 
|  98|0x0000000089800000, 0x0000000089800000, 0x0000000089900000|  0%| F|  |TAMS 0x0000000089800000, 0x0000000089800000| Untracked 
|  99|0x0000000089900000, 0x0000000089900000, 0x0000000089a00000|  0%| F|  |TAMS 0x0000000089900000, 0x0000000089900000| Untracked 
| 100|0x0000000089a00000, 0x0000000089a00000, 0x0000000089b00000|  0%| F|  |TAMS 0x0000000089a00000, 0x0000000089a00000| Untracked 
| 101|0x0000000089b00000, 0x0000000089b00000, 0x0000000089c00000|  0%| F|  |TAMS 0x0000000089b00000, 0x0000000089b00000| Untracked 
| 102|0x0000000089c00000, 0x0000000089c00000, 0x0000000089d00000|  0%| F|  |TAMS 0x0000000089c00000, 0x0000000089c00000| Untracked 
| 103|0x0000000089d00000, 0x0000000089d00000, 0x0000000089e00000|  0%| F|  |TAMS 0x0000000089d00000, 0x0000000089d00000| Untracked 
| 104|0x0000000089e00000, 0x0000000089e00000, 0x0000000089f00000|  0%| F|  |TAMS 0x0000000089e00000, 0x0000000089e00000| Untracked 
| 105|0x0000000089f00000, 0x0000000089f00000, 0x000000008a000000|  0%| F|  |TAMS 0x0000000089f00000, 0x0000000089f00000| Untracked 
| 106|0x000000008a000000, 0x000000008a000000, 0x000000008a100000|  0%| F|  |TAMS 0x000000008a000000, 0x000000008a000000| Untracked 
| 107|0x000000008a100000, 0x000000008a100000, 0x000000008a200000|  0%| F|  |TAMS 0x000000008a100000, 0x000000008a100000| Untracked 
| 108|0x000000008a200000, 0x000000008a200000, 0x000000008a300000|  0%| F|  |TAMS 0x000000008a200000, 0x000000008a200000| Untracked 
| 109|0x000000008a300000, 0x000000008a300000, 0x000000008a400000|  0%| F|  |TAMS 0x000000008a300000, 0x000000008a300000| Untracked 
| 110|0x000000008a400000, 0x000000008a400000, 0x000000008a500000|  0%| F|  |TAMS 0x000000008a400000, 0x000000008a400000| Untracked 
| 111|0x000000008a500000, 0x000000008a500000, 0x000000008a600000|  0%| F|  |TAMS 0x000000008a500000, 0x000000008a500000| Untracked 
| 112|0x000000008a600000, 0x000000008a600000, 0x000000008a700000|  0%| F|  |TAMS 0x000000008a600000, 0x000000008a600000| Untracked 
| 113|0x000000008a700000, 0x000000008a700000, 0x000000008a800000|  0%| F|  |TAMS 0x000000008a700000, 0x000000008a700000| Untracked 
| 114|0x000000008a800000, 0x000000008a800000, 0x000000008a900000|  0%| F|  |TAMS 0x000000008a800000, 0x000000008a800000| Untracked 
| 115|0x000000008a900000, 0x000000008a97cfe8, 0x000000008aa00000| 48%| E|  |TAMS 0x000000008a900000, 0x000000008a900000| Complete 
| 116|0x000000008aa00000, 0x000000008ab00000, 0x000000008ab00000|100%| E|CS|TAMS 0x000000008aa00000, 0x000000008aa00000| Complete 
| 117|0x000000008ab00000, 0x000000008ac00000, 0x000000008ac00000|100%| E|CS|TAMS 0x000000008ab00000, 0x000000008ab00000| Complete 
| 118|0x000000008ac00000, 0x000000008ad00000, 0x000000008ad00000|100%| E|  |TAMS 0x000000008ac00000, 0x000000008ac00000| Complete 
| 119|0x000000008ad00000, 0x000000008ae00000, 0x000000008ae00000|100%| E|CS|TAMS 0x000000008ad00000, 0x000000008ad00000| Complete 
| 120|0x000000008ae00000, 0x000000008af00000, 0x000000008af00000|100%| E|CS|TAMS 0x000000008ae00000, 0x000000008ae00000| Complete 
| 121|0x000000008af00000, 0x000000008b000000, 0x000000008b000000|100%| E|CS|TAMS 0x000000008af00000, 0x000000008af00000| Complete 
| 122|0x000000008b000000, 0x000000008b100000, 0x000000008b100000|100%| E|CS|TAMS 0x000000008b000000, 0x000000008b000000| Complete 
| 123|0x000000008b100000, 0x000000008b200000, 0x000000008b200000|100%| E|CS|TAMS 0x000000008b100000, 0x000000008b100000| Complete 
| 124|0x000000008b200000, 0x000000008b300000, 0x000000008b300000|100%| E|CS|TAMS 0x000000008b200000, 0x000000008b200000| Complete 
| 125|0x000000008b300000, 0x000000008b400000, 0x000000008b400000|100%| E|CS|TAMS 0x000000008b300000, 0x000000008b300000| Complete 

Card table byte_map: [0x0000002ddb180000,0x0000002ddb570000] _byte_map_base: 0x0000002ddad65000

Marking Bits (Prev, Next): (CMBitMap*) 0x0000002dc45592d0, (CMBitMap*) 0x0000002dc4559310
 Prev Bits: [0x0000002ddb960000, 0x0000002ddd888000)
 Next Bits: [0x0000002ddd890000, 0x0000002ddf7b8000)

Polling page: 0x0000002dc22c0000

Metaspace:

Usage:
  Non-class:      2.43 MB used.
      Class:    209.12 KB used.
       Both:      2.63 MB used.

Virtual space:
  Non-class space:        8.00 MB reserved,       2.44 MB ( 30%) committed,  1 nodes.
      Class space:        1.00 GB reserved,     320.00 KB ( <1%) committed,  1 nodes.
             Both:        1.01 GB reserved,       2.75 MB ( <1%) committed. 

Chunk freelists:
   Non-Class:  2.61 MB
       Class:  3.61 MB
        Both:  6.22 MB

MaxMetaspaceSize: unlimited
CompressedClassSpaceSize: 1.00 GB
Initial GC threshold: 21.00 MB
Current GC threshold: 21.00 MB
CDS: on
MetaspaceReclaimPolicy: balanced
 - commit_granule_bytes: 65536.
 - commit_granule_words: 8192.
 - virtual_space_node_default_size: 1048576.
 - enlarge_chunks_in_place: 1.
 - new_chunks_are_fully_committed: 0.
 - uncommit_free_chunks: 1.
 - use_allocation_guard: 0.
 - handle_deallocations: 1.


Internal statistics:

num_allocs_failed_limit: 0.
num_arena_births: 38.
num_arena_deaths: 0.
num_vsnodes_births: 2.
num_vsnodes_deaths: 0.
num_space_committed: 44.
num_space_uncommitted: 0.
num_chunks_returned_to_freelist: 0.
num_chunks_taken_from_freelist: 111.
num_chunk_merges: 0.
num_chunk_splits: 72.
num_chunks_enlarged: 53.
num_purges: 0.
num_inconsistent_stats: 0.

CodeHeap 'non-profiled nmethods': size=120000Kb used=180Kb max_used=180Kb free=119819Kb
 bounds [0x0000002dd3860000, 0x0000002dd3ad0000, 0x0000002ddad90000]
CodeHeap 'profiled nmethods': size=120000Kb used=856Kb max_used=856Kb free=119143Kb
 bounds [0x0000002dcbd90000, 0x0000002dcc000000, 0x0000002dd32c0000]
CodeHeap 'non-nmethods': size=5760Kb used=1469Kb max_used=1485Kb free=4290Kb
 bounds [0x0000002dd32c0000, 0x0000002dd3530000, 0x0000002dd3860000]
 total_blobs=1030 nmethods=525 adapters=418
 compilation: enabled
              stopped_count=0, restarted_count=0
 full_count=0

Compilation events (20 events):
Event: 10.972 Thread 0x0000002de1f687d0 nmethod 516 0x0000002dcbe60610 code [0x0000002dcbe607c0, 0x0000002dcbe60988]
Event: 10.974 Thread 0x0000002de1f687d0  517   !   3       java.util.jar.JarFile::isMultiRelease (33 bytes)
Event: 10.974 Thread 0x0000002de1f687d0 nmethod 517 0x0000002dcbe60a90 code [0x0000002dcbe60c40, 0x0000002dcbe60e48]
Event: 10.974 Thread 0x0000002de1f67310 nmethod 512 0x0000002dd388c790 code [0x0000002dd388c920, 0x0000002dd388cc18]
Event: 10.975 Thread 0x0000002de1f687d0  518       3       java.util.zip.ZipUtils::CENSIZ (9 bytes)
Event: 10.975 Thread 0x0000002de1f687d0 nmethod 518 0x0000002dcbe60f10 code [0x0000002dcbe610c0, 0x0000002dcbe61398]
Event: 10.975 Thread 0x0000002de1f687d0  519   !   3       jdk.internal.loader.BuiltinClassLoader::loadClassOrNull (143 bytes)
Event: 10.977 Thread 0x0000002de1f687d0 nmethod 519 0x0000002dcbe61510 code [0x0000002dcbe61840, 0x0000002dcbe62d78]
Event: 10.977 Thread 0x0000002de1f687d0  520       3       java.util.WeakHashMap::remove (131 bytes)
Event: 10.978 Thread 0x0000002de1f687d0 nmethod 520 0x0000002dcbe63610 code [0x0000002dcbe63860, 0x0000002dcbe643d8]
Event: 10.979 Thread 0x0000002de1f687d0  521       3       java.nio.ByteBuffer::position (8 bytes)
Event: 10.980 Thread 0x0000002de1f687d0 nmethod 521 0x0000002dcbe64810 code [0x0000002dcbe649a0, 0x0000002dcbe64ae8]
Event: 11.064 Thread 0x0000002de1f687d0  522       3       java.lang.ref.SoftReference::get (29 bytes)
Event: 11.064 Thread 0x0000002de1f687d0 nmethod 522 0x0000002dcbe64b90 code [0x0000002dcbe64d20, 0x0000002dcbe64ef8]
Event: 11.065 Thread 0x0000002de1f687d0  523       3       java.lang.String::equalsIgnoreCase (45 bytes)
Event: 11.066 Thread 0x0000002de1f687d0 nmethod 523 0x0000002dcbe64f90 code [0x0000002dcbe65180, 0x0000002dcbe656e8]
Event: 11.083 Thread 0x0000002de1f687d0  524       3       java.io.FilterInputStream::<init> (10 bytes)
Event: 11.084 Thread 0x0000002de1f687d0 nmethod 524 0x0000002dcbe65910 code [0x0000002dcbe65ac0, 0x0000002dcbe65cf8]
Event: 11.092 Thread 0x0000002de1f687d0  525       3       java.io.FileSystem::hasBooleanAttributes (17 bytes)
Event: 11.092 Thread 0x0000002de1f687d0 nmethod 525 0x0000002dcbe65e10 code [0x0000002dcbe65fc0, 0x0000002dcbe66168]

GC Heap History (0 events):
No events

Deoptimization events (20 events):
Event: 9.423 Thread 0x0000002dc44fed90 Uncommon trap: trap_request=0xffffffc6 fr.pc=0x0000002dd3879514 relative=0x00000000000002d4
Event: 9.423 Thread 0x0000002dc44fed90 Uncommon trap: reason=bimorphic_or_optimized_type_check action=maybe_recompile pc=0x0000002dd3879514 method=java.util.HashMap.getNode(Ljava/lang/Object;)Ljava/util/HashMap$Node; @ 63 c2
Event: 9.423 Thread 0x0000002dc44fed90 DEOPT PACKING pc=0x0000002dd3879514 sp=0x0000002dc3bdaee0
Event: 9.423 Thread 0x0000002dc44fed90 DEOPT UNPACKING pc=0x0000002dd33123a3 sp=0x0000002dc3bdae58 mode 2
Event: 9.425 Thread 0x0000002dc44fed90 Uncommon trap: trap_request=0xffffffc6 fr.pc=0x0000002dd3879514 relative=0x00000000000002d4
Event: 9.425 Thread 0x0000002dc44fed90 Uncommon trap: reason=bimorphic_or_optimized_type_check action=maybe_recompile pc=0x0000002dd3879514 method=java.util.HashMap.getNode(Ljava/lang/Object;)Ljava/util/HashMap$Node; @ 63 c2
Event: 9.425 Thread 0x0000002dc44fed90 DEOPT PACKING pc=0x0000002dd3879514 sp=0x0000002dc3bdaee0
Event: 9.425 Thread 0x0000002dc44fed90 DEOPT UNPACKING pc=0x0000002dd33123a3 sp=0x0000002dc3bdae58 mode 2
Event: 10.294 Thread 0x0000002dc44fed90 DEOPT PACKING pc=0x0000002dcbdb2068 sp=0x0000002dc3bd9580
Event: 10.294 Thread 0x0000002dc44fed90 DEOPT UNPACKING pc=0x0000002dd3312b43 sp=0x0000002dc3bd8a10 mode 0
Event: 10.957 Thread 0x0000002dc44fed90 DEOPT PACKING pc=0x0000002dcbdb6365 sp=0x0000002dc3bd67d0
Event: 10.957 Thread 0x0000002dc44fed90 DEOPT UNPACKING pc=0x0000002dd3312b43 sp=0x0000002dc3bd5c20 mode 0
Event: 10.961 Thread 0x0000002dc44fed90 Uncommon trap: trap_request=0xffffffc6 fr.pc=0x0000002dd3879514 relative=0x00000000000002d4
Event: 10.961 Thread 0x0000002dc44fed90 Uncommon trap: reason=bimorphic_or_optimized_type_check action=maybe_recompile pc=0x0000002dd3879514 method=java.util.HashMap.getNode(Ljava/lang/Object;)Ljava/util/HashMap$Node; @ 63 c2
Event: 10.961 Thread 0x0000002dc44fed90 DEOPT PACKING pc=0x0000002dd3879514 sp=0x0000002dc3bda290
Event: 10.961 Thread 0x0000002dc44fed90 DEOPT UNPACKING pc=0x0000002dd33123a3 sp=0x0000002dc3bda1f8 mode 2
Event: 10.961 Thread 0x0000002dc44fed90 Uncommon trap: trap_request=0xffffffc6 fr.pc=0x0000002dd3879514 relative=0x00000000000002d4
Event: 10.961 Thread 0x0000002dc44fed90 Uncommon trap: reason=bimorphic_or_optimized_type_check action=maybe_recompile pc=0x0000002dd3879514 method=java.util.HashMap.getNode(Ljava/lang/Object;)Ljava/util/HashMap$Node; @ 63 c2
Event: 10.961 Thread 0x0000002dc44fed90 DEOPT PACKING pc=0x0000002dd3879514 sp=0x0000002dc3bda290
Event: 10.961 Thread 0x0000002dc44fed90 DEOPT UNPACKING pc=0x0000002dd33123a3 sp=0x0000002dc3bda1f8 mode 2

Classes unloaded (0 events):
No events

Classes redefined (0 events):
No events

Internal exceptions (4 events):
Event: 8.822 Thread 0x0000002dc44fed90 Exception <a 'java/lang/NoSuchMethodError'{0x000000008af480e8}: 'java.lang.Object java.lang.invoke.DirectMethodHandle$Holder.invokeStatic(java.lang.Object, java.lang.Object, int)'> (0x000000008af480e8) 
thrown [s\open\src\hotspot\share\interpreter\linkResolver.cpp, line 759]
Event: 8.825 Thread 0x0000002dc44fed90 Exception <a 'java/lang/NoSuchMethodError'{0x000000008af53c78}: 'void java.lang.invoke.DelegatingMethodHandle$Holder.delegate(java.lang.Object, java.lang.Object, int, java.lang.Object)'> (0x000000008af53c78) 
thrown [s\open\src\hotspot\share\interpreter\linkResolver.cpp, line 759]
Event: 8.826 Thread 0x0000002dc44fed90 Exception <a 'java/lang/NoSuchMethodError'{0x000000008af57f28}: 'int java.lang.invoke.DirectMethodHandle$Holder.invokeSpecial(java.lang.Object, java.lang.Object, java.lang.Object)'> (0x000000008af57f28) 
thrown [s\open\src\hotspot\share\interpreter\linkResolver.cpp, line 759]
Event: 10.687 Thread 0x0000002dc44fed90 Exception <a 'java/lang/NoSuchMethodError'{0x000000008accc6b0}: 'java.lang.Object java.lang.invoke.DirectMethodHandle$Holder.invokeStaticInit(java.lang.Object)'> (0x000000008accc6b0) 
thrown [s\open\src\hotspot\share\interpreter\linkResolver.cpp, line 759]

VM Operations (19 events):
Event: 1.645 Executing VM operation: Cleanup
Event: 1.645 Executing VM operation: Cleanup done
Event: 3.413 Executing VM operation: HandshakeAllThreads
Event: 3.413 Executing VM operation: HandshakeAllThreads done
Event: 3.413 Executing VM operation: Cleanup
Event: 3.413 Executing VM operation: Cleanup done
Event: 4.413 Executing VM operation: Cleanup
Event: 4.413 Executing VM operation: Cleanup done
Event: 5.414 Executing VM operation: Cleanup
Event: 5.414 Executing VM operation: Cleanup done
Event: 6.415 Executing VM operation: Cleanup
Event: 6.415 Executing VM operation: Cleanup done
Event: 7.419 Executing VM operation: Cleanup
Event: 8.804 Executing VM operation: Cleanup done
Event: 9.805 Executing VM operation: Cleanup
Event: 9.805 Executing VM operation: Cleanup done
Event: 10.805 Executing VM operation: Cleanup
Event: 10.945 Executing VM operation: Cleanup done
Event: 11.945 Executing VM operation: Cleanup

Events (20 events):
Event: 9.385 loading class java/util/stream/Nodes$SpinedNodeBuilder
Event: 9.385 loading class java/util/stream/SpinedBuffer
Event: 9.386 loading class java/util/stream/AbstractSpinedBuffer
Event: 9.386 loading class java/util/stream/AbstractSpinedBuffer done
Event: 9.386 loading class java/util/stream/SpinedBuffer done
Event: 9.386 loading class java/util/stream/Nodes$SpinedNodeBuilder done
Event: 10.302 loading class java/math/MathContext
Event: 10.302 loading class java/math/MathContext done
Event: 10.691 loading class java/util/Collections$UnmodifiableMap$UnmodifiableEntrySet
Event: 10.693 loading class java/util/Collections$UnmodifiableMap$UnmodifiableEntrySet done
Event: 10.693 loading class java/util/Collections$UnmodifiableMap$UnmodifiableEntrySet$1
Event: 10.693 loading class java/util/Collections$UnmodifiableMap$UnmodifiableEntrySet$1 done
Event: 10.693 loading class java/util/Collections$UnmodifiableMap$UnmodifiableEntrySet$UnmodifiableEntry
Event: 10.693 loading class java/util/Collections$UnmodifiableMap$UnmodifiableEntrySet$UnmodifiableEntry done
Event: 10.948 loading class java/lang/ArrayIndexOutOfBoundsException
Event: 10.948 loading class java/lang/IndexOutOfBoundsException
Event: 10.948 loading class java/lang/IndexOutOfBoundsException done
Event: 10.948 loading class java/lang/ArrayIndexOutOfBoundsException done
Event: 10.949 loading class java/util/NoSuchElementException
Event: 10.949 loading class java/util/NoSuchElementException done


Dynamic libraries:
0x00007ff6b25f0000 - 0x00007ff6b2600000 	C:\Program Files\Java\jdk-17\bin\javaw.exe
0x00007ff8fb230000 - 0x00007ff8fb3f2000 	C:\Windows\SYSTEM32\ntdll.dll
0x00007ff8fa8a0000 - 0x00007ff8fa94d000 	C:\Windows\system32\KERNEL32.DLL
0x00007ff8f86c0000 - 0x00007ff8f889d000 	C:\Windows\system32\KERNELBASE.dll
0x00007ff8e3f80000 - 0x00007ff8e3f99000 	C:\Program Files\Java\jdk-17\bin\jli.dll
0x00007ff8fb180000 - 0x00007ff8fb226000 	C:\Windows\system32\ADVAPI32.dll
0x00007ff8f88f0000 - 0x00007ff8f898d000 	C:\Windows\system32\msvcrt.dll
0x00007ff8f8a50000 - 0x00007ff8f8aab000 	C:\Windows\system32\sechost.dll
0x00007ff8fae60000 - 0x00007ff8faf86000 	C:\Windows\system32\RPCRT4.dll
0x00007ff8fa040000 - 0x00007ff8fa18e000 	C:\Windows\system32\USER32.dll
0x00007ff8fa9c0000 - 0x00007ff8fab43000 	C:\Windows\system32\GDI32.dll
0x00007ff8e50d0000 - 0x00007ff8e50eb000 	C:\Program Files\Java\jdk-17\bin\VCRUNTIME140.dll
0x00007ff8f1850000 - 0x00007ff8f1942000 	C:\Windows\SYSTEM32\ucrtbase.dll
0x00007ff8f1cc0000 - 0x00007ff8f1f34000 	C:\Windows\WinSxS\amd64_microsoft.windows.common-controls_6595b64144ccf1df_6.0.10240.17184_none_f41d7a705752bce6\COMCTL32.dll
0x00007ff8f1f40000 - 0x00007ff8f1f4a000 	C:\Windows\SYSTEM32\VERSION.dll
0x00007ff8fa340000 - 0x00007ff8fa376000 	C:\Windows\system32\IMM32.DLL
0x00007ff8fa600000 - 0x00007ff8fa75c000 	C:\Windows\system32\MSCTF.dll
0x00007ff8f20a0000 - 0x00007ff8f20ac000 	C:\Program Files\Java\jdk-17\bin\vcruntime140_1.dll
0x00007ff8d8a50000 - 0x00007ff8d8ade000 	C:\Program Files\Java\jdk-17\bin\msvcp140.dll
0x00007ff8cdcb0000 - 0x00007ff8ce88d000 	C:\Program Files\Java\jdk-17\bin\server\jvm.dll
0x00007ff8fad00000 - 0x00007ff8fad08000 	C:\Windows\system32\PSAPI.DLL
0x00007ff8eeeb0000 - 0x00007ff8eeeb9000 	C:\Windows\SYSTEM32\WSOCK32.dll
0x00007ff8fab60000 - 0x00007ff8fabc9000 	C:\Windows\system32\WS2_32.dll
0x00007ff8fab50000 - 0x00007ff8fab58000 	C:\Windows\system32\NSI.dll
0x00007ff8f5ff0000 - 0x00007ff8f6013000 	C:\Windows\SYSTEM32\WINMM.dll
0x00007ff8f5eb0000 - 0x00007ff8f5edc000 	C:\Windows\SYSTEM32\WINMMBASE.dll
0x00007ff8f88a0000 - 0x00007ff8f88e4000 	C:\Windows\system32\cfgmgr32.dll
0x00007ff8f66b0000 - 0x00007ff8f66d7000 	C:\Windows\SYSTEM32\DEVOBJ.dll
0x00007ff8f7cc0000 - 0x00007ff8f7ccf000 	C:\Windows\system32\kernel.appcore.dll
0x00007ff8f0dc0000 - 0x00007ff8f0dca000 	C:\Program Files\Java\jdk-17\bin\jimage.dll
0x00007ff8f4d30000 - 0x00007ff8f4eba000 	C:\Windows\SYSTEM32\DBGHELP.DLL
0x00007ff8efbc0000 - 0x00007ff8efbe5000 	C:\Windows\SYSTEM32\dbgcore.DLL
0x00007ff8d8b60000 - 0x00007ff8d8b85000 	C:\Program Files\Java\jdk-17\bin\java.dll
0x00007ff8d7d60000 - 0x00007ff8d7e37000 	C:\Program Files\Java\jdk-17\bin\jsvml.dll
0x00007ff8f8ab0000 - 0x00007ff8f9fd3000 	C:\Windows\system32\SHELL32.dll
0x00007ff8f7f20000 - 0x00007ff8f8549000 	C:\Windows\system32\windows.storage.dll
0x00007ff8fa380000 - 0x00007ff8fa5fc000 	C:\Windows\system32\combase.dll
0x00007ff8faca0000 - 0x00007ff8facf1000 	C:\Windows\system32\shlwapi.dll
0x00007ff8f8600000 - 0x00007ff8f86b3000 	C:\Windows\system32\shcore.dll
0x00007ff8f7c70000 - 0x00007ff8f7cba000 	C:\Windows\system32\powrprof.dll
0x00007ff8f7cd0000 - 0x00007ff8f7ce3000 	C:\Windows\system32\profapi.dll
0x00007ff8e3bf0000 - 0x00007ff8e3c09000 	C:\Program Files\Java\jdk-17\bin\net.dll
0x00007ff8f41a0000 - 0x00007ff8f4276000 	C:\Windows\SYSTEM32\WINHTTP.dll
0x00007ff8f7420000 - 0x00007ff8f747d000 	C:\Windows\system32\mswsock.dll
0x00007ff8d9850000 - 0x00007ff8d9866000 	C:\Program Files\Java\jdk-17\bin\nio.dll
0x00007ff8d8dc0000 - 0x00007ff8d8dd8000 	C:\Program Files\Java\jdk-17\bin\zip.dll
0x00007ff8f02d0000 - 0x00007ff8f02e0000 	C:\Program Files\Java\jdk-17\bin\verify.dll

dbghelp: loaded successfully - version: 4.0.5 - missing functions: none
symbol engine: initialized successfully - sym options: 0x614 - pdb path: .;C:\Program Files\Java\jdk-17\bin;C:\Windows\SYSTEM32;C:\Windows\WinSxS\amd64_microsoft.windows.common-controls_6595b64144ccf1df_6.0.10240.17184_none_f41d7a705752bce6;C:\Program Files\Java\jdk-17\bin\server

VM Arguments:
jvm_args: -Dfile.encoding=UTF-8 -XX:+ShowCodeDetailsInExceptionMessages 
java_command: DriverClass
java_class_path (initial): C:\Java\restAssuredDriverClassFreamwork\target\classes;C:\Users\Manu\.m2\repository\io\rest-assured\rest-assured\5.3.0\rest-assured-5.3.0.jar;C:\Users\Manu\.m2\repository\org\apache\groovy\groovy\4.0.6\groovy-4.0.6.jar;C:\Users\Manu\.m2\repository\org\apache\groovy\groovy-xml\4.0.6\groovy-xml-4.0.6.jar;C:\Users\Manu\.m2\repository\org\apache\httpcomponents\httpclient\4.5.13\httpclient-4.5.13.jar;C:\Users\Manu\.m2\repository\org\apache\httpcomponents\httpcore\4.4.13\httpcore-4.4.13.jar;C:\Users\Manu\.m2\repository\commons-logging\commons-logging\1.2\commons-logging-1.2.jar;C:\Users\Manu\.m2\repository\org\apache\httpcomponents\httpmime\4.5.13\httpmime-4.5.13.jar;C:\Users\Manu\.m2\repository\org\hamcrest\hamcrest\2.1\hamcrest-2.1.jar;C:\Users\Manu\.m2\repository\org\ccil\cowan\tagsoup\tagsoup\1.2.1\tagsoup-1.2.1.jar;C:\Users\Manu\.m2\repository\io\rest-assured\json-path\5.3.0\json-path-5.3.0.jar;C:\Users\Manu\.m2\repository\org\apache\groovy\groovy-json\4.0.6\groovy-json-4.0.6.jar;C:\Users\Manu\.m2\repository\io\rest-assured\rest-assured-common\5.3.0\rest-assured-common-5.3.0.jar;C:\Users\Manu\.m2\repository\io\rest-assured\xml-path\5.3.0\xml-path-5.3.0.jar;C:\Users\Manu\.m2\repository\org\apache\commons\commons-lang3\3.11\commons-lang3-3.11.jar;C:\Users\Manu\.m2\repository\org\testng\testng\7.7.1\testng-7.7.1.jar;C:\Users\Manu\.m2\repository\org\slf4j\slf4j-api\1.7.36\slf4j-api-1.7.36.jar;C:\Users\Manu\.m2\repository\com\beust\jcommander\1.82\jcommander-1.82.jar;C:\Users\Manu\.m2\repository\org\webjars\jquery\3.6.1\jquery-3.6.1.jar;C:\Users\Manu\.m2\repository\org\apache\poi\poi\5.2.3\poi-5.2.3.jar;C:\Users\Manu\.m2\repository\commons-codec\commons-codec\1.15\commons-codec-1.15.jar;C:\Users\Manu\.m2\repository\org\apache\commons\commons-collections4\4.4\commons-collections4-4.4.jar;C:\Users\Manu\.m2\repository\org\apache\commons\commons-math3\3.6.1\commons-math3-3.6.1.jar;C:\Users\Manu\.m2\repository\commons-io\commons-io\2.11.0\commons-i
Launcher Type: SUN_STANDARD

[Global flags]
     intx CICompilerCount                          = 3                                         {product} {ergonomic}
     uint ConcGCThreads                            = 1                                         {product} {ergonomic}
     uint G1ConcRefinementThreads                  = 4                                         {product} {ergonomic}
   size_t G1HeapRegionSize                         = 1048576                                   {product} {ergonomic}
    uintx GCDrainStackTargetSize                   = 64                                        {product} {ergonomic}
   size_t InitialHeapSize                          = 132120576                                 {product} {ergonomic}
   size_t MarkStackSize                            = 4194304                                   {product} {ergonomic}
   size_t MaxHeapSize                              = 2090860544                                {product} {ergonomic}
   size_t MaxNewSize                               = 1254096896                                {product} {ergonomic}
   size_t MinHeapDeltaBytes                        = 1048576                                   {product} {ergonomic}
   size_t MinHeapSize                              = 8388608                                   {product} {ergonomic}
    uintx NonNMethodCodeHeapSize                   = 5832780                                {pd product} {ergonomic}
    uintx NonProfiledCodeHeapSize                  = 122912730                              {pd product} {ergonomic}
    uintx ProfiledCodeHeapSize                     = 122912730                              {pd product} {ergonomic}
    uintx ReservedCodeCacheSize                    = 251658240                              {pd product} {ergonomic}
     bool SegmentedCodeCache                       = true                                      {product} {ergonomic}
     bool ShowCodeDetailsInExceptionMessages       = true                                   {manageable} {command line}
   size_t SoftMaxHeapSize                          = 2090860544                             {manageable} {ergonomic}
     bool UseCompressedClassPointers               = true                           {product lp64_product} {ergonomic}
     bool UseCompressedOops                        = true                           {product lp64_product} {ergonomic}
     bool UseG1GC                                  = true                                      {product} {ergonomic}
     bool UseLargePagesIndividualAllocation        = false                                  {pd product} {ergonomic}

Logging:
Log output configuration:
 #0: stdout all=warning uptime,level,tags
 #1: stderr all=off uptime,level,tags

Environment Variables:
JAVA_HOME=E:\Java\jdk-11.0.1;
PATH=C:\Program Files\Common Files\Oracle\Java\javapath;C:\Windows\system32;C:\Windows;C:\Windows\System32\Wbem;C:\Windows\System32\WindowsPowerShell\v1.0\;C:\Program Files (x86)\Microsoft SQL Server\100\Tools\Binn\;C:\Program Files\Microsoft SQL Server\100\Tools\Binn\;C:\Program Files\Microsoft SQL Server\100\DTS\Binn\;C:\Program Files\Microsoft\Web Platform Installer\;C:\Program Files (x86)\Microsoft ASP.NET\ASP.NET Web Pages\v1.0\;C:\Program Files\nodejs\;E:\Java\jdk-11.0.1\bin;C:\Users\Manu\AppData\Roaming\npm
USERNAME=Manu
OS=Windows_NT
PROCESSOR_IDENTIFIER=Intel64 Family 6 Model 142 Stepping 9, GenuineIntel



---------------  S Y S T E M  ---------------

OS:
 Windows 10 , 64 bit Build 10240 (10.0.10240.17113)
OS uptime: 4 days 20:03 hours

CPU: total 4 (initial active 4) (2 cores per cpu, 2 threads per core) family 6 model 142 stepping 9 microcode 0x3c, cx8, cmov, fxsr, ht, mmx, 3dnowpref, sse, sse2, sse3, ssse3, sse4.1, sse4.2, popcnt, lzcnt, tsc, tscinvbit, avx, avx2, aes, erms, clmul, bmi1, bmi2, adx, fma, vzeroupper, clflush, clflushopt

Memory: 4k page, system-wide physical 7975M (2908M free)
TotalPageFile size 9255M (AvailPageFile size 225M)
current process WorkingSet (physical memory assigned to process): 47M, peak: 52M
current process commit charge ("private bytes"): 206M, peak: 209M

vm_info: Java HotSpot(TM) 64-Bit Server VM (17.0.7+8-LTS-224) for windows-amd64 JRE (17.0.7+8-LTS-224), built on Feb 28 2023 23:03:02 by "mach5one" with MS VC++ 17.1 (VS2022)

END.
